Mon Mar 30 12:05:01 PDT 2020 - start
* # of countries 177
1/178 - TOTAL - last value from 2020-3-29 with 720117 cases, 33925 deaths, 149082 recovered, 537110 active cases.
2/178 - US - last value from 2020-3-29 with 140886 cases, 2467 deaths, 2665 recovered, 135754 active cases.
3/178 - Italy - last value from 2020-3-29 with 97689 cases, 10779 deaths, 13030 recovered, 73880 active cases.
4/178 - China - last value from 2020-3-29 with 82122 cases, 3304 deaths, 75582 recovered, 3236 active cases.
5/178 - Spain - last value from 2020-3-29 with 80110 cases, 6803 deaths, 14709 recovered, 58598 active cases.
6/178 - Germany - last value from 2020-3-29 with 62095 cases, 533 deaths, 9211 recovered, 52351 active cases.
7/178 - France - last value from 2020-3-29 with 40708 cases, 2611 deaths, 7226 recovered, 30871 active cases.
8/178 - Iran - last value from 2020-3-29 with 38309 cases, 2640 deaths, 12391 recovered, 23278 active cases.
9/178 - United Kingdom - last value from 2020-3-29 with 19780 cases, 1231 deaths, 151 recovered, 18398 active cases.
10/178 - Switzerland - last value from 2020-3-29 with 14829 cases, 300 deaths, 1595 recovered, 12934 active cases.
11/178 - Netherlands - last value from 2020-3-29 with 10930 cases, 772 deaths, 253 recovered, 9905 active cases.
12/178 - Belgium - last value from 2020-3-29 with 10836 cases, 431 deaths, 1359 recovered, 9046 active cases.
13/178 - Korea, South - last value from 2020-3-29 with 9583 cases, 152 deaths, 5033 recovered, 4398 active cases.
14/178 - Turkey - last value from 2020-3-29 with 9217 cases, 131 deaths, 105 recovered, 8981 active cases.
15/178 - Austria - last value from 2020-3-29 with 8788 cases, 86 deaths, 479 recovered, 8223 active cases.
16/178 - Canada - last value from 2020-3-29 with 6280 cases, 64 deaths, 466 recovered, 5750 active cases.
17/178 - Portugal - last value from 2020-3-29 with 5962 cases, 119 deaths, 43 recovered, 5800 active cases.
18/178 - Norway - last value from 2020-3-29 with 4284 cases, 25 deaths, 7 recovered, 4252 active cases.
19/178 - Brazil - last value from 2020-3-29 with 4256 cases, 136 deaths, 6 recovered, 4114 active cases.
20/178 - Israel - last value from 2020-3-29 with 4247 cases, 15 deaths, 132 recovered, 4100 active cases.
21/178 - Australia - last value from 2020-3-29 with 3984 cases, 16 deaths, 244 recovered, 3724 active cases.
22/178 - Sweden - last value from 2020-3-29 with 3700 cases, 110 deaths, 16 recovered, 3574 active cases.
23/178 - Czechia - last value from 2020-3-29 with 2817 cases, 16 deaths, 11 recovered, 2790 active cases.
24/178 - Ireland - last value from 2020-3-29 with 2615 cases, 46 deaths, 5 recovered, 2564 active cases.
25/178 - Denmark - last value from 2020-3-29 with 2564 cases, 72 deaths, 73 recovered, 2419 active cases.
26/178 - Malaysia - last value from 2020-3-29 with 2470 cases, 35 deaths, 388 recovered, 2047 active cases.
27/178 - Chile - last value from 2020-3-29 with 2139 cases, 7 deaths, 75 recovered, 2057 active cases.
28/178 - Luxembourg - last value from 2020-3-29 with 1950 cases, 21 deaths, 40 recovered, 1889 active cases.
29/178 - Ecuador - last value from 2020-3-29 with 1924 cases, 58 deaths, 3 recovered, 1863 active cases.
30/178 - Japan - last value from 2020-3-29 with 1866 cases, 54 deaths, 424 recovered, 1388 active cases.
31/178 - Poland - last value from 2020-3-29 with 1862 cases, 22 deaths, 7 recovered, 1833 active cases.
32/178 - Romania - last value from 2020-3-29 with 1815 cases, 43 deaths, 206 recovered, 1566 active cases.
33/178 - Pakistan - last value from 2020-3-29 with 1597 cases, 14 deaths, 29 recovered, 1554 active cases.
34/178 - Russia - last value from 2020-3-29 with 1534 cases, 8 deaths, 64 recovered, 1462 active cases.
35/178 - Philippines - last value from 2020-3-29 with 1418 cases, 71 deaths, 42 recovered, 1305 active cases.
36/178 - Thailand - last value from 2020-3-29 with 1388 cases, 7 deaths, 97 recovered, 1284 active cases.
37/178 - Saudi Arabia - last value from 2020-3-29 with 1299 cases, 8 deaths, 66 recovered, 1225 active cases.
38/178 - Indonesia - last value from 2020-3-29 with 1285 cases, 114 deaths, 64 recovered, 1107 active cases.
39/178 - South Africa - last value from 2020-3-29 with 1280 cases, 2 deaths, 31 recovered, 1247 active cases.
40/178 - Finland - last value from 2020-3-29 with 1240 cases, 11 deaths, 10 recovered, 1219 active cases.
41/178 - Greece - last value from 2020-3-29 with 1156 cases, 38 deaths, 52 recovered, 1066 active cases.
42/178 - India - last value from 2020-3-29 with 1024 cases, 27 deaths, 95 recovered, 902 active cases.
43/178 - Iceland - last value from 2020-3-29 with 1020 cases, 2 deaths, 135 recovered, 883 active cases.
44/178 - Panama - last value from 2020-3-29 with 901 cases, 17 deaths, 4 recovered, 880 active cases.
45/178 - Dominican Republic - last value from 2020-3-29 with 859 cases, 39 deaths, 3 recovered, 817 active cases.
46/178 - Peru - last value from 2020-3-29 with 852 cases, 18 deaths, 16 recovered, 818 active cases.
47/178 - Mexico - last value from 2020-3-29 with 848 cases, 16 deaths, 4 recovered, 828 active cases.
48/178 - Singapore - last value from 2020-3-29 with 844 cases, 3 deaths, 212 recovered, 629 active cases.
49/178 - Argentina - last value from 2020-3-29 with 745 cases, 19 deaths, 72 recovered, 654 active cases.
50/178 - Serbia - last value from 2020-3-29 with 741 cases, 13 deaths, 0 recovered, 728 active cases.
51/178 - Slovenia - last value from 2020-3-29 with 730 cases, 11 deaths, 10 recovered, 709 active cases.
52/178 - Croatia - last value from 2020-3-29 with 713 cases, 6 deaths, 52 recovered, 655 active cases.
53/178 - Diamond Princess - last value from 2020-3-29 with 712 cases, 10 deaths, 603 recovered, 99 active cases.
54/178 - Colombia - last value from 2020-3-29 with 702 cases, 10 deaths, 10 recovered, 682 active cases.
55/178 - Estonia - last value from 2020-3-29 with 679 cases, 3 deaths, 20 recovered, 656 active cases.
56/178 - Qatar - last value from 2020-3-29 with 634 cases, 1 deaths, 48 recovered, 585 active cases.
57/178 - Egypt - last value from 2020-3-29 with 609 cases, 40 deaths, 132 recovered, 437 active cases.
58/178 - United Arab Emirates - last value from 2020-3-29 with 570 cases, 3 deaths, 58 recovered, 509 active cases.
59/178 - Iraq - last value from 2020-3-29 with 547 cases, 42 deaths, 143 recovered, 362 active cases.
60/178 - New Zealand - last value from 2020-3-29 with 514 cases, 1 deaths, 56 recovered, 457 active cases.
61/178 - Algeria - last value from 2020-3-29 with 511 cases, 31 deaths, 31 recovered, 449 active cases.
62/178 - Bahrain - last value from 2020-3-29 with 499 cases, 4 deaths, 272 recovered, 223 active cases.
63/178 - Morocco - last value from 2020-3-29 with 479 cases, 26 deaths, 13 recovered, 440 active cases.
64/178 - Ukraine - last value from 2020-3-29 with 475 cases, 10 deaths, 6 recovered, 459 active cases.
65/178 - Lithuania - last value from 2020-3-29 with 460 cases, 7 deaths, 1 recovered, 452 active cases.
66/178 - Lebanon - last value from 2020-3-29 with 438 cases, 10 deaths, 30 recovered, 398 active cases.
67/178 - Armenia - last value from 2020-3-29 with 424 cases, 3 deaths, 30 recovered, 391 active cases.
68/178 - Hungary - last value from 2020-3-29 with 408 cases, 13 deaths, 34 recovered, 361 active cases.
69/178 - Latvia - last value from 2020-3-29 with 347 cases, 0 deaths, 1 recovered, 346 active cases.
70/178 - Bulgaria - last value from 2020-3-29 with 346 cases, 8 deaths, 14 recovered, 324 active cases.
71/178 - Andorra - last value from 2020-3-29 with 334 cases, 6 deaths, 1 recovered, 327 active cases.
72/178 - Bosnia and Herzegovina - last value from 2020-3-29 with 323 cases, 6 deaths, 8 recovered, 309 active cases.
73/178 - Costa Rica - last value from 2020-3-29 with 314 cases, 2 deaths, 3 recovered, 309 active cases.
74/178 - Slovakia - last value from 2020-3-29 with 314 cases, 0 deaths, 2 recovered, 312 active cases.
75/178 - Tunisia - last value from 2020-3-29 with 312 cases, 8 deaths, 2 recovered, 302 active cases.
76/178 - Uruguay - last value from 2020-3-29 with 304 cases, 1 deaths, 0 recovered, 303 active cases.
77/178 - Taiwan* - last value from 2020-3-29 with 298 cases, 2 deaths, 30 recovered, 266 active cases.
78/178 - Kazakhstan - last value from 2020-3-29 with 284 cases, 1 deaths, 20 recovered, 263 active cases.
79/178 - Moldova - last value from 2020-3-29 with 263 cases, 2 deaths, 2 recovered, 259 active cases.
80/178 - Jordan - last value from 2020-3-29 with 259 cases, 3 deaths, 18 recovered, 238 active cases.
81/178 - North Macedonia - last value from 2020-3-29 with 259 cases, 6 deaths, 3 recovered, 250 active cases.
82/178 - Kuwait - last value from 2020-3-29 with 255 cases, 0 deaths, 67 recovered, 188 active cases.
83/178 - San Marino - last value from 2020-3-29 with 224 cases, 22 deaths, 6 recovered, 196 active cases.
84/178 - Burkina Faso - last value from 2020-3-29 with 222 cases, 12 deaths, 23 recovered, 187 active cases.
85/178 - Cyprus - last value from 2020-3-29 with 214 cases, 5 deaths, 15 recovered, 194 active cases.
86/178 - Albania - last value from 2020-3-29 with 212 cases, 10 deaths, 33 recovered, 169 active cases.
87/178 - Azerbaijan - last value from 2020-3-29 with 209 cases, 4 deaths, 15 recovered, 190 active cases.
88/178 - Vietnam - last value from 2020-3-29 with 188 cases, 0 deaths, 25 recovered, 163 active cases.
89/178 - Oman - last value from 2020-3-29 with 167 cases, 0 deaths, 23 recovered, 144 active cases.
90/178 - Cote d'Ivoire - last value from 2020-3-29 with 165 cases, 1 deaths, 4 recovered, 160 active cases.
91/178 - Ghana - last value from 2020-3-29 with 152 cases, 5 deaths, 2 recovered, 145 active cases.
92/178 - Malta - last value from 2020-3-29 with 151 cases, 0 deaths, 2 recovered, 149 active cases.
93/178 - Uzbekistan - last value from 2020-3-29 with 144 cases, 2 deaths, 7 recovered, 135 active cases.
94/178 - Senegal - last value from 2020-3-29 with 142 cases, 0 deaths, 27 recovered, 115 active cases.
95/178 - Cameroon - last value from 2020-3-29 with 139 cases, 6 deaths, 5 recovered, 128 active cases.
96/178 - Cuba - last value from 2020-3-29 with 139 cases, 3 deaths, 4 recovered, 132 active cases.
97/178 - Brunei - last value from 2020-3-29 with 126 cases, 1 deaths, 34 recovered, 91 active cases.
98/178 - Afghanistan - last value from 2020-3-29 with 120 cases, 4 deaths, 2 recovered, 114 active cases.
99/178 - Venezuela - last value from 2020-3-29 with 119 cases, 2 deaths, 39 recovered, 78 active cases.
100/178 - Sri Lanka - last value from 2020-3-29 with 117 cases, 1 deaths, 11 recovered, 105 active cases.
101/178 - Nigeria - last value from 2020-3-29 with 111 cases, 1 deaths, 3 recovered, 107 active cases.
102/178 - Honduras - last value from 2020-3-29 with 110 cases, 3 deaths, 3 recovered, 104 active cases.
103/178 - West Bank and Gaza - last value from 2020-3-29 with 109 cases, 1 deaths, 18 recovered, 90 active cases.
104/178 - Mauritius - last value from 2020-3-29 with 107 cases, 3 deaths, 0 recovered, 104 active cases.
105/178 - Cambodia - last value from 2020-3-29 with 103 cases, 0 deaths, 21 recovered, 82 active cases.
106/178 - Belarus - last value from 2020-3-29 with 94 cases, 0 deaths, 32 recovered, 62 active cases.
107/178 - Kosovo - last value from 2020-3-29 with 94 cases, 1 deaths, 1 recovered, 92 active cases.
108/178 - Georgia - last value from 2020-3-29 with 91 cases, 0 deaths, 18 recovered, 73 active cases.
109/178 - Montenegro - last value from 2020-3-29 with 85 cases, 1 deaths, 0 recovered, 84 active cases.
110/178 - Kyrgyzstan - last value from 2020-3-29 with 84 cases, 0 deaths, 0 recovered, 84 active cases.
111/178 - Bolivia - last value from 2020-3-29 with 81 cases, 1 deaths, 0 recovered, 80 active cases.
112/178 - Trinidad and Tobago - last value from 2020-3-29 with 78 cases, 3 deaths, 1 recovered, 74 active cases.
113/178 - Rwanda - last value from 2020-3-29 with 70 cases, 0 deaths, 0 recovered, 70 active cases.
114/178 - Congo (Kinshasa) - last value from 2020-3-29 with 65 cases, 6 deaths, 2 recovered, 57 active cases.
115/178 - Paraguay - last value from 2020-3-29 with 59 cases, 3 deaths, 1 recovered, 55 active cases.
116/178 - Liechtenstein - last value from 2020-3-29 with 56 cases, 0 deaths, 0 recovered, 56 active cases.
117/178 - Bangladesh - last value from 2020-3-29 with 48 cases, 5 deaths, 15 recovered, 28 active cases.
118/178 - Monaco - last value from 2020-3-29 with 46 cases, 1 deaths, 1 recovered, 44 active cases.
119/178 - Kenya - last value from 2020-3-29 with 42 cases, 1 deaths, 1 recovered, 40 active cases.
120/178 - Madagascar - last value from 2020-3-29 with 39 cases, 0 deaths, 0 recovered, 39 active cases.
121/178 - Guatemala - last value from 2020-3-29 with 34 cases, 1 deaths, 10 recovered, 23 active cases.
122/178 - Barbados - last value from 2020-3-29 with 33 cases, 0 deaths, 0 recovered, 33 active cases.
123/178 - Uganda - last value from 2020-3-29 with 33 cases, 0 deaths, 0 recovered, 33 active cases.
124/178 - Jamaica - last value from 2020-3-29 with 32 cases, 1 deaths, 2 recovered, 29 active cases.
125/178 - Zambia - last value from 2020-3-29 with 29 cases, 0 deaths, 0 recovered, 29 active cases.
126/178 - Togo - last value from 2020-3-29 with 25 cases, 1 deaths, 1 recovered, 23 active cases.
127/178 - El Salvador - last value from 2020-3-29 with 24 cases, 0 deaths, 0 recovered, 24 active cases.
128/178 - Ethiopia - last value from 2020-3-29 with 21 cases, 0 deaths, 1 recovered, 20 active cases.
129/178 - Congo (Brazzaville) - last value from 2020-3-29 with 19 cases, 0 deaths, 0 recovered, 19 active cases.
130/178 - Djibouti - last value from 2020-3-29 with 18 cases, 0 deaths, 0 recovered, 18 active cases.
131/178 - Niger - last value from 2020-3-29 with 18 cases, 1 deaths, 0 recovered, 17 active cases.
132/178 - Mali - last value from 2020-3-29 with 18 cases, 1 deaths, 0 recovered, 17 active cases.
133/178 - Maldives - last value from 2020-3-29 with 17 cases, 0 deaths, 13 recovered, 4 active cases.
134/178 - Guinea - last value from 2020-3-29 with 16 cases, 0 deaths, 0 recovered, 16 active cases.
135/178 - Haiti - last value from 2020-3-29 with 15 cases, 0 deaths, 1 recovered, 14 active cases.
136/178 - Tanzania - last value from 2020-3-29 with 14 cases, 0 deaths, 1 recovered, 13 active cases.
137/178 - Equatorial Guinea - last value from 2020-3-29 with 12 cases, 0 deaths, 0 recovered, 12 active cases.
138/178 - Eritrea - last value from 2020-3-29 with 12 cases, 0 deaths, 0 recovered, 12 active cases.
139/178 - Mongolia - last value from 2020-3-29 with 12 cases, 0 deaths, 0 recovered, 12 active cases.
140/178 - Bahamas - last value from 2020-3-29 with 11 cases, 0 deaths, 1 recovered, 10 active cases.
141/178 - Namibia - last value from 2020-3-29 with 11 cases, 0 deaths, 2 recovered, 9 active cases.
142/178 - Dominica - last value from 2020-3-29 with 11 cases, 0 deaths, 0 recovered, 11 active cases.
143/178 - Burma - last value from 2020-3-29 with 10 cases, 0 deaths, 0 recovered, 10 active cases.
144/178 - Eswatini - last value from 2020-3-29 with 9 cases, 0 deaths, 0 recovered, 9 active cases.
145/178 - Saint Lucia - last value from 2020-3-29 with 9 cases, 0 deaths, 1 recovered, 8 active cases.
146/178 - Grenada - last value from 2020-3-29 with 9 cases, 0 deaths, 0 recovered, 9 active cases.
147/178 - Syria - last value from 2020-3-29 with 9 cases, 1 deaths, 0 recovered, 8 active cases.
148/178 - Guyana - last value from 2020-3-29 with 8 cases, 1 deaths, 0 recovered, 7 active cases.
149/178 - Seychelles - last value from 2020-3-29 with 8 cases, 0 deaths, 0 recovered, 8 active cases.
150/178 - Suriname - last value from 2020-3-29 with 8 cases, 0 deaths, 0 recovered, 8 active cases.
151/178 - Mozambique - last value from 2020-3-29 with 8 cases, 0 deaths, 0 recovered, 8 active cases.
152/178 - Laos - last value from 2020-3-29 with 8 cases, 0 deaths, 0 recovered, 8 active cases.
153/178 - Libya - last value from 2020-3-29 with 8 cases, 0 deaths, 0 recovered, 8 active cases.
154/178 - Angola - last value from 2020-3-29 with 7 cases, 2 deaths, 0 recovered, 5 active cases.
155/178 - Antigua and Barbuda - last value from 2020-3-29 with 7 cases, 0 deaths, 0 recovered, 7 active cases.
156/178 - Gabon - last value from 2020-3-29 with 7 cases, 1 deaths, 0 recovered, 6 active cases.
157/178 - Zimbabwe - last value from 2020-3-29 with 7 cases, 1 deaths, 0 recovered, 6 active cases.
158/178 - Benin - last value from 2020-3-29 with 6 cases, 0 deaths, 0 recovered, 6 active cases.
159/178 - Cabo Verde - last value from 2020-3-29 with 6 cases, 1 deaths, 0 recovered, 5 active cases.
160/178 - Holy See - last value from 2020-3-29 with 6 cases, 0 deaths, 0 recovered, 6 active cases.
161/178 - Sudan - last value from 2020-3-29 with 6 cases, 1 deaths, 0 recovered, 5 active cases.
162/178 - Fiji - last value from 2020-3-29 with 5 cases, 0 deaths, 0 recovered, 5 active cases.
163/178 - Mauritania - last value from 2020-3-29 with 5 cases, 0 deaths, 2 recovered, 3 active cases.
164/178 - Nepal - last value from 2020-3-29 with 5 cases, 0 deaths, 1 recovered, 4 active cases.
165/178 - Bhutan - last value from 2020-3-29 with 4 cases, 0 deaths, 0 recovered, 4 active cases.
166/178 - Gambia - last value from 2020-3-29 with 4 cases, 1 deaths, 0 recovered, 3 active cases.
167/178 - Nicaragua - last value from 2020-3-29 with 4 cases, 1 deaths, 0 recovered, 3 active cases.
168/178 - Central African Republic - last value from 2020-3-29 with 3 cases, 0 deaths, 0 recovered, 3 active cases.
169/178 - Chad - last value from 2020-3-29 with 3 cases, 0 deaths, 0 recovered, 3 active cases.
170/178 - Liberia - last value from 2020-3-29 with 3 cases, 0 deaths, 0 recovered, 3 active cases.
171/178 - Somalia - last value from 2020-3-29 with 3 cases, 0 deaths, 0 recovered, 3 active cases.
172/178 - Belize - last value from 2020-3-29 with 2 cases, 0 deaths, 0 recovered, 2 active cases.
173/178 - Guinea-Bissau - last value from 2020-3-29 with 2 cases, 0 deaths, 0 recovered, 2 active cases.
174/178 - Saint Kitts and Nevis - last value from 2020-3-29 with 2 cases, 0 deaths, 0 recovered, 2 active cases.
175/178 - MS Zaandam - last value from 2020-3-29 with 2 cases, 0 deaths, 0 recovered, 2 active cases.
176/178 - Papua New Guinea - last value from 2020-3-29 with 1 cases, 0 deaths, 0 recovered, 1 active cases.
177/178 - Saint Vincent and the Grenadines - last value from 2020-3-29 with 1 cases, 0 deaths, 1 recovered, 0 active cases.
178/178 - Timor-Leste - last value from 2020-3-29 with 1 cases, 0 deaths, 0 recovered, 1 active cases.
Generating plots done!
Mon Mar 30 12:07:54 PDT 2020 - end
