Thu Mar 26 18:05:01 PDT 2020 - start
* # of countries 175
1/176 - TOTAL - last value from 2020-3-26 with 529591 cases, 23970 deaths, 0 recovered, 505621 active cases.
2/176 - US - last value from 2020-3-26 with 83836 cases, 1209 deaths, 0 recovered, 82627 active cases.
3/176 - China - last value from 2020-3-26 with 81782 cases, 3291 deaths, 0 recovered, 78491 active cases.
4/176 - Italy - last value from 2020-3-26 with 80589 cases, 8215 deaths, 0 recovered, 72374 active cases.
5/176 - Spain - last value from 2020-3-26 with 57786 cases, 4365 deaths, 0 recovered, 53421 active cases.
6/176 - Germany - last value from 2020-3-26 with 43938 cases, 267 deaths, 0 recovered, 43671 active cases.
7/176 - France - last value from 2020-3-26 with 29551 cases, 1698 deaths, 0 recovered, 27853 active cases.
8/176 - Iran - last value from 2020-3-26 with 29406 cases, 2234 deaths, 0 recovered, 27172 active cases.
9/176 - United Kingdom - last value from 2020-3-26 with 11812 cases, 580 deaths, 0 recovered, 11232 active cases.
10/176 - Switzerland - last value from 2020-3-26 with 11811 cases, 191 deaths, 0 recovered, 11620 active cases.
11/176 - Korea, South - last value from 2020-3-26 with 9241 cases, 131 deaths, 0 recovered, 9110 active cases.
12/176 - Netherlands - last value from 2020-3-26 with 7468 cases, 435 deaths, 0 recovered, 7033 active cases.
13/176 - Austria - last value from 2020-3-26 with 6909 cases, 49 deaths, 0 recovered, 6860 active cases.
14/176 - Belgium - last value from 2020-3-26 with 6235 cases, 220 deaths, 0 recovered, 6015 active cases.
15/176 - Canada - last value from 2020-3-26 with 4042 cases, 38 deaths, 0 recovered, 4004 active cases.
16/176 - Turkey - last value from 2020-3-26 with 3629 cases, 75 deaths, 0 recovered, 3554 active cases.
17/176 - Portugal - last value from 2020-3-26 with 3544 cases, 60 deaths, 0 recovered, 3484 active cases.
18/176 - Norway - last value from 2020-3-26 with 3369 cases, 14 deaths, 0 recovered, 3355 active cases.
19/176 - Brazil - last value from 2020-3-26 with 2985 cases, 77 deaths, 0 recovered, 2908 active cases.
20/176 - Sweden - last value from 2020-3-26 with 2840 cases, 77 deaths, 0 recovered, 2763 active cases.
21/176 - Australia - last value from 2020-3-26 with 2810 cases, 13 deaths, 0 recovered, 2797 active cases.
22/176 - Israel - last value from 2020-3-26 with 2693 cases, 8 deaths, 0 recovered, 2685 active cases.
23/176 - Malaysia - last value from 2020-3-26 with 2031 cases, 23 deaths, 0 recovered, 2008 active cases.
24/176 - Denmark - last value from 2020-3-26 with 2023 cases, 41 deaths, 0 recovered, 1982 active cases.
25/176 - Czechia - last value from 2020-3-26 with 1925 cases, 9 deaths, 0 recovered, 1916 active cases.
26/176 - Ireland - last value from 2020-3-26 with 1819 cases, 19 deaths, 0 recovered, 1800 active cases.
27/176 - Luxembourg - last value from 2020-3-26 with 1453 cases, 9 deaths, 0 recovered, 1444 active cases.
28/176 - Ecuador - last value from 2020-3-26 with 1403 cases, 34 deaths, 0 recovered, 1369 active cases.
29/176 - Japan - last value from 2020-3-26 with 1387 cases, 47 deaths, 0 recovered, 1340 active cases.
30/176 - Chile - last value from 2020-3-26 with 1306 cases, 4 deaths, 0 recovered, 1302 active cases.
31/176 - Poland - last value from 2020-3-26 with 1221 cases, 16 deaths, 0 recovered, 1205 active cases.
32/176 - Pakistan - last value from 2020-3-26 with 1201 cases, 9 deaths, 0 recovered, 1192 active cases.
33/176 - Thailand - last value from 2020-3-26 with 1045 cases, 4 deaths, 0 recovered, 1041 active cases.
34/176 - Romania - last value from 2020-3-26 with 1029 cases, 23 deaths, 0 recovered, 1006 active cases.
35/176 - Saudi Arabia - last value from 2020-3-26 with 1012 cases, 3 deaths, 0 recovered, 1009 active cases.
36/176 - Finland - last value from 2020-3-26 with 958 cases, 5 deaths, 0 recovered, 953 active cases.
37/176 - South Africa - last value from 2020-3-26 with 927 cases, 0 deaths, 0 recovered, 927 active cases.
38/176 - Indonesia - last value from 2020-3-26 with 893 cases, 78 deaths, 0 recovered, 815 active cases.
39/176 - Greece - last value from 2020-3-26 with 892 cases, 26 deaths, 0 recovered, 866 active cases.
40/176 - Russia - last value from 2020-3-26 with 840 cases, 3 deaths, 0 recovered, 837 active cases.
41/176 - Iceland - last value from 2020-3-26 with 802 cases, 2 deaths, 0 recovered, 800 active cases.
42/176 - India - last value from 2020-3-26 with 727 cases, 20 deaths, 0 recovered, 707 active cases.
43/176 - Diamond Princess - last value from 2020-3-26 with 712 cases, 10 deaths, 0 recovered, 702 active cases.
44/176 - Philippines - last value from 2020-3-26 with 707 cases, 45 deaths, 0 recovered, 662 active cases.
45/176 - Singapore - last value from 2020-3-26 with 683 cases, 2 deaths, 0 recovered, 681 active cases.
46/176 - Peru - last value from 2020-3-26 with 580 cases, 9 deaths, 0 recovered, 571 active cases.
47/176 - Slovenia - last value from 2020-3-26 with 562 cases, 6 deaths, 0 recovered, 556 active cases.
48/176 - Panama - last value from 2020-3-26 with 558 cases, 8 deaths, 0 recovered, 550 active cases.
49/176 - Qatar - last value from 2020-3-26 with 549 cases, 0 deaths, 0 recovered, 549 active cases.
50/176 - Estonia - last value from 2020-3-26 with 538 cases, 1 deaths, 0 recovered, 537 active cases.
51/176 - Argentina - last value from 2020-3-26 with 502 cases, 9 deaths, 0 recovered, 493 active cases.
52/176 - Croatia - last value from 2020-3-26 with 495 cases, 3 deaths, 0 recovered, 492 active cases.
53/176 - Egypt - last value from 2020-3-26 with 495 cases, 24 deaths, 0 recovered, 471 active cases.
54/176 - Colombia - last value from 2020-3-26 with 491 cases, 6 deaths, 0 recovered, 485 active cases.
55/176 - Dominican Republic - last value from 2020-3-26 with 488 cases, 10 deaths, 0 recovered, 478 active cases.
56/176 - Mexico - last value from 2020-3-26 with 475 cases, 6 deaths, 0 recovered, 469 active cases.
57/176 - Bahrain - last value from 2020-3-26 with 458 cases, 4 deaths, 0 recovered, 454 active cases.
58/176 - Serbia - last value from 2020-3-26 with 384 cases, 1 deaths, 0 recovered, 383 active cases.
59/176 - Iraq - last value from 2020-3-26 with 382 cases, 36 deaths, 0 recovered, 346 active cases.
60/176 - Lebanon - last value from 2020-3-26 with 368 cases, 6 deaths, 0 recovered, 362 active cases.
61/176 - Algeria - last value from 2020-3-26 with 367 cases, 25 deaths, 0 recovered, 342 active cases.
62/176 - United Arab Emirates - last value from 2020-3-26 with 333 cases, 2 deaths, 0 recovered, 331 active cases.
63/176 - Lithuania - last value from 2020-3-26 with 299 cases, 4 deaths, 0 recovered, 295 active cases.
64/176 - Armenia - last value from 2020-3-26 with 290 cases, 1 deaths, 0 recovered, 289 active cases.
65/176 - New Zealand - last value from 2020-3-26 with 283 cases, 0 deaths, 0 recovered, 283 active cases.
66/176 - Morocco - last value from 2020-3-26 with 275 cases, 11 deaths, 0 recovered, 264 active cases.
67/176 - Bulgaria - last value from 2020-3-26 with 264 cases, 3 deaths, 0 recovered, 261 active cases.
68/176 - Hungary - last value from 2020-3-26 with 261 cases, 10 deaths, 0 recovered, 251 active cases.
69/176 - Taiwan* - last value from 2020-3-26 with 252 cases, 2 deaths, 0 recovered, 250 active cases.
70/176 - Latvia - last value from 2020-3-26 with 244 cases, 0 deaths, 0 recovered, 244 active cases.
71/176 - Costa Rica - last value from 2020-3-26 with 231 cases, 2 deaths, 0 recovered, 229 active cases.
72/176 - Slovakia - last value from 2020-3-26 with 226 cases, 0 deaths, 0 recovered, 226 active cases.
73/176 - Andorra - last value from 2020-3-26 with 224 cases, 3 deaths, 0 recovered, 221 active cases.
74/176 - Uruguay - last value from 2020-3-26 with 217 cases, 0 deaths, 0 recovered, 217 active cases.
75/176 - Jordan - last value from 2020-3-26 with 212 cases, 0 deaths, 0 recovered, 212 active cases.
76/176 - Kuwait - last value from 2020-3-26 with 208 cases, 0 deaths, 0 recovered, 208 active cases.
77/176 - San Marino - last value from 2020-3-26 with 208 cases, 21 deaths, 0 recovered, 187 active cases.
78/176 - North Macedonia - last value from 2020-3-26 with 201 cases, 3 deaths, 0 recovered, 198 active cases.
79/176 - Tunisia - last value from 2020-3-26 with 197 cases, 6 deaths, 0 recovered, 191 active cases.
80/176 - Ukraine - last value from 2020-3-26 with 196 cases, 5 deaths, 0 recovered, 191 active cases.
81/176 - Bosnia and Herzegovina - last value from 2020-3-26 with 191 cases, 3 deaths, 0 recovered, 188 active cases.
82/176 - Moldova - last value from 2020-3-26 with 177 cases, 1 deaths, 0 recovered, 176 active cases.
83/176 - Albania - last value from 2020-3-26 with 174 cases, 6 deaths, 0 recovered, 168 active cases.
84/176 - Vietnam - last value from 2020-3-26 with 153 cases, 0 deaths, 0 recovered, 153 active cases.
85/176 - Burkina Faso - last value from 2020-3-26 with 152 cases, 7 deaths, 0 recovered, 145 active cases.
86/176 - Cyprus - last value from 2020-3-26 with 146 cases, 3 deaths, 0 recovered, 143 active cases.
87/176 - Malta - last value from 2020-3-26 with 134 cases, 0 deaths, 0 recovered, 134 active cases.
88/176 - Ghana - last value from 2020-3-26 with 132 cases, 4 deaths, 0 recovered, 128 active cases.
89/176 - Azerbaijan - last value from 2020-3-26 with 122 cases, 3 deaths, 0 recovered, 119 active cases.
90/176 - Brunei - last value from 2020-3-26 with 114 cases, 0 deaths, 0 recovered, 114 active cases.
91/176 - Kazakhstan - last value from 2020-3-26 with 111 cases, 1 deaths, 0 recovered, 110 active cases.
92/176 - Oman - last value from 2020-3-26 with 109 cases, 0 deaths, 0 recovered, 109 active cases.
93/176 - Venezuela - last value from 2020-3-26 with 107 cases, 0 deaths, 0 recovered, 107 active cases.
94/176 - Sri Lanka - last value from 2020-3-26 with 106 cases, 0 deaths, 0 recovered, 106 active cases.
95/176 - Senegal - last value from 2020-3-26 with 105 cases, 0 deaths, 0 recovered, 105 active cases.
96/176 - Cambodia - last value from 2020-3-26 with 96 cases, 0 deaths, 0 recovered, 96 active cases.
97/176 - Cote d'Ivoire - last value from 2020-3-26 with 96 cases, 0 deaths, 0 recovered, 96 active cases.
98/176 - Afghanistan - last value from 2020-3-26 with 94 cases, 4 deaths, 0 recovered, 90 active cases.
99/176 - Belarus - last value from 2020-3-26 with 86 cases, 0 deaths, 0 recovered, 86 active cases.
100/176 - West Bank and Gaza - last value from 2020-3-26 with 84 cases, 1 deaths, 0 recovered, 83 active cases.
101/176 - Mauritius - last value from 2020-3-26 with 81 cases, 2 deaths, 0 recovered, 79 active cases.
102/176 - Georgia - last value from 2020-3-26 with 79 cases, 0 deaths, 0 recovered, 79 active cases.
103/176 - Cameroon - last value from 2020-3-26 with 75 cases, 1 deaths, 0 recovered, 74 active cases.
104/176 - Uzbekistan - last value from 2020-3-26 with 75 cases, 0 deaths, 0 recovered, 75 active cases.
105/176 - Kosovo - last value from 2020-3-26 with 71 cases, 1 deaths, 0 recovered, 70 active cases.
106/176 - Montenegro - last value from 2020-3-26 with 69 cases, 1 deaths, 0 recovered, 68 active cases.
107/176 - Cuba - last value from 2020-3-26 with 67 cases, 2 deaths, 0 recovered, 65 active cases.
108/176 - Nigeria - last value from 2020-3-26 with 65 cases, 1 deaths, 0 recovered, 64 active cases.
109/176 - Trinidad and Tobago - last value from 2020-3-26 with 65 cases, 1 deaths, 0 recovered, 64 active cases.
110/176 - Liechtenstein - last value from 2020-3-26 with 56 cases, 0 deaths, 0 recovered, 56 active cases.
111/176 - Honduras - last value from 2020-3-26 with 52 cases, 1 deaths, 0 recovered, 51 active cases.
112/176 - Congo (Kinshasa) - last value from 2020-3-26 with 51 cases, 3 deaths, 0 recovered, 48 active cases.
113/176 - Rwanda - last value from 2020-3-26 with 50 cases, 0 deaths, 0 recovered, 50 active cases.
114/176 - Bangladesh - last value from 2020-3-26 with 44 cases, 5 deaths, 0 recovered, 39 active cases.
115/176 - Kyrgyzstan - last value from 2020-3-26 with 44 cases, 0 deaths, 0 recovered, 44 active cases.
116/176 - Bolivia - last value from 2020-3-26 with 43 cases, 0 deaths, 0 recovered, 43 active cases.
117/176 - Paraguay - last value from 2020-3-26 with 41 cases, 3 deaths, 0 recovered, 38 active cases.
118/176 - Monaco - last value from 2020-3-26 with 33 cases, 0 deaths, 0 recovered, 33 active cases.
119/176 - Kenya - last value from 2020-3-26 with 31 cases, 1 deaths, 0 recovered, 30 active cases.
120/176 - Jamaica - last value from 2020-3-26 with 26 cases, 1 deaths, 0 recovered, 25 active cases.
121/176 - Guatemala - last value from 2020-3-26 with 25 cases, 1 deaths, 0 recovered, 24 active cases.
122/176 - Madagascar - last value from 2020-3-26 with 23 cases, 0 deaths, 0 recovered, 23 active cases.
123/176 - Togo - last value from 2020-3-26 with 23 cases, 0 deaths, 0 recovered, 23 active cases.
124/176 - Barbados - last value from 2020-3-26 with 18 cases, 0 deaths, 0 recovered, 18 active cases.
125/176 - Zambia - last value from 2020-3-26 with 16 cases, 0 deaths, 0 recovered, 16 active cases.
126/176 - Uganda - last value from 2020-3-26 with 14 cases, 0 deaths, 0 recovered, 14 active cases.
127/176 - El Salvador - last value from 2020-3-26 with 13 cases, 0 deaths, 0 recovered, 13 active cases.
128/176 - Maldives - last value from 2020-3-26 with 13 cases, 0 deaths, 0 recovered, 13 active cases.
129/176 - Tanzania - last value from 2020-3-26 with 13 cases, 0 deaths, 0 recovered, 13 active cases.
130/176 - Equatorial Guinea - last value from 2020-3-26 with 12 cases, 0 deaths, 0 recovered, 12 active cases.
131/176 - Ethiopia - last value from 2020-3-26 with 12 cases, 0 deaths, 0 recovered, 12 active cases.
132/176 - Djibouti - last value from 2020-3-26 with 11 cases, 0 deaths, 0 recovered, 11 active cases.
133/176 - Mongolia - last value from 2020-3-26 with 11 cases, 0 deaths, 0 recovered, 11 active cases.
134/176 - Dominica - last value from 2020-3-26 with 11 cases, 0 deaths, 0 recovered, 11 active cases.
135/176 - Niger - last value from 2020-3-26 with 10 cases, 1 deaths, 0 recovered, 9 active cases.
136/176 - Bahamas - last value from 2020-3-26 with 9 cases, 0 deaths, 0 recovered, 9 active cases.
137/176 - Haiti - last value from 2020-3-26 with 8 cases, 0 deaths, 0 recovered, 8 active cases.
138/176 - Namibia - last value from 2020-3-26 with 8 cases, 0 deaths, 0 recovered, 8 active cases.
139/176 - Suriname - last value from 2020-3-26 with 8 cases, 0 deaths, 0 recovered, 8 active cases.
140/176 - Antigua and Barbuda - last value from 2020-3-26 with 7 cases, 0 deaths, 0 recovered, 7 active cases.
141/176 - Gabon - last value from 2020-3-26 with 7 cases, 1 deaths, 0 recovered, 6 active cases.
142/176 - Seychelles - last value from 2020-3-26 with 7 cases, 0 deaths, 0 recovered, 7 active cases.
143/176 - Grenada - last value from 2020-3-26 with 7 cases, 0 deaths, 0 recovered, 7 active cases.
144/176 - Mozambique - last value from 2020-3-26 with 7 cases, 0 deaths, 0 recovered, 7 active cases.
145/176 - Benin - last value from 2020-3-26 with 6 cases, 0 deaths, 0 recovered, 6 active cases.
146/176 - Eritrea - last value from 2020-3-26 with 6 cases, 0 deaths, 0 recovered, 6 active cases.
147/176 - Eswatini - last value from 2020-3-26 with 6 cases, 0 deaths, 0 recovered, 6 active cases.
148/176 - Laos - last value from 2020-3-26 with 6 cases, 0 deaths, 0 recovered, 6 active cases.
149/176 - Fiji - last value from 2020-3-26 with 5 cases, 0 deaths, 0 recovered, 5 active cases.
150/176 - Guyana - last value from 2020-3-26 with 5 cases, 1 deaths, 0 recovered, 4 active cases.
151/176 - Syria - last value from 2020-3-26 with 5 cases, 0 deaths, 0 recovered, 5 active cases.
152/176 - Angola - last value from 2020-3-26 with 4 cases, 0 deaths, 0 recovered, 4 active cases.
153/176 - Cabo Verde - last value from 2020-3-26 with 4 cases, 1 deaths, 0 recovered, 3 active cases.
154/176 - Congo (Brazzaville) - last value from 2020-3-26 with 4 cases, 0 deaths, 0 recovered, 4 active cases.
155/176 - Guinea - last value from 2020-3-26 with 4 cases, 0 deaths, 0 recovered, 4 active cases.
156/176 - Holy See - last value from 2020-3-26 with 4 cases, 0 deaths, 0 recovered, 4 active cases.
157/176 - Mali - last value from 2020-3-26 with 4 cases, 0 deaths, 0 recovered, 4 active cases.
158/176 - Central African Republic - last value from 2020-3-26 with 3 cases, 0 deaths, 0 recovered, 3 active cases.
159/176 - Chad - last value from 2020-3-26 with 3 cases, 0 deaths, 0 recovered, 3 active cases.
160/176 - Gambia - last value from 2020-3-26 with 3 cases, 1 deaths, 0 recovered, 2 active cases.
161/176 - Liberia - last value from 2020-3-26 with 3 cases, 0 deaths, 0 recovered, 3 active cases.
162/176 - Mauritania - last value from 2020-3-26 with 3 cases, 0 deaths, 0 recovered, 3 active cases.
163/176 - Nepal - last value from 2020-3-26 with 3 cases, 0 deaths, 0 recovered, 3 active cases.
164/176 - Saint Lucia - last value from 2020-3-26 with 3 cases, 0 deaths, 0 recovered, 3 active cases.
165/176 - Sudan - last value from 2020-3-26 with 3 cases, 1 deaths, 0 recovered, 2 active cases.
166/176 - Zimbabwe - last value from 2020-3-26 with 3 cases, 1 deaths, 0 recovered, 2 active cases.
167/176 - Bhutan - last value from 2020-3-26 with 2 cases, 0 deaths, 0 recovered, 2 active cases.
168/176 - Nicaragua - last value from 2020-3-26 with 2 cases, 0 deaths, 0 recovered, 2 active cases.
169/176 - Somalia - last value from 2020-3-26 with 2 cases, 0 deaths, 0 recovered, 2 active cases.
170/176 - Belize - last value from 2020-3-26 with 2 cases, 0 deaths, 0 recovered, 2 active cases.
171/176 - Guinea-Bissau - last value from 2020-3-26 with 2 cases, 0 deaths, 0 recovered, 2 active cases.
172/176 - Saint Kitts and Nevis - last value from 2020-3-26 with 2 cases, 0 deaths, 0 recovered, 2 active cases.
173/176 - Papua New Guinea - last value from 2020-3-26 with 1 cases, 0 deaths, 0 recovered, 1 active cases.
174/176 - Saint Vincent and the Grenadines - last value from 2020-3-26 with 1 cases, 0 deaths, 0 recovered, 1 active cases.
175/176 - Timor-Leste - last value from 2020-3-26 with 1 cases, 0 deaths, 0 recovered, 1 active cases.
176/176 - Libya - last value from 2020-3-26 with 1 cases, 0 deaths, 0 recovered, 1 active cases.
Generating plots done!
Thu Mar 26 18:07:50 PDT 2020 - end
