Sat Mar 28 06:05:01 PDT 2020 - start
* # of countries 176
1/177 - TOTAL - last value from 2020-3-27 with 593291 cases, 27198 deaths, 130915 recovered, 435178 active cases.
2/177 - US - last value from 2020-3-27 with 101657 cases, 1581 deaths, 869 recovered, 99207 active cases.
3/177 - Italy - last value from 2020-3-27 with 86498 cases, 9134 deaths, 10950 recovered, 66414 active cases.
4/177 - China - last value from 2020-3-27 with 81897 cases, 3296 deaths, 74720 recovered, 3881 active cases.
5/177 - Spain - last value from 2020-3-27 with 65719 cases, 5138 deaths, 9357 recovered, 51224 active cases.
6/177 - Germany - last value from 2020-3-27 with 50871 cases, 342 deaths, 6658 recovered, 43871 active cases.
7/177 - France - last value from 2020-3-27 with 33402 cases, 1997 deaths, 5707 recovered, 25698 active cases.
8/177 - Iran - last value from 2020-3-27 with 32332 cases, 2378 deaths, 11133 recovered, 18821 active cases.
9/177 - United Kingdom - last value from 2020-3-27 with 14745 cases, 761 deaths, 151 recovered, 13833 active cases.
10/177 - Switzerland - last value from 2020-3-27 with 12928 cases, 231 deaths, 1530 recovered, 11167 active cases.
11/177 - Korea, South - last value from 2020-3-27 with 9332 cases, 139 deaths, 4528 recovered, 4665 active cases.
12/177 - Netherlands - last value from 2020-3-27 with 8647 cases, 547 deaths, 6 recovered, 8094 active cases.
13/177 - Austria - last value from 2020-3-27 with 7657 cases, 58 deaths, 225 recovered, 7374 active cases.
14/177 - Belgium - last value from 2020-3-27 with 7284 cases, 289 deaths, 858 recovered, 6137 active cases.
15/177 - Turkey - last value from 2020-3-27 with 5698 cases, 92 deaths, 42 recovered, 5564 active cases.
16/177 - Canada - last value from 2020-3-27 with 4682 cases, 54 deaths, 256 recovered, 4372 active cases.
17/177 - Portugal - last value from 2020-3-27 with 4268 cases, 76 deaths, 43 recovered, 4149 active cases.
18/177 - Norway - last value from 2020-3-27 with 3755 cases, 19 deaths, 6 recovered, 3730 active cases.
19/177 - Brazil - last value from 2020-3-27 with 3417 cases, 92 deaths, 6 recovered, 3319 active cases.
20/177 - Australia - last value from 2020-3-27 with 3143 cases, 13 deaths, 194 recovered, 2936 active cases.
21/177 - Sweden - last value from 2020-3-27 with 3069 cases, 105 deaths, 16 recovered, 2948 active cases.
22/177 - Israel - last value from 2020-3-27 with 3035 cases, 12 deaths, 79 recovered, 2944 active cases.
23/177 - Czechia - last value from 2020-3-27 with 2279 cases, 9 deaths, 11 recovered, 2259 active cases.
24/177 - Denmark - last value from 2020-3-27 with 2200 cases, 52 deaths, 57 recovered, 2091 active cases.
25/177 - Malaysia - last value from 2020-3-27 with 2161 cases, 26 deaths, 259 recovered, 1876 active cases.
26/177 - Ireland - last value from 2020-3-27 with 2121 cases, 22 deaths, 5 recovered, 2094 active cases.
27/177 - Chile - last value from 2020-3-27 with 1610 cases, 5 deaths, 43 recovered, 1562 active cases.
28/177 - Luxembourg - last value from 2020-3-27 with 1605 cases, 15 deaths, 40 recovered, 1550 active cases.
29/177 - Ecuador - last value from 2020-3-27 with 1595 cases, 36 deaths, 3 recovered, 1556 active cases.
30/177 - Japan - last value from 2020-3-27 with 1468 cases, 49 deaths, 372 recovered, 1047 active cases.
31/177 - Poland - last value from 2020-3-27 with 1389 cases, 16 deaths, 7 recovered, 1366 active cases.
32/177 - Pakistan - last value from 2020-3-27 with 1373 cases, 11 deaths, 23 recovered, 1339 active cases.
33/177 - Romania - last value from 2020-3-27 with 1292 cases, 26 deaths, 115 recovered, 1151 active cases.
34/177 - South Africa - last value from 2020-3-27 with 1170 cases, 1 deaths, 31 recovered, 1138 active cases.
35/177 - Thailand - last value from 2020-3-27 with 1136 cases, 5 deaths, 97 recovered, 1034 active cases.
36/177 - Saudi Arabia - last value from 2020-3-27 with 1104 cases, 3 deaths, 35 recovered, 1066 active cases.
37/177 - Indonesia - last value from 2020-3-27 with 1046 cases, 87 deaths, 46 recovered, 913 active cases.
38/177 - Finland - last value from 2020-3-27 with 1041 cases, 7 deaths, 10 recovered, 1024 active cases.
39/177 - Russia - last value from 2020-3-27 with 1036 cases, 4 deaths, 45 recovered, 987 active cases.
40/177 - Greece - last value from 2020-3-27 with 966 cases, 28 deaths, 52 recovered, 886 active cases.
41/177 - Iceland - last value from 2020-3-27 with 890 cases, 2 deaths, 97 recovered, 791 active cases.
42/177 - India - last value from 2020-3-27 with 887 cases, 20 deaths, 73 recovered, 794 active cases.
43/177 - Philippines - last value from 2020-3-27 with 803 cases, 54 deaths, 31 recovered, 718 active cases.
44/177 - Singapore - last value from 2020-3-27 with 732 cases, 2 deaths, 183 recovered, 547 active cases.
45/177 - Diamond Princess - last value from 2020-3-27 with 712 cases, 10 deaths, 597 recovered, 105 active cases.
46/177 - Panama - last value from 2020-3-27 with 674 cases, 9 deaths, 2 recovered, 663 active cases.
47/177 - Peru - last value from 2020-3-27 with 635 cases, 11 deaths, 16 recovered, 608 active cases.
48/177 - Slovenia - last value from 2020-3-27 with 632 cases, 9 deaths, 10 recovered, 613 active cases.
49/177 - Argentina - last value from 2020-3-27 with 589 cases, 13 deaths, 72 recovered, 504 active cases.
50/177 - Croatia - last value from 2020-3-27 with 586 cases, 3 deaths, 37 recovered, 546 active cases.
51/177 - Mexico - last value from 2020-3-27 with 585 cases, 8 deaths, 4 recovered, 573 active cases.
52/177 - Dominican Republic - last value from 2020-3-27 with 581 cases, 20 deaths, 3 recovered, 558 active cases.
53/177 - Estonia - last value from 2020-3-27 with 575 cases, 1 deaths, 11 recovered, 563 active cases.
54/177 - Qatar - last value from 2020-3-27 with 562 cases, 0 deaths, 43 recovered, 519 active cases.
55/177 - Colombia - last value from 2020-3-27 with 539 cases, 6 deaths, 10 recovered, 523 active cases.
56/177 - Egypt - last value from 2020-3-27 with 536 cases, 30 deaths, 116 recovered, 390 active cases.
57/177 - Bahrain - last value from 2020-3-27 with 466 cases, 4 deaths, 227 recovered, 235 active cases.
58/177 - Iraq - last value from 2020-3-27 with 458 cases, 40 deaths, 122 recovered, 296 active cases.
59/177 - Serbia - last value from 2020-3-27 with 457 cases, 1 deaths, 0 recovered, 456 active cases.
60/177 - Algeria - last value from 2020-3-27 with 409 cases, 26 deaths, 29 recovered, 354 active cases.
61/177 - United Arab Emirates - last value from 2020-3-27 with 405 cases, 2 deaths, 52 recovered, 351 active cases.
62/177 - Lebanon - last value from 2020-3-27 with 391 cases, 8 deaths, 27 recovered, 356 active cases.
63/177 - New Zealand - last value from 2020-3-27 with 368 cases, 0 deaths, 37 recovered, 331 active cases.
64/177 - Lithuania - last value from 2020-3-27 with 358 cases, 5 deaths, 1 recovered, 352 active cases.
65/177 - Morocco - last value from 2020-3-27 with 345 cases, 23 deaths, 11 recovered, 311 active cases.
66/177 - Armenia - last value from 2020-3-27 with 329 cases, 1 deaths, 28 recovered, 300 active cases.
67/177 - Ukraine - last value from 2020-3-27 with 310 cases, 5 deaths, 5 recovered, 300 active cases.
68/177 - Hungary - last value from 2020-3-27 with 300 cases, 10 deaths, 34 recovered, 256 active cases.
69/177 - Bulgaria - last value from 2020-3-27 with 293 cases, 3 deaths, 9 recovered, 281 active cases.
70/177 - Latvia - last value from 2020-3-27 with 280 cases, 0 deaths, 1 recovered, 279 active cases.
71/177 - Slovakia - last value from 2020-3-27 with 269 cases, 0 deaths, 2 recovered, 267 active cases.
72/177 - Andorra - last value from 2020-3-27 with 267 cases, 3 deaths, 1 recovered, 263 active cases.
73/177 - Taiwan* - last value from 2020-3-27 with 267 cases, 2 deaths, 29 recovered, 236 active cases.
74/177 - Costa Rica - last value from 2020-3-27 with 263 cases, 2 deaths, 3 recovered, 258 active cases.
75/177 - Uruguay - last value from 2020-3-27 with 238 cases, 0 deaths, 0 recovered, 238 active cases.
76/177 - Bosnia and Herzegovina - last value from 2020-3-27 with 237 cases, 4 deaths, 5 recovered, 228 active cases.
77/177 - Jordan - last value from 2020-3-27 with 235 cases, 1 deaths, 18 recovered, 216 active cases.
78/177 - Tunisia - last value from 2020-3-27 with 227 cases, 6 deaths, 2 recovered, 219 active cases.
79/177 - Kuwait - last value from 2020-3-27 with 225 cases, 0 deaths, 57 recovered, 168 active cases.
80/177 - San Marino - last value from 2020-3-27 with 223 cases, 21 deaths, 4 recovered, 198 active cases.
81/177 - North Macedonia - last value from 2020-3-27 with 219 cases, 3 deaths, 3 recovered, 213 active cases.
82/177 - Moldova - last value from 2020-3-27 with 199 cases, 2 deaths, 2 recovered, 195 active cases.
83/177 - Albania - last value from 2020-3-27 with 186 cases, 8 deaths, 31 recovered, 147 active cases.
84/177 - Burkina Faso - last value from 2020-3-27 with 180 cases, 9 deaths, 12 recovered, 159 active cases.
85/177 - Azerbaijan - last value from 2020-3-27 with 165 cases, 3 deaths, 15 recovered, 147 active cases.
86/177 - Vietnam - last value from 2020-3-27 with 163 cases, 0 deaths, 20 recovered, 143 active cases.
87/177 - Cyprus - last value from 2020-3-27 with 162 cases, 5 deaths, 15 recovered, 142 active cases.
88/177 - Kazakhstan - last value from 2020-3-27 with 150 cases, 1 deaths, 3 recovered, 146 active cases.
89/177 - Malta - last value from 2020-3-27 with 139 cases, 0 deaths, 2 recovered, 137 active cases.
90/177 - Ghana - last value from 2020-3-27 with 137 cases, 4 deaths, 2 recovered, 131 active cases.
91/177 - Oman - last value from 2020-3-27 with 131 cases, 0 deaths, 23 recovered, 108 active cases.
92/177 - Senegal - last value from 2020-3-27 with 119 cases, 0 deaths, 11 recovered, 108 active cases.
93/177 - Brunei - last value from 2020-3-27 with 115 cases, 0 deaths, 11 recovered, 104 active cases.
94/177 - Afghanistan - last value from 2020-3-27 with 110 cases, 4 deaths, 2 recovered, 104 active cases.
95/177 - Venezuela - last value from 2020-3-27 with 107 cases, 1 deaths, 31 recovered, 75 active cases.
96/177 - Sri Lanka - last value from 2020-3-27 with 106 cases, 0 deaths, 7 recovered, 99 active cases.
97/177 - Cote d'Ivoire - last value from 2020-3-27 with 101 cases, 0 deaths, 3 recovered, 98 active cases.
98/177 - Cambodia - last value from 2020-3-27 with 99 cases, 0 deaths, 11 recovered, 88 active cases.
99/177 - Belarus - last value from 2020-3-27 with 94 cases, 0 deaths, 32 recovered, 62 active cases.
100/177 - Mauritius - last value from 2020-3-27 with 94 cases, 2 deaths, 0 recovered, 92 active cases.
101/177 - Cameroon - last value from 2020-3-27 with 91 cases, 2 deaths, 2 recovered, 87 active cases.
102/177 - West Bank and Gaza - last value from 2020-3-27 with 91 cases, 1 deaths, 17 recovered, 73 active cases.
103/177 - Uzbekistan - last value from 2020-3-27 with 88 cases, 1 deaths, 5 recovered, 82 active cases.
104/177 - Kosovo - last value from 2020-3-27 with 86 cases, 1 deaths, 1 recovered, 84 active cases.
105/177 - Georgia - last value from 2020-3-27 with 83 cases, 0 deaths, 14 recovered, 69 active cases.
106/177 - Montenegro - last value from 2020-3-27 with 82 cases, 1 deaths, 0 recovered, 81 active cases.
107/177 - Cuba - last value from 2020-3-27 with 80 cases, 2 deaths, 4 recovered, 74 active cases.
108/177 - Nigeria - last value from 2020-3-27 with 70 cases, 1 deaths, 3 recovered, 66 active cases.
109/177 - Honduras - last value from 2020-3-27 with 68 cases, 1 deaths, 0 recovered, 67 active cases.
110/177 - Trinidad and Tobago - last value from 2020-3-27 with 66 cases, 2 deaths, 1 recovered, 63 active cases.
111/177 - Bolivia - last value from 2020-3-27 with 61 cases, 0 deaths, 0 recovered, 61 active cases.
112/177 - Kyrgyzstan - last value from 2020-3-27 with 58 cases, 0 deaths, 0 recovered, 58 active cases.
113/177 - Liechtenstein - last value from 2020-3-27 with 56 cases, 0 deaths, 0 recovered, 56 active cases.
114/177 - Rwanda - last value from 2020-3-27 with 54 cases, 0 deaths, 0 recovered, 54 active cases.
115/177 - Paraguay - last value from 2020-3-27 with 52 cases, 3 deaths, 1 recovered, 48 active cases.
116/177 - Congo (Kinshasa) - last value from 2020-3-27 with 51 cases, 3 deaths, 2 recovered, 46 active cases.
117/177 - Bangladesh - last value from 2020-3-27 with 48 cases, 5 deaths, 11 recovered, 32 active cases.
118/177 - Monaco - last value from 2020-3-27 with 42 cases, 0 deaths, 1 recovered, 41 active cases.
119/177 - Kenya - last value from 2020-3-27 with 31 cases, 1 deaths, 1 recovered, 29 active cases.
120/177 - Guatemala - last value from 2020-3-27 with 28 cases, 1 deaths, 4 recovered, 23 active cases.
121/177 - Jamaica - last value from 2020-3-27 with 26 cases, 1 deaths, 2 recovered, 23 active cases.
122/177 - Madagascar - last value from 2020-3-27 with 26 cases, 0 deaths, 0 recovered, 26 active cases.
123/177 - Togo - last value from 2020-3-27 with 25 cases, 1 deaths, 1 recovered, 23 active cases.
124/177 - Barbados - last value from 2020-3-27 with 24 cases, 0 deaths, 0 recovered, 24 active cases.
125/177 - Uganda - last value from 2020-3-27 with 23 cases, 0 deaths, 0 recovered, 23 active cases.
126/177 - Zambia - last value from 2020-3-27 with 22 cases, 0 deaths, 0 recovered, 22 active cases.
127/177 - Ethiopia - last value from 2020-3-27 with 16 cases, 0 deaths, 0 recovered, 16 active cases.
128/177 - Maldives - last value from 2020-3-27 with 16 cases, 0 deaths, 9 recovered, 7 active cases.
129/177 - El Salvador - last value from 2020-3-27 with 13 cases, 0 deaths, 0 recovered, 13 active cases.
130/177 - Tanzania - last value from 2020-3-27 with 13 cases, 0 deaths, 1 recovered, 12 active cases.
131/177 - Djibouti - last value from 2020-3-27 with 12 cases, 0 deaths, 0 recovered, 12 active cases.
132/177 - Equatorial Guinea - last value from 2020-3-27 with 12 cases, 0 deaths, 0 recovered, 12 active cases.
133/177 - Mongolia - last value from 2020-3-27 with 11 cases, 0 deaths, 0 recovered, 11 active cases.
134/177 - Dominica - last value from 2020-3-27 with 11 cases, 0 deaths, 0 recovered, 11 active cases.
135/177 - Mali - last value from 2020-3-27 with 11 cases, 0 deaths, 0 recovered, 11 active cases.
136/177 - Bahamas - last value from 2020-3-27 with 10 cases, 0 deaths, 1 recovered, 9 active cases.
137/177 - Niger - last value from 2020-3-27 with 10 cases, 1 deaths, 0 recovered, 9 active cases.
138/177 - Eswatini - last value from 2020-3-27 with 9 cases, 0 deaths, 0 recovered, 9 active cases.
139/177 - Guinea - last value from 2020-3-27 with 8 cases, 0 deaths, 0 recovered, 8 active cases.
140/177 - Haiti - last value from 2020-3-27 with 8 cases, 0 deaths, 0 recovered, 8 active cases.
141/177 - Namibia - last value from 2020-3-27 with 8 cases, 0 deaths, 2 recovered, 6 active cases.
142/177 - Suriname - last value from 2020-3-27 with 8 cases, 0 deaths, 0 recovered, 8 active cases.
143/177 - Burma - last value from 2020-3-27 with 8 cases, 0 deaths, 0 recovered, 8 active cases.
144/177 - Antigua and Barbuda - last value from 2020-3-27 with 7 cases, 0 deaths, 0 recovered, 7 active cases.
145/177 - Gabon - last value from 2020-3-27 with 7 cases, 1 deaths, 0 recovered, 6 active cases.
146/177 - Seychelles - last value from 2020-3-27 with 7 cases, 0 deaths, 0 recovered, 7 active cases.
147/177 - Grenada - last value from 2020-3-27 with 7 cases, 0 deaths, 0 recovered, 7 active cases.
148/177 - Mozambique - last value from 2020-3-27 with 7 cases, 0 deaths, 0 recovered, 7 active cases.
149/177 - Benin - last value from 2020-3-27 with 6 cases, 0 deaths, 0 recovered, 6 active cases.
150/177 - Eritrea - last value from 2020-3-27 with 6 cases, 0 deaths, 0 recovered, 6 active cases.
151/177 - Laos - last value from 2020-3-27 with 6 cases, 0 deaths, 0 recovered, 6 active cases.
152/177 - Cabo Verde - last value from 2020-3-27 with 5 cases, 1 deaths, 0 recovered, 4 active cases.
153/177 - Fiji - last value from 2020-3-27 with 5 cases, 0 deaths, 0 recovered, 5 active cases.
154/177 - Guyana - last value from 2020-3-27 with 5 cases, 1 deaths, 0 recovered, 4 active cases.
155/177 - Zimbabwe - last value from 2020-3-27 with 5 cases, 1 deaths, 0 recovered, 4 active cases.
156/177 - Syria - last value from 2020-3-27 with 5 cases, 0 deaths, 0 recovered, 5 active cases.
157/177 - Angola - last value from 2020-3-27 with 4 cases, 0 deaths, 0 recovered, 4 active cases.
158/177 - Congo (Brazzaville) - last value from 2020-3-27 with 4 cases, 0 deaths, 0 recovered, 4 active cases.
159/177 - Holy See - last value from 2020-3-27 with 4 cases, 0 deaths, 0 recovered, 4 active cases.
160/177 - Nepal - last value from 2020-3-27 with 4 cases, 0 deaths, 1 recovered, 3 active cases.
161/177 - Bhutan - last value from 2020-3-27 with 3 cases, 0 deaths, 0 recovered, 3 active cases.
162/177 - Central African Republic - last value from 2020-3-27 with 3 cases, 0 deaths, 0 recovered, 3 active cases.
163/177 - Chad - last value from 2020-3-27 with 3 cases, 0 deaths, 0 recovered, 3 active cases.
164/177 - Gambia - last value from 2020-3-27 with 3 cases, 1 deaths, 0 recovered, 2 active cases.
165/177 - Liberia - last value from 2020-3-27 with 3 cases, 0 deaths, 0 recovered, 3 active cases.
166/177 - Mauritania - last value from 2020-3-27 with 3 cases, 0 deaths, 0 recovered, 3 active cases.
167/177 - Saint Lucia - last value from 2020-3-27 with 3 cases, 0 deaths, 1 recovered, 2 active cases.
168/177 - Somalia - last value from 2020-3-27 with 3 cases, 0 deaths, 0 recovered, 3 active cases.
169/177 - Sudan - last value from 2020-3-27 with 3 cases, 1 deaths, 0 recovered, 2 active cases.
170/177 - Nicaragua - last value from 2020-3-27 with 2 cases, 1 deaths, 0 recovered, 1 active cases.
171/177 - Belize - last value from 2020-3-27 with 2 cases, 0 deaths, 0 recovered, 2 active cases.
172/177 - Guinea-Bissau - last value from 2020-3-27 with 2 cases, 0 deaths, 0 recovered, 2 active cases.
173/177 - Saint Kitts and Nevis - last value from 2020-3-27 with 2 cases, 0 deaths, 0 recovered, 2 active cases.
174/177 - Papua New Guinea - last value from 2020-3-27 with 1 cases, 0 deaths, 0 recovered, 1 active cases.
175/177 - Saint Vincent and the Grenadines - last value from 2020-3-27 with 1 cases, 0 deaths, 0 recovered, 1 active cases.
176/177 - Timor-Leste - last value from 2020-3-27 with 1 cases, 0 deaths, 0 recovered, 1 active cases.
177/177 - Libya - last value from 2020-3-27 with 1 cases, 0 deaths, 0 recovered, 1 active cases.
Generating plots done!
Sat Mar 28 06:07:51 PDT 2020 - end
