Thu Mar 19 12:05:01 PDT 2020 - start
* # of countries 152
1/153 - TOTAL - last value from 2020-3-18 with 214910 cases, 8733 deaths, 83207 recovered, 122970 active cases.
2/153 - China - last value from 2020-3-18 with 81102 cases, 3241 deaths, 69755 recovered, 8106 active cases.
3/153 - Italy - last value from 2020-3-18 with 35713 cases, 2978 deaths, 4025 recovered, 28710 active cases.
4/153 - Iran - last value from 2020-3-18 with 17361 cases, 1135 deaths, 5389 recovered, 10837 active cases.
5/153 - Spain - last value from 2020-3-18 with 13910 cases, 623 deaths, 1081 recovered, 12206 active cases.
6/153 - Germany - last value from 2020-3-18 with 12327 cases, 28 deaths, 105 recovered, 12194 active cases.
7/153 - France - last value from 2020-3-18 with 9105 cases, 148 deaths, 12 recovered, 8945 active cases.
8/153 - Korea, South - last value from 2020-3-18 with 8413 cases, 84 deaths, 1540 recovered, 6789 active cases.
9/153 - US - last value from 2020-3-18 with 7783 cases, 118 deaths, 0 recovered, 7665 active cases.
10/153 - Switzerland - last value from 2020-3-18 with 3028 cases, 28 deaths, 15 recovered, 2985 active cases.
11/153 - United Kingdom - last value from 2020-3-18 with 2642 cases, 72 deaths, 67 recovered, 2503 active cases.
12/153 - Netherlands - last value from 2020-3-18 with 2058 cases, 58 deaths, 2 recovered, 1998 active cases.
13/153 - Austria - last value from 2020-3-18 with 1646 cases, 4 deaths, 9 recovered, 1633 active cases.
14/153 - Norway - last value from 2020-3-18 with 1550 cases, 6 deaths, 1 recovered, 1543 active cases.
15/153 - Belgium - last value from 2020-3-18 with 1486 cases, 14 deaths, 31 recovered, 1441 active cases.
16/153 - Sweden - last value from 2020-3-18 with 1279 cases, 10 deaths, 1 recovered, 1268 active cases.
17/153 - Denmark - last value from 2020-3-18 with 1115 cases, 4 deaths, 1 recovered, 1110 active cases.
18/153 - Japan - last value from 2020-3-18 with 889 cases, 29 deaths, 144 recovered, 716 active cases.
19/153 - Malaysia - last value from 2020-3-18 with 790 cases, 2 deaths, 60 recovered, 728 active cases.
20/153 - Cruise Ship - last value from 2020-3-18 with 712 cases, 7 deaths, 325 recovered, 380 active cases.
21/153 - Canada - last value from 2020-3-18 with 657 cases, 8 deaths, 9 recovered, 640 active cases.
22/153 - Australia - last value from 2020-3-18 with 568 cases, 6 deaths, 23 recovered, 539 active cases.
23/153 - Czechia - last value from 2020-3-18 with 464 cases, 0 deaths, 3 recovered, 461 active cases.
24/153 - Qatar - last value from 2020-3-18 with 452 cases, 0 deaths, 4 recovered, 448 active cases.
25/153 - Portugal - last value from 2020-3-18 with 448 cases, 2 deaths, 3 recovered, 443 active cases.
26/153 - Israel - last value from 2020-3-18 with 433 cases, 0 deaths, 11 recovered, 422 active cases.
27/153 - Greece - last value from 2020-3-18 with 418 cases, 5 deaths, 8 recovered, 405 active cases.
28/153 - Brazil - last value from 2020-3-18 with 372 cases, 3 deaths, 2 recovered, 367 active cases.
29/153 - Finland - last value from 2020-3-18 with 336 cases, 0 deaths, 10 recovered, 326 active cases.
30/153 - Singapore - last value from 2020-3-18 with 313 cases, 0 deaths, 114 recovered, 199 active cases.
31/153 - Pakistan - last value from 2020-3-18 with 299 cases, 0 deaths, 2 recovered, 297 active cases.
32/153 - Ireland - last value from 2020-3-18 with 292 cases, 2 deaths, 5 recovered, 285 active cases.
33/153 - Slovenia - last value from 2020-3-18 with 275 cases, 1 deaths, 0 recovered, 274 active cases.
34/153 - Romania - last value from 2020-3-18 with 260 cases, 0 deaths, 19 recovered, 241 active cases.
35/153 - Estonia - last value from 2020-3-18 with 258 cases, 0 deaths, 1 recovered, 257 active cases.
36/153 - Bahrain - last value from 2020-3-18 with 256 cases, 1 deaths, 88 recovered, 167 active cases.
37/153 - Poland - last value from 2020-3-18 with 251 cases, 5 deaths, 13 recovered, 233 active cases.
38/153 - Iceland - last value from 2020-3-18 with 250 cases, 1 deaths, 5 recovered, 244 active cases.
39/153 - Chile - last value from 2020-3-18 with 238 cases, 0 deaths, 0 recovered, 238 active cases.
40/153 - Indonesia - last value from 2020-3-18 with 227 cases, 19 deaths, 11 recovered, 197 active cases.
41/153 - Thailand - last value from 2020-3-18 with 212 cases, 1 deaths, 42 recovered, 169 active cases.
42/153 - Luxembourg - last value from 2020-3-18 with 203 cases, 2 deaths, 0 recovered, 201 active cases.
43/153 - Philippines - last value from 2020-3-18 with 202 cases, 19 deaths, 5 recovered, 178 active cases.
44/153 - Egypt - last value from 2020-3-18 with 196 cases, 6 deaths, 32 recovered, 158 active cases.
45/153 - Saudi Arabia - last value from 2020-3-18 with 171 cases, 0 deaths, 6 recovered, 165 active cases.
46/153 - Iraq - last value from 2020-3-18 with 164 cases, 12 deaths, 43 recovered, 109 active cases.
47/153 - India - last value from 2020-3-18 with 156 cases, 3 deaths, 14 recovered, 139 active cases.
48/153 - Russia - last value from 2020-3-18 with 147 cases, 0 deaths, 8 recovered, 139 active cases.
49/153 - Peru - last value from 2020-3-18 with 145 cases, 0 deaths, 1 recovered, 144 active cases.
50/153 - Kuwait - last value from 2020-3-18 with 142 cases, 0 deaths, 15 recovered, 127 active cases.
51/153 - Lebanon - last value from 2020-3-18 with 133 cases, 3 deaths, 3 recovered, 127 active cases.
52/153 - San Marino - last value from 2020-3-18 with 119 cases, 11 deaths, 4 recovered, 104 active cases.
53/153 - South Africa - last value from 2020-3-18 with 116 cases, 0 deaths, 0 recovered, 116 active cases.
54/153 - United Arab Emirates - last value from 2020-3-18 with 113 cases, 0 deaths, 26 recovered, 87 active cases.
55/153 - Ecuador - last value from 2020-3-18 with 111 cases, 2 deaths, 0 recovered, 109 active cases.
56/153 - Slovakia - last value from 2020-3-18 with 105 cases, 1 deaths, 0 recovered, 104 active cases.
57/153 - Taiwan* - last value from 2020-3-18 with 100 cases, 1 deaths, 22 recovered, 77 active cases.
58/153 - Turkey - last value from 2020-3-18 with 98 cases, 1 deaths, 0 recovered, 97 active cases.
59/153 - Mexico - last value from 2020-3-18 with 93 cases, 0 deaths, 4 recovered, 89 active cases.
60/153 - Colombia - last value from 2020-3-18 with 93 cases, 0 deaths, 1 recovered, 92 active cases.
61/153 - Bulgaria - last value from 2020-3-18 with 92 cases, 2 deaths, 0 recovered, 90 active cases.
62/153 - Panama - last value from 2020-3-18 with 86 cases, 1 deaths, 0 recovered, 85 active cases.
63/153 - Armenia - last value from 2020-3-18 with 84 cases, 0 deaths, 1 recovered, 83 active cases.
64/153 - Serbia - last value from 2020-3-18 with 83 cases, 0 deaths, 1 recovered, 82 active cases.
65/153 - Croatia - last value from 2020-3-18 with 81 cases, 0 deaths, 4 recovered, 77 active cases.
66/153 - Argentina - last value from 2020-3-18 with 79 cases, 2 deaths, 3 recovered, 74 active cases.
67/153 - Vietnam - last value from 2020-3-18 with 75 cases, 0 deaths, 16 recovered, 59 active cases.
68/153 - Algeria - last value from 2020-3-18 with 74 cases, 7 deaths, 12 recovered, 55 active cases.
69/153 - Latvia - last value from 2020-3-18 with 71 cases, 0 deaths, 1 recovered, 70 active cases.
70/153 - Brunei - last value from 2020-3-18 with 68 cases, 0 deaths, 0 recovered, 68 active cases.
71/153 - Albania - last value from 2020-3-18 with 59 cases, 2 deaths, 0 recovered, 57 active cases.
72/153 - Hungary - last value from 2020-3-18 with 58 cases, 1 deaths, 2 recovered, 55 active cases.
73/153 - Jordan - last value from 2020-3-18 with 52 cases, 0 deaths, 1 recovered, 51 active cases.
74/153 - Sri Lanka - last value from 2020-3-18 with 51 cases, 0 deaths, 1 recovered, 50 active cases.
75/153 - Belarus - last value from 2020-3-18 with 51 cases, 0 deaths, 5 recovered, 46 active cases.
76/153 - Costa Rica - last value from 2020-3-18 with 50 cases, 0 deaths, 0 recovered, 50 active cases.
77/153 - Uruguay - last value from 2020-3-18 with 50 cases, 0 deaths, 0 recovered, 50 active cases.
78/153 - Morocco - last value from 2020-3-18 with 49 cases, 2 deaths, 1 recovered, 46 active cases.
79/153 - Cyprus - last value from 2020-3-18 with 49 cases, 0 deaths, 0 recovered, 49 active cases.
80/153 - Oman - last value from 2020-3-18 with 39 cases, 0 deaths, 12 recovered, 27 active cases.
81/153 - Andorra - last value from 2020-3-18 with 39 cases, 0 deaths, 1 recovered, 38 active cases.
82/153 - Georgia - last value from 2020-3-18 with 38 cases, 0 deaths, 1 recovered, 37 active cases.
83/153 - Bosnia and Herzegovina - last value from 2020-3-18 with 38 cases, 0 deaths, 2 recovered, 36 active cases.
84/153 - Malta - last value from 2020-3-18 with 38 cases, 0 deaths, 2 recovered, 36 active cases.
85/153 - Venezuela - last value from 2020-3-18 with 36 cases, 0 deaths, 0 recovered, 36 active cases.
86/153 - Cambodia - last value from 2020-3-18 with 35 cases, 0 deaths, 1 recovered, 34 active cases.
87/153 - North Macedonia - last value from 2020-3-18 with 35 cases, 0 deaths, 1 recovered, 34 active cases.
88/153 - Kazakhstan - last value from 2020-3-18 with 35 cases, 0 deaths, 0 recovered, 35 active cases.
89/153 - Senegal - last value from 2020-3-18 with 31 cases, 0 deaths, 2 recovered, 29 active cases.
90/153 - Moldova - last value from 2020-3-18 with 30 cases, 1 deaths, 1 recovered, 28 active cases.
91/153 - Tunisia - last value from 2020-3-18 with 29 cases, 0 deaths, 0 recovered, 29 active cases.
92/153 - Azerbaijan - last value from 2020-3-18 with 28 cases, 1 deaths, 6 recovered, 21 active cases.
93/153 - Liechtenstein - last value from 2020-3-18 with 28 cases, 0 deaths, 0 recovered, 28 active cases.
94/153 - Lithuania - last value from 2020-3-18 with 27 cases, 0 deaths, 1 recovered, 26 active cases.
95/153 - Afghanistan - last value from 2020-3-18 with 22 cases, 0 deaths, 1 recovered, 21 active cases.
96/153 - Dominican Republic - last value from 2020-3-18 with 21 cases, 1 deaths, 0 recovered, 20 active cases.
97/153 - New Zealand - last value from 2020-3-18 with 20 cases, 0 deaths, 0 recovered, 20 active cases.
98/153 - Burkina Faso - last value from 2020-3-18 with 20 cases, 1 deaths, 0 recovered, 19 active cases.
99/153 - Martinique - last value from 2020-3-18 with 19 cases, 1 deaths, 0 recovered, 18 active cases.
100/153 - Uzbekistan - last value from 2020-3-18 with 15 cases, 0 deaths, 0 recovered, 15 active cases.
101/153 - Ukraine - last value from 2020-3-18 with 14 cases, 2 deaths, 0 recovered, 12 active cases.
102/153 - Bangladesh - last value from 2020-3-18 with 14 cases, 1 deaths, 3 recovered, 10 active cases.
103/153 - Maldives - last value from 2020-3-18 with 13 cases, 0 deaths, 0 recovered, 13 active cases.
104/153 - Jamaica - last value from 2020-3-18 with 13 cases, 0 deaths, 2 recovered, 11 active cases.
105/153 - Bolivia - last value from 2020-3-18 with 12 cases, 0 deaths, 0 recovered, 12 active cases.
106/153 - Paraguay - last value from 2020-3-18 with 11 cases, 0 deaths, 0 recovered, 11 active cases.
107/153 - Cameroon - last value from 2020-3-18 with 10 cases, 0 deaths, 0 recovered, 10 active cases.
108/153 - Honduras - last value from 2020-3-18 with 9 cases, 0 deaths, 0 recovered, 9 active cases.
109/153 - Nigeria - last value from 2020-3-18 with 8 cases, 0 deaths, 1 recovered, 7 active cases.
110/153 - Rwanda - last value from 2020-3-18 with 8 cases, 0 deaths, 0 recovered, 8 active cases.
111/153 - Monaco - last value from 2020-3-18 with 7 cases, 0 deaths, 0 recovered, 7 active cases.
112/153 - Cuba - last value from 2020-3-18 with 7 cases, 1 deaths, 0 recovered, 6 active cases.
113/153 - Guyana - last value from 2020-3-18 with 7 cases, 1 deaths, 0 recovered, 6 active cases.
114/153 - Ghana - last value from 2020-3-18 with 7 cases, 0 deaths, 0 recovered, 7 active cases.
115/153 - Trinidad and Tobago - last value from 2020-3-18 with 7 cases, 0 deaths, 0 recovered, 7 active cases.
116/153 - Mongolia - last value from 2020-3-18 with 6 cases, 0 deaths, 0 recovered, 6 active cases.
117/153 - Cote d'Ivoire - last value from 2020-3-18 with 6 cases, 0 deaths, 1 recovered, 5 active cases.
118/153 - Ethiopia - last value from 2020-3-18 with 6 cases, 0 deaths, 0 recovered, 6 active cases.
119/153 - Guatemala - last value from 2020-3-18 with 6 cases, 1 deaths, 0 recovered, 5 active cases.
120/153 - Congo (Kinshasa) - last value from 2020-3-18 with 4 cases, 0 deaths, 0 recovered, 4 active cases.
121/153 - Seychelles - last value from 2020-3-18 with 4 cases, 0 deaths, 0 recovered, 4 active cases.
122/153 - Equatorial Guinea - last value from 2020-3-18 with 4 cases, 0 deaths, 0 recovered, 4 active cases.
123/153 - Kenya - last value from 2020-3-18 with 3 cases, 0 deaths, 0 recovered, 3 active cases.
124/153 - Tanzania - last value from 2020-3-18 with 3 cases, 0 deaths, 0 recovered, 3 active cases.
125/153 - Kyrgyzstan - last value from 2020-3-18 with 3 cases, 0 deaths, 0 recovered, 3 active cases.
126/153 - Mauritius - last value from 2020-3-18 with 3 cases, 0 deaths, 0 recovered, 3 active cases.
127/153 - Sudan - last value from 2020-3-18 with 2 cases, 1 deaths, 0 recovered, 1 active cases.
128/153 - Namibia - last value from 2020-3-18 with 2 cases, 0 deaths, 0 recovered, 2 active cases.
129/153 - Saint Lucia - last value from 2020-3-18 with 2 cases, 0 deaths, 0 recovered, 2 active cases.
130/153 - Kosovo - last value from 2020-3-18 with 2 cases, 0 deaths, 0 recovered, 2 active cases.
131/153 - Benin - last value from 2020-3-18 with 2 cases, 0 deaths, 0 recovered, 2 active cases.
132/153 - Liberia - last value from 2020-3-18 with 2 cases, 0 deaths, 0 recovered, 2 active cases.
133/153 - Barbados - last value from 2020-3-18 with 2 cases, 0 deaths, 0 recovered, 2 active cases.
134/153 - Zambia - last value from 2020-3-18 with 2 cases, 0 deaths, 0 recovered, 2 active cases.
135/153 - Nepal - last value from 2020-3-18 with 1 cases, 0 deaths, 1 recovered, 0 active cases.
136/153 - Bhutan - last value from 2020-3-18 with 1 cases, 0 deaths, 0 recovered, 1 active cases.
137/153 - Togo - last value from 2020-3-18 with 1 cases, 0 deaths, 0 recovered, 1 active cases.
138/153 - Holy See - last value from 2020-3-18 with 1 cases, 0 deaths, 0 recovered, 1 active cases.
139/153 - Guinea - last value from 2020-3-18 with 1 cases, 0 deaths, 0 recovered, 1 active cases.
140/153 - Antigua and Barbuda - last value from 2020-3-18 with 1 cases, 0 deaths, 0 recovered, 1 active cases.
141/153 - Eswatini - last value from 2020-3-18 with 1 cases, 0 deaths, 0 recovered, 1 active cases.
142/153 - Gabon - last value from 2020-3-18 with 1 cases, 0 deaths, 0 recovered, 1 active cases.
143/153 - Mauritania - last value from 2020-3-18 with 1 cases, 0 deaths, 0 recovered, 1 active cases.
144/153 - Saint Vincent and the Grenadines - last value from 2020-3-18 with 1 cases, 0 deaths, 0 recovered, 1 active cases.
145/153 - Suriname - last value from 2020-3-18 with 1 cases, 0 deaths, 0 recovered, 1 active cases.
146/153 - Central African Republic - last value from 2020-3-18 with 1 cases, 0 deaths, 0 recovered, 1 active cases.
147/153 - Congo (Brazzaville) - last value from 2020-3-18 with 1 cases, 0 deaths, 0 recovered, 1 active cases.
148/153 - Greenland - last value from 2020-3-18 with 1 cases, 0 deaths, 0 recovered, 1 active cases.
149/153 - Somalia - last value from 2020-3-18 with 1 cases, 0 deaths, 0 recovered, 1 active cases.
150/153 - The Bahamas - last value from 2020-3-18 with 1 cases, 0 deaths, 0 recovered, 1 active cases.
151/153 - Montenegro - last value from 2020-3-18 with 1 cases, 0 deaths, 0 recovered, 1 active cases.
152/153 - Djibouti - last value from 2020-3-18 with 1 cases, 0 deaths, 0 recovered, 1 active cases.
153/153 - Gambia, The - last value from 2020-3-18 with 1 cases, 0 deaths, 0 recovered, 1 active cases.
Generating plots done!
Thu Mar 19 12:07:41 PDT 2020 - end
