Thu Mar 26 13:05:26 PDT 2020 - start
* # of countries 174
1/175 - TOTAL - last value from 2020-3-25 with 467593 cases, 21180 deaths, 0 recovered, 446413 active cases.
2/175 - China - last value from 2020-3-25 with 81661 cases, 3285 deaths, 0 recovered, 78376 active cases.
3/175 - Italy - last value from 2020-3-25 with 74386 cases, 7503 deaths, 0 recovered, 66883 active cases.
4/175 - US - last value from 2020-3-25 with 65778 cases, 942 deaths, 0 recovered, 64836 active cases.
5/175 - Spain - last value from 2020-3-25 with 49515 cases, 3647 deaths, 0 recovered, 45868 active cases.
6/175 - Germany - last value from 2020-3-25 with 37323 cases, 206 deaths, 0 recovered, 37117 active cases.
7/175 - Iran - last value from 2020-3-25 with 27017 cases, 2077 deaths, 0 recovered, 24940 active cases.
8/175 - France - last value from 2020-3-25 with 25600 cases, 1333 deaths, 0 recovered, 24267 active cases.
9/175 - Switzerland - last value from 2020-3-25 with 10897 cases, 153 deaths, 0 recovered, 10744 active cases.
10/175 - United Kingdom - last value from 2020-3-25 with 9640 cases, 466 deaths, 0 recovered, 9174 active cases.
11/175 - Korea, South - last value from 2020-3-25 with 9137 cases, 126 deaths, 0 recovered, 9011 active cases.
12/175 - Netherlands - last value from 2020-3-25 with 6438 cases, 357 deaths, 0 recovered, 6081 active cases.
13/175 - Austria - last value from 2020-3-25 with 5588 cases, 30 deaths, 0 recovered, 5558 active cases.
14/175 - Belgium - last value from 2020-3-25 with 4937 cases, 178 deaths, 0 recovered, 4759 active cases.
15/175 - Canada - last value from 2020-3-25 with 3251 cases, 30 deaths, 0 recovered, 3221 active cases.
16/175 - Norway - last value from 2020-3-25 with 3084 cases, 14 deaths, 0 recovered, 3070 active cases.
17/175 - Portugal - last value from 2020-3-25 with 2995 cases, 43 deaths, 0 recovered, 2952 active cases.
18/175 - Brazil - last value from 2020-3-25 with 2554 cases, 59 deaths, 0 recovered, 2495 active cases.
19/175 - Sweden - last value from 2020-3-25 with 2526 cases, 62 deaths, 0 recovered, 2464 active cases.
20/175 - Turkey - last value from 2020-3-25 with 2433 cases, 59 deaths, 0 recovered, 2374 active cases.
21/175 - Israel - last value from 2020-3-25 with 2369 cases, 5 deaths, 0 recovered, 2364 active cases.
22/175 - Australia - last value from 2020-3-25 with 2364 cases, 8 deaths, 0 recovered, 2356 active cases.
23/175 - Denmark - last value from 2020-3-25 with 1862 cases, 34 deaths, 0 recovered, 1828 active cases.
24/175 - Malaysia - last value from 2020-3-25 with 1796 cases, 20 deaths, 0 recovered, 1776 active cases.
25/175 - Czechia - last value from 2020-3-25 with 1654 cases, 6 deaths, 0 recovered, 1648 active cases.
26/175 - Ireland - last value from 2020-3-25 with 1564 cases, 9 deaths, 0 recovered, 1555 active cases.
27/175 - Luxembourg - last value from 2020-3-25 with 1333 cases, 8 deaths, 0 recovered, 1325 active cases.
28/175 - Japan - last value from 2020-3-25 with 1307 cases, 45 deaths, 0 recovered, 1262 active cases.
29/175 - Ecuador - last value from 2020-3-25 with 1173 cases, 28 deaths, 0 recovered, 1145 active cases.
30/175 - Chile - last value from 2020-3-25 with 1142 cases, 3 deaths, 0 recovered, 1139 active cases.
31/175 - Pakistan - last value from 2020-3-25 with 1063 cases, 8 deaths, 0 recovered, 1055 active cases.
32/175 - Poland - last value from 2020-3-25 with 1051 cases, 14 deaths, 0 recovered, 1037 active cases.
33/175 - Thailand - last value from 2020-3-25 with 934 cases, 4 deaths, 0 recovered, 930 active cases.
34/175 - Romania - last value from 2020-3-25 with 906 cases, 17 deaths, 0 recovered, 889 active cases.
35/175 - Saudi Arabia - last value from 2020-3-25 with 900 cases, 2 deaths, 0 recovered, 898 active cases.
36/175 - Finland - last value from 2020-3-25 with 880 cases, 3 deaths, 0 recovered, 877 active cases.
37/175 - Greece - last value from 2020-3-25 with 821 cases, 22 deaths, 0 recovered, 799 active cases.
38/175 - Indonesia - last value from 2020-3-25 with 790 cases, 58 deaths, 0 recovered, 732 active cases.
39/175 - Iceland - last value from 2020-3-25 with 737 cases, 2 deaths, 0 recovered, 735 active cases.
40/175 - Diamond Princess - last value from 2020-3-25 with 712 cases, 10 deaths, 0 recovered, 702 active cases.
41/175 - South Africa - last value from 2020-3-25 with 709 cases, 0 deaths, 0 recovered, 709 active cases.
42/175 - Russia - last value from 2020-3-25 with 658 cases, 3 deaths, 0 recovered, 655 active cases.
43/175 - India - last value from 2020-3-25 with 657 cases, 12 deaths, 0 recovered, 645 active cases.
44/175 - Philippines - last value from 2020-3-25 with 636 cases, 38 deaths, 0 recovered, 598 active cases.
45/175 - Singapore - last value from 2020-3-25 with 631 cases, 2 deaths, 0 recovered, 629 active cases.
46/175 - Qatar - last value from 2020-3-25 with 537 cases, 0 deaths, 0 recovered, 537 active cases.
47/175 - Slovenia - last value from 2020-3-25 with 528 cases, 5 deaths, 0 recovered, 523 active cases.
48/175 - Peru - last value from 2020-3-25 with 480 cases, 9 deaths, 0 recovered, 471 active cases.
49/175 - Colombia - last value from 2020-3-25 with 470 cases, 4 deaths, 0 recovered, 466 active cases.
50/175 - Egypt - last value from 2020-3-25 with 456 cases, 21 deaths, 0 recovered, 435 active cases.
51/175 - Panama - last value from 2020-3-25 with 443 cases, 8 deaths, 0 recovered, 435 active cases.
52/175 - Croatia - last value from 2020-3-25 with 442 cases, 1 deaths, 0 recovered, 441 active cases.
53/175 - Bahrain - last value from 2020-3-25 with 419 cases, 4 deaths, 0 recovered, 415 active cases.
54/175 - Mexico - last value from 2020-3-25 with 405 cases, 5 deaths, 0 recovered, 400 active cases.
55/175 - Estonia - last value from 2020-3-25 with 404 cases, 1 deaths, 0 recovered, 403 active cases.
56/175 - Dominican Republic - last value from 2020-3-25 with 392 cases, 10 deaths, 0 recovered, 382 active cases.
57/175 - Argentina - last value from 2020-3-25 with 387 cases, 8 deaths, 0 recovered, 379 active cases.
58/175 - Serbia - last value from 2020-3-25 with 384 cases, 4 deaths, 0 recovered, 380 active cases.
59/175 - Iraq - last value from 2020-3-25 with 346 cases, 29 deaths, 0 recovered, 317 active cases.
60/175 - Lebanon - last value from 2020-3-25 with 333 cases, 6 deaths, 0 recovered, 327 active cases.
61/175 - United Arab Emirates - last value from 2020-3-25 with 333 cases, 2 deaths, 0 recovered, 331 active cases.
62/175 - Algeria - last value from 2020-3-25 with 302 cases, 21 deaths, 0 recovered, 281 active cases.
63/175 - Lithuania - last value from 2020-3-25 with 274 cases, 4 deaths, 0 recovered, 270 active cases.
64/175 - Armenia - last value from 2020-3-25 with 265 cases, 0 deaths, 0 recovered, 265 active cases.
65/175 - Bulgaria - last value from 2020-3-25 with 242 cases, 3 deaths, 0 recovered, 239 active cases.
66/175 - Taiwan* - last value from 2020-3-25 with 235 cases, 2 deaths, 0 recovered, 233 active cases.
67/175 - Hungary - last value from 2020-3-25 with 226 cases, 10 deaths, 0 recovered, 216 active cases.
68/175 - Morocco - last value from 2020-3-25 with 225 cases, 6 deaths, 0 recovered, 219 active cases.
69/175 - Latvia - last value from 2020-3-25 with 221 cases, 0 deaths, 0 recovered, 221 active cases.
70/175 - Slovakia - last value from 2020-3-25 with 216 cases, 0 deaths, 0 recovered, 216 active cases.
71/175 - San Marino - last value from 2020-3-25 with 208 cases, 21 deaths, 0 recovered, 187 active cases.
72/175 - New Zealand - last value from 2020-3-25 with 205 cases, 0 deaths, 0 recovered, 205 active cases.
73/175 - Costa Rica - last value from 2020-3-25 with 201 cases, 2 deaths, 0 recovered, 199 active cases.
74/175 - Kuwait - last value from 2020-3-25 with 195 cases, 0 deaths, 0 recovered, 195 active cases.
75/175 - Uruguay - last value from 2020-3-25 with 189 cases, 0 deaths, 0 recovered, 189 active cases.
76/175 - Andorra - last value from 2020-3-25 with 188 cases, 1 deaths, 0 recovered, 187 active cases.
77/175 - North Macedonia - last value from 2020-3-25 with 177 cases, 3 deaths, 0 recovered, 174 active cases.
78/175 - Bosnia and Herzegovina - last value from 2020-3-25 with 176 cases, 3 deaths, 0 recovered, 173 active cases.
79/175 - Tunisia - last value from 2020-3-25 with 173 cases, 5 deaths, 0 recovered, 168 active cases.
80/175 - Jordan - last value from 2020-3-25 with 172 cases, 0 deaths, 0 recovered, 172 active cases.
81/175 - Moldova - last value from 2020-3-25 with 149 cases, 1 deaths, 0 recovered, 148 active cases.
82/175 - Albania - last value from 2020-3-25 with 146 cases, 5 deaths, 0 recovered, 141 active cases.
83/175 - Burkina Faso - last value from 2020-3-25 with 146 cases, 4 deaths, 0 recovered, 142 active cases.
84/175 - Ukraine - last value from 2020-3-25 with 145 cases, 5 deaths, 0 recovered, 140 active cases.
85/175 - Vietnam - last value from 2020-3-25 with 141 cases, 0 deaths, 0 recovered, 141 active cases.
86/175 - Cyprus - last value from 2020-3-25 with 132 cases, 3 deaths, 0 recovered, 129 active cases.
87/175 - Malta - last value from 2020-3-25 with 129 cases, 0 deaths, 0 recovered, 129 active cases.
88/175 - Brunei - last value from 2020-3-25 with 109 cases, 0 deaths, 0 recovered, 109 active cases.
89/175 - Sri Lanka - last value from 2020-3-25 with 102 cases, 0 deaths, 0 recovered, 102 active cases.
90/175 - Oman - last value from 2020-3-25 with 99 cases, 0 deaths, 0 recovered, 99 active cases.
91/175 - Senegal - last value from 2020-3-25 with 99 cases, 0 deaths, 0 recovered, 99 active cases.
92/175 - Cambodia - last value from 2020-3-25 with 96 cases, 0 deaths, 0 recovered, 96 active cases.
93/175 - Azerbaijan - last value from 2020-3-25 with 93 cases, 2 deaths, 0 recovered, 91 active cases.
94/175 - Ghana - last value from 2020-3-25 with 93 cases, 4 deaths, 0 recovered, 89 active cases.
95/175 - Venezuela - last value from 2020-3-25 with 91 cases, 0 deaths, 0 recovered, 91 active cases.
96/175 - Belarus - last value from 2020-3-25 with 86 cases, 0 deaths, 0 recovered, 86 active cases.
97/175 - Afghanistan - last value from 2020-3-25 with 84 cases, 2 deaths, 0 recovered, 82 active cases.
98/175 - Kazakhstan - last value from 2020-3-25 with 81 cases, 0 deaths, 0 recovered, 81 active cases.
99/175 - Cote d'Ivoire - last value from 2020-3-25 with 80 cases, 0 deaths, 0 recovered, 80 active cases.
100/175 - Cameroon - last value from 2020-3-25 with 75 cases, 1 deaths, 0 recovered, 74 active cases.
101/175 - Georgia - last value from 2020-3-25 with 75 cases, 0 deaths, 0 recovered, 75 active cases.
102/175 - Trinidad and Tobago - last value from 2020-3-25 with 60 cases, 1 deaths, 0 recovered, 59 active cases.
103/175 - Uzbekistan - last value from 2020-3-25 with 60 cases, 0 deaths, 0 recovered, 60 active cases.
104/175 - Cuba - last value from 2020-3-25 with 57 cases, 1 deaths, 0 recovered, 56 active cases.
105/175 - Montenegro - last value from 2020-3-25 with 52 cases, 1 deaths, 0 recovered, 51 active cases.
106/175 - Liechtenstein - last value from 2020-3-25 with 51 cases, 0 deaths, 0 recovered, 51 active cases.
107/175 - Nigeria - last value from 2020-3-25 with 51 cases, 1 deaths, 0 recovered, 50 active cases.
108/175 - Congo (Kinshasa) - last value from 2020-3-25 with 48 cases, 2 deaths, 0 recovered, 46 active cases.
109/175 - Mauritius - last value from 2020-3-25 with 48 cases, 2 deaths, 0 recovered, 46 active cases.
110/175 - Kyrgyzstan - last value from 2020-3-25 with 44 cases, 0 deaths, 0 recovered, 44 active cases.
111/175 - Rwanda - last value from 2020-3-25 with 41 cases, 0 deaths, 0 recovered, 41 active cases.
112/175 - Bangladesh - last value from 2020-3-25 with 39 cases, 5 deaths, 0 recovered, 34 active cases.
113/175 - Paraguay - last value from 2020-3-25 with 37 cases, 3 deaths, 0 recovered, 34 active cases.
114/175 - Honduras - last value from 2020-3-25 with 36 cases, 0 deaths, 0 recovered, 36 active cases.
115/175 - Bolivia - last value from 2020-3-25 with 32 cases, 0 deaths, 0 recovered, 32 active cases.
116/175 - Monaco - last value from 2020-3-25 with 31 cases, 0 deaths, 0 recovered, 31 active cases.
117/175 - Kenya - last value from 2020-3-25 with 28 cases, 0 deaths, 0 recovered, 28 active cases.
118/175 - Jamaica - last value from 2020-3-25 with 26 cases, 1 deaths, 0 recovered, 25 active cases.
119/175 - Guatemala - last value from 2020-3-25 with 24 cases, 1 deaths, 0 recovered, 23 active cases.
120/175 - Togo - last value from 2020-3-25 with 23 cases, 0 deaths, 0 recovered, 23 active cases.
121/175 - Madagascar - last value from 2020-3-25 with 19 cases, 0 deaths, 0 recovered, 19 active cases.
122/175 - Barbados - last value from 2020-3-25 with 18 cases, 0 deaths, 0 recovered, 18 active cases.
123/175 - Uganda - last value from 2020-3-25 with 14 cases, 0 deaths, 0 recovered, 14 active cases.
124/175 - Maldives - last value from 2020-3-25 with 13 cases, 0 deaths, 0 recovered, 13 active cases.
125/175 - Ethiopia - last value from 2020-3-25 with 12 cases, 0 deaths, 0 recovered, 12 active cases.
126/175 - Tanzania - last value from 2020-3-25 with 12 cases, 0 deaths, 0 recovered, 12 active cases.
127/175 - Zambia - last value from 2020-3-25 with 12 cases, 0 deaths, 0 recovered, 12 active cases.
128/175 - Djibouti - last value from 2020-3-25 with 11 cases, 0 deaths, 0 recovered, 11 active cases.
129/175 - Mongolia - last value from 2020-3-25 with 10 cases, 0 deaths, 0 recovered, 10 active cases.
130/175 - El Salvador - last value from 2020-3-25 with 9 cases, 0 deaths, 0 recovered, 9 active cases.
131/175 - Equatorial Guinea - last value from 2020-3-25 with 9 cases, 0 deaths, 0 recovered, 9 active cases.
132/175 - Haiti - last value from 2020-3-25 with 8 cases, 0 deaths, 0 recovered, 8 active cases.
133/175 - Suriname - last value from 2020-3-25 with 8 cases, 0 deaths, 0 recovered, 8 active cases.
134/175 - Namibia - last value from 2020-3-25 with 7 cases, 0 deaths, 0 recovered, 7 active cases.
135/175 - Niger - last value from 2020-3-25 with 7 cases, 1 deaths, 0 recovered, 6 active cases.
136/175 - Seychelles - last value from 2020-3-25 with 7 cases, 0 deaths, 0 recovered, 7 active cases.
137/175 - Dominica - last value from 2020-3-25 with 7 cases, 0 deaths, 0 recovered, 7 active cases.
138/175 - Benin - last value from 2020-3-25 with 6 cases, 0 deaths, 0 recovered, 6 active cases.
139/175 - Gabon - last value from 2020-3-25 with 6 cases, 1 deaths, 0 recovered, 5 active cases.
140/175 - Bahamas - last value from 2020-3-25 with 5 cases, 0 deaths, 0 recovered, 5 active cases.
141/175 - Fiji - last value from 2020-3-25 with 5 cases, 0 deaths, 0 recovered, 5 active cases.
142/175 - Guyana - last value from 2020-3-25 with 5 cases, 1 deaths, 0 recovered, 4 active cases.
143/175 - Mozambique - last value from 2020-3-25 with 5 cases, 0 deaths, 0 recovered, 5 active cases.
144/175 - Syria - last value from 2020-3-25 with 5 cases, 0 deaths, 0 recovered, 5 active cases.
145/175 - Cabo Verde - last value from 2020-3-25 with 4 cases, 1 deaths, 0 recovered, 3 active cases.
146/175 - Congo (Brazzaville) - last value from 2020-3-25 with 4 cases, 0 deaths, 0 recovered, 4 active cases.
147/175 - Eritrea - last value from 2020-3-25 with 4 cases, 0 deaths, 0 recovered, 4 active cases.
148/175 - Eswatini - last value from 2020-3-25 with 4 cases, 0 deaths, 0 recovered, 4 active cases.
149/175 - Guinea - last value from 2020-3-25 with 4 cases, 0 deaths, 0 recovered, 4 active cases.
150/175 - Holy See - last value from 2020-3-25 with 4 cases, 0 deaths, 0 recovered, 4 active cases.
151/175 - Angola - last value from 2020-3-25 with 3 cases, 0 deaths, 0 recovered, 3 active cases.
152/175 - Antigua and Barbuda - last value from 2020-3-25 with 3 cases, 0 deaths, 0 recovered, 3 active cases.
153/175 - Central African Republic - last value from 2020-3-25 with 3 cases, 0 deaths, 0 recovered, 3 active cases.
154/175 - Chad - last value from 2020-3-25 with 3 cases, 0 deaths, 0 recovered, 3 active cases.
155/175 - Gambia - last value from 2020-3-25 with 3 cases, 1 deaths, 0 recovered, 2 active cases.
156/175 - Liberia - last value from 2020-3-25 with 3 cases, 0 deaths, 0 recovered, 3 active cases.
157/175 - Nepal - last value from 2020-3-25 with 3 cases, 0 deaths, 0 recovered, 3 active cases.
158/175 - Saint Lucia - last value from 2020-3-25 with 3 cases, 0 deaths, 0 recovered, 3 active cases.
159/175 - Sudan - last value from 2020-3-25 with 3 cases, 1 deaths, 0 recovered, 2 active cases.
160/175 - Zimbabwe - last value from 2020-3-25 with 3 cases, 1 deaths, 0 recovered, 2 active cases.
161/175 - Laos - last value from 2020-3-25 with 3 cases, 0 deaths, 0 recovered, 3 active cases.
162/175 - Bhutan - last value from 2020-3-25 with 2 cases, 0 deaths, 0 recovered, 2 active cases.
163/175 - Mauritania - last value from 2020-3-25 with 2 cases, 0 deaths, 0 recovered, 2 active cases.
164/175 - Nicaragua - last value from 2020-3-25 with 2 cases, 0 deaths, 0 recovered, 2 active cases.
165/175 - Belize - last value from 2020-3-25 with 2 cases, 0 deaths, 0 recovered, 2 active cases.
166/175 - Guinea-Bissau - last value from 2020-3-25 with 2 cases, 0 deaths, 0 recovered, 2 active cases.
167/175 - Mali - last value from 2020-3-25 with 2 cases, 0 deaths, 0 recovered, 2 active cases.
168/175 - Saint Kitts and Nevis - last value from 2020-3-25 with 2 cases, 0 deaths, 0 recovered, 2 active cases.
169/175 - Papua New Guinea - last value from 2020-3-25 with 1 cases, 0 deaths, 0 recovered, 1 active cases.
170/175 - Saint Vincent and the Grenadines - last value from 2020-3-25 with 1 cases, 0 deaths, 0 recovered, 1 active cases.
171/175 - Somalia - last value from 2020-3-25 with 1 cases, 0 deaths, 0 recovered, 1 active cases.
172/175 - Grenada - last value from 2020-3-25 with 1 cases, 0 deaths, 0 recovered, 1 active cases.
173/175 - Timor-Leste - last value from 2020-3-25 with 1 cases, 0 deaths, 0 recovered, 1 active cases.
174/175 - Libya - last value from 2020-3-25 with 1 cases, 0 deaths, 0 recovered, 1 active cases.
175/175 - West Bank and Gaza - last value from 2020-3-25 with -1 cases, -1 deaths, 0 recovered, 0 active cases.
Generating plots done!
Thu Mar 26 13:08:17 PDT 2020 - end
