Tue Mar 31 18:05:01 PDT 2020 - start
* # of countries 180
1/181 - TOTAL - last value from 2020-3-31 with 857487 cases, 42107 deaths, 178034 recovered, 637346 active cases.
2/181 - US - last value from 2020-3-31 with 188172 cases, 3873 deaths, 7024 recovered, 177275 active cases.
3/181 - Italy - last value from 2020-3-31 with 105792 cases, 12428 deaths, 15729 recovered, 77635 active cases.
4/181 - Spain - last value from 2020-3-31 with 95923 cases, 8464 deaths, 19259 recovered, 68200 active cases.
5/181 - China - last value from 2020-3-31 with 82279 cases, 3309 deaths, 76206 recovered, 2764 active cases.
6/181 - Germany - last value from 2020-3-31 with 71808 cases, 775 deaths, 16100 recovered, 54933 active cases.
7/181 - France - last value from 2020-3-31 with 52827 cases, 3532 deaths, 9513 recovered, 39782 active cases.
8/181 - Iran - last value from 2020-3-31 with 44605 cases, 2898 deaths, 14656 recovered, 27051 active cases.
9/181 - United Kingdom - last value from 2020-3-31 with 25481 cases, 1793 deaths, 179 recovered, 23509 active cases.
10/181 - Switzerland - last value from 2020-3-31 with 16605 cases, 433 deaths, 1823 recovered, 14349 active cases.
11/181 - Turkey - last value from 2020-3-31 with 13531 cases, 214 deaths, 243 recovered, 13074 active cases.
12/181 - Belgium - last value from 2020-3-31 with 12775 cases, 705 deaths, 1696 recovered, 10374 active cases.
13/181 - Netherlands - last value from 2020-3-31 with 12667 cases, 1040 deaths, 253 recovered, 11374 active cases.
14/181 - Austria - last value from 2020-3-31 with 10180 cases, 128 deaths, 1095 recovered, 8957 active cases.
15/181 - Korea, South - last value from 2020-3-31 with 9786 cases, 162 deaths, 5408 recovered, 4216 active cases.
16/181 - Canada - last value from 2020-3-31 with 8527 cases, 101 deaths, 1592 recovered, 6834 active cases.
17/181 - Portugal - last value from 2020-3-31 with 7443 cases, 160 deaths, 43 recovered, 7240 active cases.
18/181 - Brazil - last value from 2020-3-31 with 5717 cases, 201 deaths, 127 recovered, 5389 active cases.
19/181 - Israel - last value from 2020-3-31 with 5358 cases, 20 deaths, 224 recovered, 5114 active cases.
20/181 - Norway - last value from 2020-3-31 with 4641 cases, 39 deaths, 13 recovered, 4589 active cases.
21/181 - Australia - last value from 2020-3-31 with 4559 cases, 18 deaths, 358 recovered, 4183 active cases.
22/181 - Sweden - last value from 2020-3-31 with 4435 cases, 180 deaths, 16 recovered, 4239 active cases.
23/181 - Czechia - last value from 2020-3-31 with 3308 cases, 31 deaths, 45 recovered, 3232 active cases.
24/181 - Ireland - last value from 2020-3-31 with 3235 cases, 71 deaths, 5 recovered, 3159 active cases.
25/181 - Denmark - last value from 2020-3-31 with 3039 cases, 90 deaths, 77 recovered, 2872 active cases.
26/181 - Malaysia - last value from 2020-3-31 with 2766 cases, 43 deaths, 537 recovered, 2186 active cases.
27/181 - Chile - last value from 2020-3-31 with 2738 cases, 12 deaths, 156 recovered, 2570 active cases.
28/181 - Russia - last value from 2020-3-31 with 2337 cases, 17 deaths, 121 recovered, 2199 active cases.
29/181 - Poland - last value from 2020-3-31 with 2311 cases, 33 deaths, 7 recovered, 2271 active cases.
30/181 - Romania - last value from 2020-3-31 with 2245 cases, 82 deaths, 220 recovered, 1943 active cases.
31/181 - Ecuador - last value from 2020-3-31 with 2240 cases, 75 deaths, 54 recovered, 2111 active cases.
32/181 - Luxembourg - last value from 2020-3-31 with 2178 cases, 23 deaths, 80 recovered, 2075 active cases.
33/181 - Philippines - last value from 2020-3-31 with 2084 cases, 88 deaths, 49 recovered, 1947 active cases.
34/181 - Japan - last value from 2020-3-31 with 1953 cases, 56 deaths, 424 recovered, 1473 active cases.
35/181 - Pakistan - last value from 2020-3-31 with 1938 cases, 26 deaths, 76 recovered, 1836 active cases.
36/181 - Thailand - last value from 2020-3-31 with 1651 cases, 10 deaths, 342 recovered, 1299 active cases.
37/181 - Saudi Arabia - last value from 2020-3-31 with 1563 cases, 10 deaths, 165 recovered, 1388 active cases.
38/181 - Indonesia - last value from 2020-3-31 with 1528 cases, 136 deaths, 81 recovered, 1311 active cases.
39/181 - Finland - last value from 2020-3-31 with 1418 cases, 17 deaths, 10 recovered, 1391 active cases.
40/181 - India - last value from 2020-3-31 with 1397 cases, 35 deaths, 123 recovered, 1239 active cases.
41/181 - South Africa - last value from 2020-3-31 with 1353 cases, 5 deaths, 31 recovered, 1317 active cases.
42/181 - Greece - last value from 2020-3-31 with 1314 cases, 49 deaths, 52 recovered, 1213 active cases.
43/181 - Panama - last value from 2020-3-31 with 1181 cases, 30 deaths, 9 recovered, 1142 active cases.
44/181 - Iceland - last value from 2020-3-31 with 1135 cases, 2 deaths, 198 recovered, 935 active cases.
45/181 - Dominican Republic - last value from 2020-3-31 with 1109 cases, 51 deaths, 5 recovered, 1053 active cases.
46/181 - Mexico - last value from 2020-3-31 with 1094 cases, 28 deaths, 35 recovered, 1031 active cases.
47/181 - Peru - last value from 2020-3-31 with 1065 cases, 30 deaths, 394 recovered, 641 active cases.
48/181 - Argentina - last value from 2020-3-31 with 1054 cases, 27 deaths, 240 recovered, 787 active cases.
49/181 - Singapore - last value from 2020-3-31 with 926 cases, 3 deaths, 240 recovered, 683 active cases.
50/181 - Colombia - last value from 2020-3-31 with 906 cases, 16 deaths, 31 recovered, 859 active cases.
51/181 - Serbia - last value from 2020-3-31 with 900 cases, 16 deaths, 0 recovered, 884 active cases.
52/181 - Croatia - last value from 2020-3-31 with 867 cases, 6 deaths, 67 recovered, 794 active cases.
53/181 - Slovenia - last value from 2020-3-31 with 802 cases, 15 deaths, 10 recovered, 777 active cases.
54/181 - Qatar - last value from 2020-3-31 with 781 cases, 2 deaths, 62 recovered, 717 active cases.
55/181 - Estonia - last value from 2020-3-31 with 745 cases, 4 deaths, 26 recovered, 715 active cases.
56/181 - Algeria - last value from 2020-3-31 with 716 cases, 44 deaths, 46 recovered, 626 active cases.
57/181 - Diamond Princess - last value from 2020-3-31 with 712 cases, 10 deaths, 603 recovered, 99 active cases.
58/181 - Egypt - last value from 2020-3-31 with 710 cases, 46 deaths, 157 recovered, 507 active cases.
59/181 - Iraq - last value from 2020-3-31 with 694 cases, 50 deaths, 170 recovered, 474 active cases.
60/181 - United Arab Emirates - last value from 2020-3-31 with 664 cases, 6 deaths, 61 recovered, 597 active cases.
61/181 - New Zealand - last value from 2020-3-31 with 647 cases, 1 deaths, 74 recovered, 572 active cases.
62/181 - Ukraine - last value from 2020-3-31 with 645 cases, 17 deaths, 10 recovered, 618 active cases.
63/181 - Morocco - last value from 2020-3-31 with 617 cases, 36 deaths, 24 recovered, 557 active cases.
64/181 - Bahrain - last value from 2020-3-31 with 567 cases, 4 deaths, 295 recovered, 268 active cases.
65/181 - Lithuania - last value from 2020-3-31 with 537 cases, 8 deaths, 7 recovered, 522 active cases.
66/181 - Armenia - last value from 2020-3-31 with 532 cases, 3 deaths, 30 recovered, 499 active cases.
67/181 - Hungary - last value from 2020-3-31 with 492 cases, 16 deaths, 37 recovered, 439 active cases.
68/181 - Lebanon - last value from 2020-3-31 with 470 cases, 12 deaths, 37 recovered, 421 active cases.
69/181 - Bosnia and Herzegovina - last value from 2020-3-31 with 420 cases, 13 deaths, 17 recovered, 390 active cases.
70/181 - Bulgaria - last value from 2020-3-31 with 399 cases, 8 deaths, 17 recovered, 374 active cases.
71/181 - Latvia - last value from 2020-3-31 with 398 cases, 0 deaths, 1 recovered, 397 active cases.
72/181 - Tunisia - last value from 2020-3-31 with 394 cases, 10 deaths, 3 recovered, 381 active cases.
73/181 - Andorra - last value from 2020-3-31 with 376 cases, 12 deaths, 10 recovered, 354 active cases.
74/181 - Slovakia - last value from 2020-3-31 with 363 cases, 0 deaths, 3 recovered, 360 active cases.
75/181 - Moldova - last value from 2020-3-31 with 353 cases, 4 deaths, 18 recovered, 331 active cases.
76/181 - Costa Rica - last value from 2020-3-31 with 347 cases, 2 deaths, 4 recovered, 341 active cases.
77/181 - Kazakhstan - last value from 2020-3-31 with 343 cases, 2 deaths, 24 recovered, 317 active cases.
78/181 - Uruguay - last value from 2020-3-31 with 338 cases, 1 deaths, 41 recovered, 296 active cases.
79/181 - North Macedonia - last value from 2020-3-31 with 329 cases, 9 deaths, 12 recovered, 308 active cases.
80/181 - Taiwan* - last value from 2020-3-31 with 322 cases, 5 deaths, 39 recovered, 278 active cases.
81/181 - Azerbaijan - last value from 2020-3-31 with 298 cases, 5 deaths, 26 recovered, 267 active cases.
82/181 - Kuwait - last value from 2020-3-31 with 289 cases, 0 deaths, 73 recovered, 216 active cases.
83/181 - Jordan - last value from 2020-3-31 with 274 cases, 5 deaths, 30 recovered, 239 active cases.
84/181 - Cyprus - last value from 2020-3-31 with 262 cases, 8 deaths, 23 recovered, 231 active cases.
85/181 - Burkina Faso - last value from 2020-3-31 with 261 cases, 14 deaths, 32 recovered, 215 active cases.
86/181 - Albania - last value from 2020-3-31 with 243 cases, 15 deaths, 52 recovered, 176 active cases.
87/181 - San Marino - last value from 2020-3-31 with 236 cases, 26 deaths, 13 recovered, 197 active cases.
88/181 - Vietnam - last value from 2020-3-31 with 212 cases, 0 deaths, 58 recovered, 154 active cases.
89/181 - Cameroon - last value from 2020-3-31 with 193 cases, 6 deaths, 5 recovered, 182 active cases.
90/181 - Oman - last value from 2020-3-31 with 192 cases, 1 deaths, 34 recovered, 157 active cases.
91/181 - Cuba - last value from 2020-3-31 with 186 cases, 6 deaths, 8 recovered, 172 active cases.
92/181 - Cote d'Ivoire - last value from 2020-3-31 with 179 cases, 1 deaths, 7 recovered, 171 active cases.
93/181 - Senegal - last value from 2020-3-31 with 175 cases, 0 deaths, 40 recovered, 135 active cases.
94/181 - Afghanistan - last value from 2020-3-31 with 174 cases, 4 deaths, 5 recovered, 165 active cases.
95/181 - Uzbekistan - last value from 2020-3-31 with 172 cases, 2 deaths, 7 recovered, 163 active cases.
96/181 - Malta - last value from 2020-3-31 with 169 cases, 0 deaths, 2 recovered, 167 active cases.
97/181 - Ghana - last value from 2020-3-31 with 161 cases, 5 deaths, 31 recovered, 125 active cases.
98/181 - Belarus - last value from 2020-3-31 with 152 cases, 1 deaths, 47 recovered, 104 active cases.
99/181 - Mauritius - last value from 2020-3-31 with 143 cases, 5 deaths, 0 recovered, 138 active cases.
100/181 - Sri Lanka - last value from 2020-3-31 with 143 cases, 2 deaths, 17 recovered, 124 active cases.
101/181 - Honduras - last value from 2020-3-31 with 141 cases, 7 deaths, 3 recovered, 131 active cases.
102/181 - Nigeria - last value from 2020-3-31 with 135 cases, 2 deaths, 8 recovered, 125 active cases.
103/181 - Venezuela - last value from 2020-3-31 with 135 cases, 3 deaths, 39 recovered, 93 active cases.
104/181 - Brunei - last value from 2020-3-31 with 129 cases, 1 deaths, 45 recovered, 83 active cases.
105/181 - West Bank and Gaza - last value from 2020-3-31 with 119 cases, 1 deaths, 18 recovered, 100 active cases.
106/181 - Kosovo - last value from 2020-3-31 with 112 cases, 1 deaths, 6 recovered, 105 active cases.
107/181 - Georgia - last value from 2020-3-31 with 110 cases, 0 deaths, 21 recovered, 89 active cases.
108/181 - Cambodia - last value from 2020-3-31 with 109 cases, 0 deaths, 23 recovered, 86 active cases.
109/181 - Montenegro - last value from 2020-3-31 with 109 cases, 2 deaths, 0 recovered, 107 active cases.
110/181 - Bolivia - last value from 2020-3-31 with 107 cases, 6 deaths, 0 recovered, 101 active cases.
111/181 - Kyrgyzstan - last value from 2020-3-31 with 107 cases, 0 deaths, 3 recovered, 104 active cases.
112/181 - Congo (Kinshasa) - last value from 2020-3-31 with 98 cases, 8 deaths, 2 recovered, 88 active cases.
113/181 - Trinidad and Tobago - last value from 2020-3-31 with 87 cases, 3 deaths, 1 recovered, 83 active cases.
114/181 - Rwanda - last value from 2020-3-31 with 75 cases, 0 deaths, 0 recovered, 75 active cases.
115/181 - Liechtenstein - last value from 2020-3-31 with 68 cases, 0 deaths, 0 recovered, 68 active cases.
116/181 - Paraguay - last value from 2020-3-31 with 65 cases, 3 deaths, 1 recovered, 61 active cases.
117/181 - Kenya - last value from 2020-3-31 with 59 cases, 1 deaths, 1 recovered, 57 active cases.
118/181 - Madagascar - last value from 2020-3-31 with 57 cases, 0 deaths, 0 recovered, 57 active cases.
119/181 - Monaco - last value from 2020-3-31 with 52 cases, 1 deaths, 2 recovered, 49 active cases.
120/181 - Bangladesh - last value from 2020-3-31 with 51 cases, 5 deaths, 25 recovered, 21 active cases.
121/181 - Uganda - last value from 2020-3-31 with 44 cases, 0 deaths, 0 recovered, 44 active cases.
122/181 - Guatemala - last value from 2020-3-31 with 38 cases, 1 deaths, 12 recovered, 25 active cases.
123/181 - Jamaica - last value from 2020-3-31 with 36 cases, 1 deaths, 2 recovered, 33 active cases.
124/181 - Zambia - last value from 2020-3-31 with 35 cases, 0 deaths, 0 recovered, 35 active cases.
125/181 - Barbados - last value from 2020-3-31 with 34 cases, 0 deaths, 0 recovered, 34 active cases.
126/181 - Togo - last value from 2020-3-31 with 34 cases, 1 deaths, 10 recovered, 23 active cases.
127/181 - El Salvador - last value from 2020-3-31 with 32 cases, 1 deaths, 0 recovered, 31 active cases.
128/181 - Djibouti - last value from 2020-3-31 with 30 cases, 0 deaths, 0 recovered, 30 active cases.
129/181 - Mali - last value from 2020-3-31 with 28 cases, 2 deaths, 0 recovered, 26 active cases.
130/181 - Niger - last value from 2020-3-31 with 27 cases, 3 deaths, 0 recovered, 24 active cases.
131/181 - Ethiopia - last value from 2020-3-31 with 26 cases, 0 deaths, 2 recovered, 24 active cases.
132/181 - Guinea - last value from 2020-3-31 with 22 cases, 0 deaths, 0 recovered, 22 active cases.
133/181 - Congo (Brazzaville) - last value from 2020-3-31 with 19 cases, 0 deaths, 0 recovered, 19 active cases.
134/181 - Tanzania - last value from 2020-3-31 with 19 cases, 1 deaths, 1 recovered, 17 active cases.
135/181 - Maldives - last value from 2020-3-31 with 18 cases, 0 deaths, 13 recovered, 5 active cases.
136/181 - Gabon - last value from 2020-3-31 with 16 cases, 1 deaths, 0 recovered, 15 active cases.
137/181 - Eritrea - last value from 2020-3-31 with 15 cases, 0 deaths, 0 recovered, 15 active cases.
138/181 - Haiti - last value from 2020-3-31 with 15 cases, 0 deaths, 1 recovered, 14 active cases.
139/181 - Burma - last value from 2020-3-31 with 15 cases, 1 deaths, 0 recovered, 14 active cases.
140/181 - Bahamas - last value from 2020-3-31 with 14 cases, 0 deaths, 1 recovered, 13 active cases.
141/181 - Saint Lucia - last value from 2020-3-31 with 13 cases, 0 deaths, 1 recovered, 12 active cases.
142/181 - Equatorial Guinea - last value from 2020-3-31 with 12 cases, 0 deaths, 1 recovered, 11 active cases.
143/181 - Guyana - last value from 2020-3-31 with 12 cases, 2 deaths, 0 recovered, 10 active cases.
144/181 - Mongolia - last value from 2020-3-31 with 12 cases, 0 deaths, 2 recovered, 10 active cases.
145/181 - Dominica - last value from 2020-3-31 with 12 cases, 0 deaths, 0 recovered, 12 active cases.
146/181 - Namibia - last value from 2020-3-31 with 11 cases, 0 deaths, 2 recovered, 9 active cases.
147/181 - Seychelles - last value from 2020-3-31 with 10 cases, 0 deaths, 0 recovered, 10 active cases.
148/181 - Syria - last value from 2020-3-31 with 10 cases, 2 deaths, 0 recovered, 8 active cases.
149/181 - Libya - last value from 2020-3-31 with 10 cases, 0 deaths, 1 recovered, 9 active cases.
150/181 - Benin - last value from 2020-3-31 with 9 cases, 0 deaths, 1 recovered, 8 active cases.
151/181 - Eswatini - last value from 2020-3-31 with 9 cases, 0 deaths, 0 recovered, 9 active cases.
152/181 - Suriname - last value from 2020-3-31 with 9 cases, 0 deaths, 0 recovered, 9 active cases.
153/181 - Grenada - last value from 2020-3-31 with 9 cases, 0 deaths, 0 recovered, 9 active cases.
154/181 - Laos - last value from 2020-3-31 with 9 cases, 0 deaths, 0 recovered, 9 active cases.
155/181 - Zimbabwe - last value from 2020-3-31 with 8 cases, 1 deaths, 0 recovered, 7 active cases.
156/181 - Mozambique - last value from 2020-3-31 with 8 cases, 0 deaths, 0 recovered, 8 active cases.
157/181 - Guinea-Bissau - last value from 2020-3-31 with 8 cases, 0 deaths, 0 recovered, 8 active cases.
158/181 - Saint Kitts and Nevis - last value from 2020-3-31 with 8 cases, 0 deaths, 0 recovered, 8 active cases.
159/181 - Angola - last value from 2020-3-31 with 7 cases, 2 deaths, 1 recovered, 4 active cases.
160/181 - Antigua and Barbuda - last value from 2020-3-31 with 7 cases, 0 deaths, 0 recovered, 7 active cases.
161/181 - Chad - last value from 2020-3-31 with 7 cases, 0 deaths, 0 recovered, 7 active cases.
162/181 - Sudan - last value from 2020-3-31 with 7 cases, 2 deaths, 1 recovered, 4 active cases.
163/181 - Cabo Verde - last value from 2020-3-31 with 6 cases, 1 deaths, 0 recovered, 5 active cases.
164/181 - Holy See - last value from 2020-3-31 with 6 cases, 0 deaths, 0 recovered, 6 active cases.
165/181 - Mauritania - last value from 2020-3-31 with 6 cases, 1 deaths, 2 recovered, 3 active cases.
166/181 - Fiji - last value from 2020-3-31 with 5 cases, 0 deaths, 0 recovered, 5 active cases.
167/181 - Nepal - last value from 2020-3-31 with 5 cases, 0 deaths, 1 recovered, 4 active cases.
168/181 - Nicaragua - last value from 2020-3-31 with 5 cases, 1 deaths, 0 recovered, 4 active cases.
169/181 - Somalia - last value from 2020-3-31 with 5 cases, 0 deaths, 1 recovered, 4 active cases.
170/181 - Bhutan - last value from 2020-3-31 with 4 cases, 0 deaths, 0 recovered, 4 active cases.
171/181 - Gambia - last value from 2020-3-31 with 4 cases, 1 deaths, 0 recovered, 3 active cases.
172/181 - Botswana - last value from 2020-3-31 with 4 cases, 1 deaths, 0 recovered, 3 active cases.
173/181 - Central African Republic - last value from 2020-3-31 with 3 cases, 0 deaths, 0 recovered, 3 active cases.
174/181 - Liberia - last value from 2020-3-31 with 3 cases, 0 deaths, 0 recovered, 3 active cases.
175/181 - Belize - last value from 2020-3-31 with 3 cases, 0 deaths, 0 recovered, 3 active cases.
176/181 - MS Zaandam - last value from 2020-3-31 with 2 cases, 0 deaths, 0 recovered, 2 active cases.
177/181 - Burundi - last value from 2020-3-31 with 2 cases, 0 deaths, 0 recovered, 2 active cases.
178/181 - Papua New Guinea - last value from 2020-3-31 with 1 cases, 0 deaths, 0 recovered, 1 active cases.
179/181 - Saint Vincent and the Grenadines - last value from 2020-3-31 with 1 cases, 0 deaths, 1 recovered, 0 active cases.
180/181 - Timor-Leste - last value from 2020-3-31 with 1 cases, 0 deaths, 0 recovered, 1 active cases.
181/181 - Sierra Leone - last value from 2020-3-31 with 1 cases, 0 deaths, 0 recovered, 1 active cases.
Generating plots done!
Tue Mar 31 18:07:48 PDT 2020 - end
