Tue Mar 24 00:05:01 PDT 2020 - start
* # of countries 183
1/184 - TOTAL - last value from 2020-3-23 with 336004 cases, 14643 deaths, 98334 recovered, 223027 active cases.
2/184 - China - last value from 2020-3-23 with 81439 cases, 3274 deaths, 72814 recovered, 5351 active cases.
3/184 - Italy - last value from 2020-3-23 with 59138 cases, 5476 deaths, 7024 recovered, 46638 active cases.
4/184 - US - last value from 2020-3-23 with 33276 cases, 417 deaths, 178 recovered, 32681 active cases.
5/184 - Spain - last value from 2020-3-23 with 28768 cases, 1772 deaths, 2575 recovered, 24421 active cases.
6/184 - Germany - last value from 2020-3-23 with 24873 cases, 94 deaths, 266 recovered, 24513 active cases.
7/184 - Iran - last value from 2020-3-23 with 21638 cases, 1685 deaths, 7931 recovered, 12022 active cases.
8/184 - France - last value from 2020-3-23 with 16044 cases, 674 deaths, 2200 recovered, 13170 active cases.
9/184 - Korea, South - last value from 2020-3-23 with 8897 cases, 104 deaths, 2909 recovered, 5884 active cases.
10/184 - Switzerland - last value from 2020-3-23 with 7245 cases, 98 deaths, 131 recovered, 7016 active cases.
11/184 - United Kingdom - last value from 2020-3-23 with 5741 cases, 282 deaths, 67 recovered, 5392 active cases.
12/184 - Netherlands - last value from 2020-3-23 with 4216 cases, 180 deaths, 2 recovered, 4034 active cases.
13/184 - Belgium - last value from 2020-3-23 with 3401 cases, 75 deaths, 263 recovered, 3063 active cases.
14/184 - Austria - last value from 2020-3-23 with 3244 cases, 16 deaths, 9 recovered, 3219 active cases.
15/184 - Norway - last value from 2020-3-23 with 2383 cases, 7 deaths, 1 recovered, 2375 active cases.
16/184 - Sweden - last value from 2020-3-23 with 1934 cases, 21 deaths, 16 recovered, 1897 active cases.
17/184 - Portugal - last value from 2020-3-23 with 1600 cases, 14 deaths, 5 recovered, 1581 active cases.
18/184 - Brazil - last value from 2020-3-23 with 1593 cases, 25 deaths, 2 recovered, 1566 active cases.
19/184 - Denmark - last value from 2020-3-23 with 1514 cases, 13 deaths, 1 recovered, 1500 active cases.
20/184 - Canada - last value from 2020-3-23 with 1470 cases, 21 deaths, 10 recovered, 1439 active cases.
21/184 - Australia - last value from 2020-3-23 with 1314 cases, 7 deaths, 88 recovered, 1219 active cases.
22/184 - Malaysia - last value from 2020-3-23 with 1306 cases, 10 deaths, 139 recovered, 1157 active cases.
23/184 - Turkey - last value from 2020-3-23 with 1236 cases, 30 deaths, 0 recovered, 1206 active cases.
24/184 - Czechia - last value from 2020-3-23 with 1120 cases, 1 deaths, 6 recovered, 1113 active cases.
25/184 - Japan - last value from 2020-3-23 with 1086 cases, 40 deaths, 235 recovered, 811 active cases.
26/184 - Israel - last value from 2020-3-23 with 1071 cases, 1 deaths, 37 recovered, 1033 active cases.
27/184 - Ireland - last value from 2020-3-23 with 906 cases, 4 deaths, 5 recovered, 897 active cases.
28/184 - Luxembourg - last value from 2020-3-23 with 798 cases, 8 deaths, 6 recovered, 784 active cases.
29/184 - Ecuador - last value from 2020-3-23 with 789 cases, 14 deaths, 3 recovered, 772 active cases.
30/184 - Pakistan - last value from 2020-3-23 with 776 cases, 5 deaths, 5 recovered, 766 active cases.
31/184 - Cruise Ship - last value from 2020-3-23 with 712 cases, 8 deaths, 325 recovered, 379 active cases.
32/184 - Poland - last value from 2020-3-23 with 634 cases, 7 deaths, 1 recovered, 626 active cases.
33/184 - Chile - last value from 2020-3-23 with 632 cases, 1 deaths, 8 recovered, 623 active cases.
34/184 - Finland - last value from 2020-3-23 with 626 cases, 1 deaths, 10 recovered, 615 active cases.
35/184 - Greece - last value from 2020-3-23 with 624 cases, 15 deaths, 19 recovered, 590 active cases.
36/184 - Thailand - last value from 2020-3-23 with 599 cases, 1 deaths, 44 recovered, 554 active cases.
37/184 - Iceland - last value from 2020-3-23 with 568 cases, 1 deaths, 36 recovered, 531 active cases.
38/184 - Indonesia - last value from 2020-3-23 with 514 cases, 48 deaths, 29 recovered, 437 active cases.
39/184 - Saudi Arabia - last value from 2020-3-23 with 511 cases, 0 deaths, 16 recovered, 495 active cases.
40/184 - Qatar - last value from 2020-3-23 with 494 cases, 0 deaths, 33 recovered, 461 active cases.
41/184 - Singapore - last value from 2020-3-23 with 455 cases, 2 deaths, 144 recovered, 309 active cases.
42/184 - Romania - last value from 2020-3-23 with 433 cases, 3 deaths, 64 recovered, 366 active cases.
43/184 - Slovenia - last value from 2020-3-23 with 414 cases, 2 deaths, 0 recovered, 412 active cases.
44/184 - India - last value from 2020-3-23 with 396 cases, 7 deaths, 27 recovered, 362 active cases.
45/184 - Philippines - last value from 2020-3-23 with 380 cases, 25 deaths, 17 recovered, 338 active cases.
46/184 - Russia - last value from 2020-3-23 with 367 cases, 0 deaths, 16 recovered, 351 active cases.
47/184 - Peru - last value from 2020-3-23 with 363 cases, 5 deaths, 1 recovered, 357 active cases.
48/184 - Bahrain - last value from 2020-3-23 with 332 cases, 2 deaths, 149 recovered, 181 active cases.
49/184 - Egypt - last value from 2020-3-23 with 327 cases, 14 deaths, 56 recovered, 257 active cases.
50/184 - Estonia - last value from 2020-3-23 with 326 cases, 0 deaths, 2 recovered, 324 active cases.
51/184 - South Africa - last value from 2020-3-23 with 274 cases, 0 deaths, 0 recovered, 274 active cases.
52/184 - Croatia - last value from 2020-3-23 with 254 cases, 1 deaths, 5 recovered, 248 active cases.
53/184 - Mexico - last value from 2020-3-23 with 251 cases, 2 deaths, 4 recovered, 245 active cases.
54/184 - Lebanon - last value from 2020-3-23 with 248 cases, 4 deaths, 8 recovered, 236 active cases.
55/184 - Panama - last value from 2020-3-23 with 245 cases, 3 deaths, 0 recovered, 242 active cases.
56/184 - Iraq - last value from 2020-3-23 with 233 cases, 20 deaths, 57 recovered, 156 active cases.
57/184 - Colombia - last value from 2020-3-23 with 231 cases, 2 deaths, 3 recovered, 226 active cases.
58/184 - Argentina - last value from 2020-3-23 with 225 cases, 4 deaths, 3 recovered, 218 active cases.
59/184 - Serbia - last value from 2020-3-23 with 222 cases, 2 deaths, 1 recovered, 219 active cases.
60/184 - Dominican Republic - last value from 2020-3-23 with 202 cases, 3 deaths, 0 recovered, 199 active cases.
61/184 - Algeria - last value from 2020-3-23 with 201 cases, 17 deaths, 65 recovered, 119 active cases.
62/184 - Armenia - last value from 2020-3-23 with 194 cases, 0 deaths, 2 recovered, 192 active cases.
63/184 - Kuwait - last value from 2020-3-23 with 188 cases, 0 deaths, 27 recovered, 161 active cases.
64/184 - Bulgaria - last value from 2020-3-23 with 187 cases, 3 deaths, 3 recovered, 181 active cases.
65/184 - Slovakia - last value from 2020-3-23 with 185 cases, 1 deaths, 7 recovered, 177 active cases.
66/184 - Taiwan* - last value from 2020-3-23 with 169 cases, 2 deaths, 28 recovered, 139 active cases.
67/184 - San Marino - last value from 2020-3-23 with 160 cases, 20 deaths, 4 recovered, 136 active cases.
68/184 - United Arab Emirates - last value from 2020-3-23 with 153 cases, 2 deaths, 38 recovered, 113 active cases.
69/184 - Latvia - last value from 2020-3-23 with 139 cases, 0 deaths, 1 recovered, 138 active cases.
70/184 - Uruguay - last value from 2020-3-23 with 135 cases, 0 deaths, 0 recovered, 135 active cases.
71/184 - Costa Rica - last value from 2020-3-23 with 134 cases, 2 deaths, 2 recovered, 130 active cases.
72/184 - Lithuania - last value from 2020-3-23 with 131 cases, 1 deaths, 1 recovered, 129 active cases.
73/184 - Hungary - last value from 2020-3-23 with 131 cases, 6 deaths, 16 recovered, 109 active cases.
74/184 - Bosnia and Herzegovina - last value from 2020-3-23 with 126 cases, 1 deaths, 2 recovered, 123 active cases.
75/184 - Morocco - last value from 2020-3-23 with 115 cases, 4 deaths, 3 recovered, 108 active cases.
76/184 - North Macedonia - last value from 2020-3-23 with 114 cases, 1 deaths, 1 recovered, 112 active cases.
77/184 - Andorra - last value from 2020-3-23 with 113 cases, 1 deaths, 1 recovered, 111 active cases.
78/184 - Vietnam - last value from 2020-3-23 with 113 cases, 0 deaths, 17 recovered, 96 active cases.
79/184 - Jordan - last value from 2020-3-23 with 112 cases, 0 deaths, 1 recovered, 111 active cases.
80/184 - Cyprus - last value from 2020-3-23 with 95 cases, 1 deaths, 3 recovered, 91 active cases.
81/184 - Moldova - last value from 2020-3-23 with 94 cases, 1 deaths, 1 recovered, 92 active cases.
82/184 - Malta - last value from 2020-3-23 with 90 cases, 0 deaths, 2 recovered, 88 active cases.
83/184 - Albania - last value from 2020-3-23 with 89 cases, 2 deaths, 2 recovered, 85 active cases.
84/184 - Brunei - last value from 2020-3-23 with 88 cases, 0 deaths, 2 recovered, 86 active cases.
85/184 - Cambodia - last value from 2020-3-23 with 84 cases, 0 deaths, 1 recovered, 83 active cases.
86/184 - Sri Lanka - last value from 2020-3-23 with 82 cases, 0 deaths, 3 recovered, 79 active cases.
87/184 - Belarus - last value from 2020-3-23 with 76 cases, 0 deaths, 15 recovered, 61 active cases.
88/184 - Tunisia - last value from 2020-3-23 with 75 cases, 3 deaths, 1 recovered, 71 active cases.
89/184 - Burkina Faso - last value from 2020-3-23 with 75 cases, 4 deaths, 5 recovered, 66 active cases.
90/184 - Ukraine - last value from 2020-3-23 with 73 cases, 3 deaths, 1 recovered, 69 active cases.
91/184 - Venezuela - last value from 2020-3-23 with 70 cases, 0 deaths, 15 recovered, 55 active cases.
92/184 - Senegal - last value from 2020-3-23 with 67 cases, 0 deaths, 5 recovered, 62 active cases.
93/184 - New Zealand - last value from 2020-3-23 with 66 cases, 0 deaths, 0 recovered, 66 active cases.
94/184 - Azerbaijan - last value from 2020-3-23 with 65 cases, 1 deaths, 10 recovered, 54 active cases.
95/184 - Kazakhstan - last value from 2020-3-23 with 60 cases, 0 deaths, 0 recovered, 60 active cases.
96/184 - Guadeloupe - last value from 2020-3-23 with 56 cases, 0 deaths, 0 recovered, 56 active cases.
97/184 - Oman - last value from 2020-3-23 with 55 cases, 0 deaths, 17 recovered, 38 active cases.
98/184 - Georgia - last value from 2020-3-23 with 54 cases, 0 deaths, 3 recovered, 51 active cases.
99/184 - Trinidad and Tobago - last value from 2020-3-23 with 50 cases, 0 deaths, 1 recovered, 49 active cases.
100/184 - Reunion - last value from 2020-3-23 with 47 cases, 0 deaths, 0 recovered, 47 active cases.
101/184 - Uzbekistan - last value from 2020-3-23 with 43 cases, 0 deaths, 0 recovered, 43 active cases.
102/184 - Afghanistan - last value from 2020-3-23 with 40 cases, 1 deaths, 1 recovered, 38 active cases.
103/184 - Cameroon - last value from 2020-3-23 with 40 cases, 0 deaths, 0 recovered, 40 active cases.
104/184 - Liechtenstein - last value from 2020-3-23 with 37 cases, 0 deaths, 0 recovered, 37 active cases.
105/184 - Martinique - last value from 2020-3-23 with 37 cases, 1 deaths, 0 recovered, 36 active cases.
106/184 - Cuba - last value from 2020-3-23 with 35 cases, 1 deaths, 0 recovered, 34 active cases.
107/184 - Nigeria - last value from 2020-3-23 with 30 cases, 0 deaths, 2 recovered, 28 active cases.
108/184 - Congo (Kinshasa) - last value from 2020-3-23 with 30 cases, 1 deaths, 0 recovered, 29 active cases.
109/184 - Bangladesh - last value from 2020-3-23 with 27 cases, 2 deaths, 3 recovered, 22 active cases.
110/184 - Honduras - last value from 2020-3-23 with 26 cases, 0 deaths, 0 recovered, 26 active cases.
111/184 - Bolivia - last value from 2020-3-23 with 24 cases, 0 deaths, 0 recovered, 24 active cases.
112/184 - Ghana - last value from 2020-3-23 with 24 cases, 1 deaths, 0 recovered, 23 active cases.
113/184 - Monaco - last value from 2020-3-23 with 23 cases, 0 deaths, 1 recovered, 22 active cases.
114/184 - Paraguay - last value from 2020-3-23 with 22 cases, 1 deaths, 0 recovered, 21 active cases.
115/184 - Montenegro - last value from 2020-3-23 with 21 cases, 0 deaths, 0 recovered, 21 active cases.
116/184 - Guatemala - last value from 2020-3-23 with 19 cases, 1 deaths, 0 recovered, 18 active cases.
117/184 - Rwanda - last value from 2020-3-23 with 19 cases, 0 deaths, 0 recovered, 19 active cases.
118/184 - Mauritius - last value from 2020-3-23 with 18 cases, 1 deaths, 0 recovered, 17 active cases.
119/184 - French Guiana - last value from 2020-3-23 with 18 cases, 0 deaths, 6 recovered, 12 active cases.
120/184 - Togo - last value from 2020-3-23 with 16 cases, 0 deaths, 1 recovered, 15 active cases.
121/184 - Jamaica - last value from 2020-3-23 with 16 cases, 1 deaths, 2 recovered, 13 active cases.
122/184 - Kenya - last value from 2020-3-23 with 15 cases, 0 deaths, 0 recovered, 15 active cases.
123/184 - Cote d'Ivoire - last value from 2020-3-23 with 14 cases, 0 deaths, 1 recovered, 13 active cases.
124/184 - Barbados - last value from 2020-3-23 with 14 cases, 0 deaths, 0 recovered, 14 active cases.
125/184 - Kyrgyzstan - last value from 2020-3-23 with 14 cases, 0 deaths, 0 recovered, 14 active cases.
126/184 - Maldives - last value from 2020-3-23 with 13 cases, 0 deaths, 0 recovered, 13 active cases.
127/184 - Tanzania - last value from 2020-3-23 with 12 cases, 0 deaths, 0 recovered, 12 active cases.
128/184 - Ethiopia - last value from 2020-3-23 with 11 cases, 0 deaths, 4 recovered, 7 active cases.
129/184 - Mayotte - last value from 2020-3-23 with 11 cases, 0 deaths, 0 recovered, 11 active cases.
130/184 - Mongolia - last value from 2020-3-23 with 10 cases, 0 deaths, 0 recovered, 10 active cases.
131/184 - Guyana - last value from 2020-3-23 with 7 cases, 1 deaths, 0 recovered, 6 active cases.
132/184 - Seychelles - last value from 2020-3-23 with 7 cases, 0 deaths, 0 recovered, 7 active cases.
133/184 - Equatorial Guinea - last value from 2020-3-23 with 6 cases, 0 deaths, 0 recovered, 6 active cases.
134/184 - Gabon - last value from 2020-3-23 with 5 cases, 1 deaths, 0 recovered, 4 active cases.
135/184 - Suriname - last value from 2020-3-23 with 5 cases, 0 deaths, 0 recovered, 5 active cases.
136/184 - Eswatini - last value from 2020-3-23 with 4 cases, 0 deaths, 0 recovered, 4 active cases.
137/184 - Bahamas, The - last value from 2020-3-23 with 4 cases, 0 deaths, 0 recovered, 4 active cases.
138/184 - Namibia - last value from 2020-3-23 with 3 cases, 0 deaths, 0 recovered, 3 active cases.
139/184 - Central African Republic - last value from 2020-3-23 with 3 cases, 0 deaths, 0 recovered, 3 active cases.
140/184 - Congo (Brazzaville) - last value from 2020-3-23 with 3 cases, 0 deaths, 0 recovered, 3 active cases.
141/184 - Liberia - last value from 2020-3-23 with 3 cases, 0 deaths, 0 recovered, 3 active cases.
142/184 - Zambia - last value from 2020-3-23 with 3 cases, 0 deaths, 0 recovered, 3 active cases.
143/184 - El Salvador - last value from 2020-3-23 with 3 cases, 0 deaths, 0 recovered, 3 active cases.
144/184 - Madagascar - last value from 2020-3-23 with 3 cases, 0 deaths, 0 recovered, 3 active cases.
145/184 - Cabo Verde - last value from 2020-3-23 with 3 cases, 0 deaths, 0 recovered, 3 active cases.
146/184 - Zimbabwe - last value from 2020-3-23 with 3 cases, 0 deaths, 0 recovered, 3 active cases.
147/184 - Nepal - last value from 2020-3-23 with 2 cases, 0 deaths, 1 recovered, 1 active cases.
148/184 - Bhutan - last value from 2020-3-23 with 2 cases, 0 deaths, 0 recovered, 2 active cases.
149/184 - Sudan - last value from 2020-3-23 with 2 cases, 1 deaths, 0 recovered, 1 active cases.
150/184 - Guinea - last value from 2020-3-23 with 2 cases, 0 deaths, 0 recovered, 2 active cases.
151/184 - Mauritania - last value from 2020-3-23 with 2 cases, 0 deaths, 0 recovered, 2 active cases.
152/184 - Saint Lucia - last value from 2020-3-23 with 2 cases, 0 deaths, 0 recovered, 2 active cases.
153/184 - Kosovo - last value from 2020-3-23 with 2 cases, 0 deaths, 0 recovered, 2 active cases.
154/184 - Benin - last value from 2020-3-23 with 2 cases, 0 deaths, 0 recovered, 2 active cases.
155/184 - Fiji - last value from 2020-3-23 with 2 cases, 0 deaths, 0 recovered, 2 active cases.
156/184 - Nicaragua - last value from 2020-3-23 with 2 cases, 0 deaths, 0 recovered, 2 active cases.
157/184 - Haiti - last value from 2020-3-23 with 2 cases, 0 deaths, 0 recovered, 2 active cases.
158/184 - Angola - last value from 2020-3-23 with 2 cases, 0 deaths, 0 recovered, 2 active cases.
159/184 - Niger - last value from 2020-3-23 with 2 cases, 0 deaths, 0 recovered, 2 active cases.
160/184 - Holy See - last value from 2020-3-23 with 1 cases, 0 deaths, 0 recovered, 1 active cases.
161/184 - Antigua and Barbuda - last value from 2020-3-23 with 1 cases, 0 deaths, 0 recovered, 1 active cases.
162/184 - Saint Vincent and the Grenadines - last value from 2020-3-23 with 1 cases, 0 deaths, 0 recovered, 1 active cases.
163/184 - Somalia - last value from 2020-3-23 with 1 cases, 0 deaths, 0 recovered, 1 active cases.
164/184 - Djibouti - last value from 2020-3-23 with 1 cases, 0 deaths, 0 recovered, 1 active cases.
165/184 - Gambia, The - last value from 2020-3-23 with 1 cases, 0 deaths, 0 recovered, 1 active cases.
166/184 - Chad - last value from 2020-3-23 with 1 cases, 0 deaths, 0 recovered, 1 active cases.
167/184 - Papua New Guinea - last value from 2020-3-23 with 1 cases, 0 deaths, 0 recovered, 1 active cases.
168/184 - Eritrea - last value from 2020-3-23 with 1 cases, 0 deaths, 0 recovered, 1 active cases.
169/184 - Uganda - last value from 2020-3-23 with 1 cases, 0 deaths, 0 recovered, 1 active cases.
170/184 - Dominica - last value from 2020-3-23 with 1 cases, 0 deaths, 0 recovered, 1 active cases.
171/184 - Grenada - last value from 2020-3-23 with 1 cases, 0 deaths, 0 recovered, 1 active cases.
172/184 - Mozambique - last value from 2020-3-23 with 1 cases, 0 deaths, 0 recovered, 1 active cases.
173/184 - Syria - last value from 2020-3-23 with 1 cases, 0 deaths, 0 recovered, 1 active cases.
174/184 - Timor-Leste - last value from 2020-3-23 with 1 cases, 0 deaths, 0 recovered, 1 active cases.
175/184 - Cape Verde - last value from 2020-3-23 with 0 cases, 0 deaths, 0 recovered, 0 active cases.
176/184 - East Timor - last value from 2020-3-23 with 0 cases, 0 deaths, 0 recovered, 0 active cases.
177/184 - Greenland - last value from 2020-3-23 with 0 cases, 0 deaths, 0 recovered, 0 active cases.
178/184 - Guam - last value from 2020-3-23 with 0 cases, 1 deaths, 0 recovered, -1 active cases.
179/184 - Guernsey - last value from 2020-3-23 with 0 cases, 0 deaths, 0 recovered, 0 active cases.
180/184 - Jersey - last value from 2020-3-23 with 0 cases, 0 deaths, 0 recovered, 0 active cases.
181/184 - Puerto Rico - last value from 2020-3-23 with 0 cases, 1 deaths, 0 recovered, -1 active cases.
182/184 - Republic of the Congo - last value from 2020-3-23 with 0 cases, 0 deaths, 0 recovered, 0 active cases.
183/184 - The Bahamas - last value from 2020-3-23 with 0 cases, 0 deaths, 0 recovered, 0 active cases.
184/184 - The Gambia - last value from 2020-3-23 with 0 cases, 0 deaths, 0 recovered, 0 active cases.
Generating plots done!
Tue Mar 24 00:08:19 PDT 2020 - end
