Sat Mar 21 18:05:01 PDT 2020 - start
* # of countries 162
1/163 - TOTAL - last value from 2020-3-20 with 272166 cases, 11299 deaths, 87256 recovered, 173611 active cases.
2/163 - China - last value from 2020-3-20 with 81250 cases, 3253 deaths, 71266 recovered, 6731 active cases.
3/163 - Italy - last value from 2020-3-20 with 47021 cases, 4032 deaths, 4440 recovered, 38549 active cases.
4/163 - Spain - last value from 2020-3-20 with 20410 cases, 1043 deaths, 1588 recovered, 17779 active cases.
5/163 - Germany - last value from 2020-3-20 with 19848 cases, 67 deaths, 180 recovered, 19601 active cases.
6/163 - Iran - last value from 2020-3-20 with 19644 cases, 1433 deaths, 6745 recovered, 11466 active cases.
7/163 - US - last value from 2020-3-20 with 19100 cases, 244 deaths, 0 recovered, 18856 active cases.
8/163 - France - last value from 2020-3-20 with 12726 cases, 450 deaths, 12 recovered, 12264 active cases.
9/163 - Korea, South - last value from 2020-3-20 with 8652 cases, 94 deaths, 1540 recovered, 7018 active cases.
10/163 - Switzerland - last value from 2020-3-20 with 5294 cases, 54 deaths, 15 recovered, 5225 active cases.
11/163 - United Kingdom - last value from 2020-3-20 with 4014 cases, 178 deaths, 67 recovered, 3769 active cases.
12/163 - Netherlands - last value from 2020-3-20 with 3003 cases, 107 deaths, 2 recovered, 2894 active cases.
13/163 - Austria - last value from 2020-3-20 with 2388 cases, 6 deaths, 9 recovered, 2373 active cases.
14/163 - Belgium - last value from 2020-3-20 with 2257 cases, 37 deaths, 1 recovered, 2219 active cases.
15/163 - Norway - last value from 2020-3-20 with 1914 cases, 7 deaths, 1 recovered, 1906 active cases.
16/163 - Sweden - last value from 2020-3-20 with 1639 cases, 16 deaths, 16 recovered, 1607 active cases.
17/163 - Denmark - last value from 2020-3-20 with 1337 cases, 9 deaths, 1 recovered, 1327 active cases.
18/163 - Malaysia - last value from 2020-3-20 with 1030 cases, 3 deaths, 87 recovered, 940 active cases.
19/163 - Portugal - last value from 2020-3-20 with 1020 cases, 6 deaths, 5 recovered, 1009 active cases.
20/163 - Japan - last value from 2020-3-20 with 963 cases, 33 deaths, 191 recovered, 739 active cases.
21/163 - Canada - last value from 2020-3-20 with 943 cases, 12 deaths, 9 recovered, 922 active cases.
22/163 - Czechia - last value from 2020-3-20 with 833 cases, 0 deaths, 4 recovered, 829 active cases.
23/163 - Brazil - last value from 2020-3-20 with 793 cases, 11 deaths, 2 recovered, 780 active cases.
24/163 - Australia - last value from 2020-3-20 with 791 cases, 7 deaths, 26 recovered, 758 active cases.
25/163 - Cruise Ship - last value from 2020-3-20 with 712 cases, 7 deaths, 325 recovered, 380 active cases.
26/163 - Israel - last value from 2020-3-20 with 705 cases, 0 deaths, 14 recovered, 691 active cases.
27/163 - Ireland - last value from 2020-3-20 with 683 cases, 3 deaths, 5 recovered, 675 active cases.
28/163 - Pakistan - last value from 2020-3-20 with 501 cases, 3 deaths, 13 recovered, 485 active cases.
29/163 - Greece - last value from 2020-3-20 with 495 cases, 6 deaths, 19 recovered, 470 active cases.
30/163 - Luxembourg - last value from 2020-3-20 with 484 cases, 4 deaths, 0 recovered, 480 active cases.
31/163 - Qatar - last value from 2020-3-20 with 470 cases, 0 deaths, 10 recovered, 460 active cases.
32/163 - Finland - last value from 2020-3-20 with 450 cases, 0 deaths, 10 recovered, 440 active cases.
33/163 - Chile - last value from 2020-3-20 with 434 cases, 0 deaths, 6 recovered, 428 active cases.
34/163 - Poland - last value from 2020-3-20 with 425 cases, 5 deaths, 1 recovered, 419 active cases.
35/163 - Iceland - last value from 2020-3-20 with 409 cases, 0 deaths, 5 recovered, 404 active cases.
36/163 - Singapore - last value from 2020-3-20 with 385 cases, 0 deaths, 124 recovered, 261 active cases.
37/163 - Indonesia - last value from 2020-3-20 with 369 cases, 32 deaths, 15 recovered, 322 active cases.
38/163 - Ecuador - last value from 2020-3-20 with 367 cases, 5 deaths, 0 recovered, 362 active cases.
39/163 - Turkey - last value from 2020-3-20 with 359 cases, 4 deaths, 0 recovered, 355 active cases.
40/163 - Saudi Arabia - last value from 2020-3-20 with 344 cases, 0 deaths, 8 recovered, 336 active cases.
41/163 - Slovenia - last value from 2020-3-20 with 341 cases, 1 deaths, 0 recovered, 340 active cases.
42/163 - Thailand - last value from 2020-3-20 with 322 cases, 1 deaths, 42 recovered, 279 active cases.
43/163 - Romania - last value from 2020-3-20 with 308 cases, 0 deaths, 25 recovered, 283 active cases.
44/163 - Egypt - last value from 2020-3-20 with 285 cases, 8 deaths, 39 recovered, 238 active cases.
45/163 - Bahrain - last value from 2020-3-20 with 285 cases, 1 deaths, 100 recovered, 184 active cases.
46/163 - Estonia - last value from 2020-3-20 with 283 cases, 0 deaths, 1 recovered, 282 active cases.
47/163 - Russia - last value from 2020-3-20 with 253 cases, 1 deaths, 9 recovered, 243 active cases.
48/163 - India - last value from 2020-3-20 with 244 cases, 5 deaths, 20 recovered, 219 active cases.
49/163 - Peru - last value from 2020-3-20 with 234 cases, 3 deaths, 1 recovered, 230 active cases.
50/163 - Philippines - last value from 2020-3-20 with 230 cases, 18 deaths, 8 recovered, 204 active cases.
51/163 - Iraq - last value from 2020-3-20 with 208 cases, 17 deaths, 49 recovered, 142 active cases.
52/163 - South Africa - last value from 2020-3-20 with 202 cases, 0 deaths, 0 recovered, 202 active cases.
53/163 - Mexico - last value from 2020-3-20 with 164 cases, 1 deaths, 4 recovered, 159 active cases.
54/163 - Lebanon - last value from 2020-3-20 with 163 cases, 4 deaths, 4 recovered, 155 active cases.
55/163 - Kuwait - last value from 2020-3-20 with 159 cases, 0 deaths, 18 recovered, 141 active cases.
56/163 - San Marino - last value from 2020-3-20 with 144 cases, 14 deaths, 4 recovered, 126 active cases.
57/163 - United Arab Emirates - last value from 2020-3-20 with 140 cases, 2 deaths, 31 recovered, 107 active cases.
58/163 - Slovakia - last value from 2020-3-20 with 137 cases, 1 deaths, 0 recovered, 136 active cases.
59/163 - Panama - last value from 2020-3-20 with 137 cases, 1 deaths, 0 recovered, 136 active cases.
60/163 - Armenia - last value from 2020-3-20 with 136 cases, 0 deaths, 1 recovered, 135 active cases.
61/163 - Serbia - last value from 2020-3-20 with 135 cases, 1 deaths, 1 recovered, 133 active cases.
62/163 - Taiwan* - last value from 2020-3-20 with 135 cases, 2 deaths, 26 recovered, 107 active cases.
63/163 - Croatia - last value from 2020-3-20 with 128 cases, 1 deaths, 5 recovered, 122 active cases.
64/163 - Argentina - last value from 2020-3-20 with 128 cases, 3 deaths, 3 recovered, 122 active cases.
65/163 - Colombia - last value from 2020-3-20 with 128 cases, 0 deaths, 1 recovered, 127 active cases.
66/163 - Bulgaria - last value from 2020-3-20 with 127 cases, 3 deaths, 0 recovered, 124 active cases.
67/163 - Latvia - last value from 2020-3-20 with 111 cases, 0 deaths, 1 recovered, 110 active cases.
68/163 - Uruguay - last value from 2020-3-20 with 94 cases, 0 deaths, 0 recovered, 94 active cases.
69/163 - Vietnam - last value from 2020-3-20 with 91 cases, 0 deaths, 16 recovered, 75 active cases.
70/163 - Algeria - last value from 2020-3-20 with 90 cases, 11 deaths, 32 recovered, 47 active cases.
71/163 - Bosnia and Herzegovina - last value from 2020-3-20 with 89 cases, 0 deaths, 2 recovered, 87 active cases.
72/163 - Costa Rica - last value from 2020-3-20 with 89 cases, 1 deaths, 0 recovered, 88 active cases.
73/163 - Jordan - last value from 2020-3-20 with 85 cases, 0 deaths, 1 recovered, 84 active cases.
74/163 - Hungary - last value from 2020-3-20 with 85 cases, 3 deaths, 2 recovered, 80 active cases.
75/163 - Brunei - last value from 2020-3-20 with 78 cases, 0 deaths, 1 recovered, 77 active cases.
76/163 - Morocco - last value from 2020-3-20 with 77 cases, 3 deaths, 1 recovered, 73 active cases.
77/163 - Andorra - last value from 2020-3-20 with 75 cases, 0 deaths, 1 recovered, 74 active cases.
78/163 - Sri Lanka - last value from 2020-3-20 with 73 cases, 0 deaths, 3 recovered, 70 active cases.
79/163 - Dominican Republic - last value from 2020-3-20 with 72 cases, 2 deaths, 0 recovered, 70 active cases.
80/163 - Albania - last value from 2020-3-20 with 70 cases, 2 deaths, 0 recovered, 68 active cases.
81/163 - Belarus - last value from 2020-3-20 with 69 cases, 0 deaths, 5 recovered, 64 active cases.
82/163 - North Macedonia - last value from 2020-3-20 with 67 cases, 0 deaths, 1 recovered, 66 active cases.
83/163 - Cyprus - last value from 2020-3-20 with 67 cases, 0 deaths, 0 recovered, 67 active cases.
84/163 - Moldova - last value from 2020-3-20 with 66 cases, 1 deaths, 1 recovered, 64 active cases.
85/163 - Malta - last value from 2020-3-20 with 64 cases, 0 deaths, 2 recovered, 62 active cases.
86/163 - Tunisia - last value from 2020-3-20 with 54 cases, 1 deaths, 0 recovered, 53 active cases.
87/163 - Cambodia - last value from 2020-3-20 with 51 cases, 0 deaths, 1 recovered, 50 active cases.
88/163 - Lithuania - last value from 2020-3-20 with 49 cases, 0 deaths, 1 recovered, 48 active cases.
89/163 - Kazakhstan - last value from 2020-3-20 with 49 cases, 3 deaths, 0 recovered, 46 active cases.
90/163 - Oman - last value from 2020-3-20 with 48 cases, 0 deaths, 12 recovered, 36 active cases.
91/163 - Azerbaijan - last value from 2020-3-20 with 44 cases, 1 deaths, 6 recovered, 37 active cases.
92/163 - Georgia - last value from 2020-3-20 with 43 cases, 0 deaths, 1 recovered, 42 active cases.
93/163 - Venezuela - last value from 2020-3-20 with 42 cases, 0 deaths, 0 recovered, 42 active cases.
94/163 - Burkina Faso - last value from 2020-3-20 with 40 cases, 1 deaths, 0 recovered, 39 active cases.
95/163 - New Zealand - last value from 2020-3-20 with 39 cases, 0 deaths, 0 recovered, 39 active cases.
96/163 - Senegal - last value from 2020-3-20 with 38 cases, 0 deaths, 2 recovered, 36 active cases.
97/163 - Uzbekistan - last value from 2020-3-20 with 33 cases, 0 deaths, 0 recovered, 33 active cases.
98/163 - Martinique - last value from 2020-3-20 with 32 cases, 1 deaths, 0 recovered, 31 active cases.
99/163 - Ukraine - last value from 2020-3-20 with 29 cases, 3 deaths, 0 recovered, 26 active cases.
100/163 - Liechtenstein - last value from 2020-3-20 with 28 cases, 0 deaths, 0 recovered, 28 active cases.
101/163 - Afghanistan - last value from 2020-3-20 with 24 cases, 0 deaths, 1 recovered, 23 active cases.
102/163 - Honduras - last value from 2020-3-20 with 24 cases, 0 deaths, 0 recovered, 24 active cases.
103/163 - Cameroon - last value from 2020-3-20 with 20 cases, 0 deaths, 0 recovered, 20 active cases.
104/163 - Bangladesh - last value from 2020-3-20 with 20 cases, 1 deaths, 3 recovered, 16 active cases.
105/163 - Congo (Kinshasa) - last value from 2020-3-20 with 18 cases, 0 deaths, 0 recovered, 18 active cases.
106/163 - Rwanda - last value from 2020-3-20 with 17 cases, 0 deaths, 0 recovered, 17 active cases.
107/163 - Jamaica - last value from 2020-3-20 with 16 cases, 1 deaths, 2 recovered, 13 active cases.
108/163 - Cuba - last value from 2020-3-20 with 16 cases, 1 deaths, 0 recovered, 15 active cases.
109/163 - Ghana - last value from 2020-3-20 with 16 cases, 0 deaths, 0 recovered, 16 active cases.
110/163 - Bolivia - last value from 2020-3-20 with 15 cases, 0 deaths, 0 recovered, 15 active cases.
111/163 - Montenegro - last value from 2020-3-20 with 14 cases, 0 deaths, 0 recovered, 14 active cases.
112/163 - Maldives - last value from 2020-3-20 with 13 cases, 0 deaths, 0 recovered, 13 active cases.
113/163 - Paraguay - last value from 2020-3-20 with 13 cases, 0 deaths, 0 recovered, 13 active cases.
114/163 - Nigeria - last value from 2020-3-20 with 12 cases, 0 deaths, 1 recovered, 11 active cases.
115/163 - Guatemala - last value from 2020-3-20 with 12 cases, 1 deaths, 0 recovered, 11 active cases.
116/163 - Mauritius - last value from 2020-3-20 with 12 cases, 0 deaths, 0 recovered, 12 active cases.
117/163 - Monaco - last value from 2020-3-20 with 11 cases, 0 deaths, 0 recovered, 11 active cases.
118/163 - Togo - last value from 2020-3-20 with 9 cases, 0 deaths, 1 recovered, 8 active cases.
119/163 - Cote d'Ivoire - last value from 2020-3-20 with 9 cases, 0 deaths, 1 recovered, 8 active cases.
120/163 - Ethiopia - last value from 2020-3-20 with 9 cases, 0 deaths, 0 recovered, 9 active cases.
121/163 - Trinidad and Tobago - last value from 2020-3-20 with 9 cases, 0 deaths, 0 recovered, 9 active cases.
122/163 - Guyana - last value from 2020-3-20 with 7 cases, 1 deaths, 0 recovered, 6 active cases.
123/163 - Kenya - last value from 2020-3-20 with 7 cases, 0 deaths, 0 recovered, 7 active cases.
124/163 - Seychelles - last value from 2020-3-20 with 7 cases, 0 deaths, 0 recovered, 7 active cases.
125/163 - Mongolia - last value from 2020-3-20 with 6 cases, 0 deaths, 0 recovered, 6 active cases.
126/163 - Equatorial Guinea - last value from 2020-3-20 with 6 cases, 0 deaths, 0 recovered, 6 active cases.
127/163 - Tanzania - last value from 2020-3-20 with 6 cases, 0 deaths, 0 recovered, 6 active cases.
128/163 - Kyrgyzstan - last value from 2020-3-20 with 6 cases, 0 deaths, 0 recovered, 6 active cases.
129/163 - Barbados - last value from 2020-3-20 with 5 cases, 0 deaths, 0 recovered, 5 active cases.
130/163 - Suriname - last value from 2020-3-20 with 4 cases, 0 deaths, 0 recovered, 4 active cases.
131/163 - Namibia - last value from 2020-3-20 with 3 cases, 0 deaths, 0 recovered, 3 active cases.
132/163 - Gabon - last value from 2020-3-20 with 3 cases, 1 deaths, 0 recovered, 2 active cases.
133/163 - Central African Republic - last value from 2020-3-20 with 3 cases, 0 deaths, 0 recovered, 3 active cases.
134/163 - Congo (Brazzaville) - last value from 2020-3-20 with 3 cases, 0 deaths, 0 recovered, 3 active cases.
135/163 - Bahamas, The - last value from 2020-3-20 with 3 cases, 0 deaths, 0 recovered, 3 active cases.
136/163 - Madagascar - last value from 2020-3-20 with 3 cases, 0 deaths, 0 recovered, 3 active cases.
137/163 - Bhutan - last value from 2020-3-20 with 2 cases, 0 deaths, 0 recovered, 2 active cases.
138/163 - Sudan - last value from 2020-3-20 with 2 cases, 1 deaths, 0 recovered, 1 active cases.
139/163 - Mauritania - last value from 2020-3-20 with 2 cases, 0 deaths, 0 recovered, 2 active cases.
140/163 - Saint Lucia - last value from 2020-3-20 with 2 cases, 0 deaths, 0 recovered, 2 active cases.
141/163 - Kosovo - last value from 2020-3-20 with 2 cases, 0 deaths, 0 recovered, 2 active cases.
142/163 - Benin - last value from 2020-3-20 with 2 cases, 0 deaths, 0 recovered, 2 active cases.
143/163 - Liberia - last value from 2020-3-20 with 2 cases, 0 deaths, 0 recovered, 2 active cases.
144/163 - Zambia - last value from 2020-3-20 with 2 cases, 0 deaths, 0 recovered, 2 active cases.
145/163 - Haiti - last value from 2020-3-20 with 2 cases, 0 deaths, 0 recovered, 2 active cases.
146/163 - Nepal - last value from 2020-3-20 with 1 cases, 0 deaths, 1 recovered, 0 active cases.
147/163 - Holy See - last value from 2020-3-20 with 1 cases, 0 deaths, 0 recovered, 1 active cases.
148/163 - Guinea - last value from 2020-3-20 with 1 cases, 0 deaths, 0 recovered, 1 active cases.
149/163 - Antigua and Barbuda - last value from 2020-3-20 with 1 cases, 0 deaths, 0 recovered, 1 active cases.
150/163 - Eswatini - last value from 2020-3-20 with 1 cases, 0 deaths, 0 recovered, 1 active cases.
151/163 - Saint Vincent and the Grenadines - last value from 2020-3-20 with 1 cases, 0 deaths, 0 recovered, 1 active cases.
152/163 - Somalia - last value from 2020-3-20 with 1 cases, 0 deaths, 0 recovered, 1 active cases.
153/163 - Djibouti - last value from 2020-3-20 with 1 cases, 0 deaths, 0 recovered, 1 active cases.
154/163 - Gambia, The - last value from 2020-3-20 with 1 cases, 0 deaths, 0 recovered, 1 active cases.
155/163 - Chad - last value from 2020-3-20 with 1 cases, 0 deaths, 0 recovered, 1 active cases.
156/163 - El Salvador - last value from 2020-3-20 with 1 cases, 0 deaths, 0 recovered, 1 active cases.
157/163 - Fiji - last value from 2020-3-20 with 1 cases, 0 deaths, 0 recovered, 1 active cases.
158/163 - Nicaragua - last value from 2020-3-20 with 1 cases, 0 deaths, 0 recovered, 1 active cases.
159/163 - Angola - last value from 2020-3-20 with 1 cases, 0 deaths, 0 recovered, 1 active cases.
160/163 - Cabo Verde - last value from 2020-3-20 with 1 cases, 0 deaths, 0 recovered, 1 active cases.
161/163 - Niger - last value from 2020-3-20 with 1 cases, 0 deaths, 0 recovered, 1 active cases.
162/163 - Papua New Guinea - last value from 2020-3-20 with 1 cases, 0 deaths, 0 recovered, 1 active cases.
163/163 - Zimbabwe - last value from 2020-3-20 with 1 cases, 0 deaths, 0 recovered, 1 active cases.
Generating plots done!
Sat Mar 21 18:07:50 PDT 2020 - end
