Fri Mar 27 12:05:01 PDT 2020 - start
* # of countries 175
1/176 - TOTAL - last value from 2020-3-26 with 529591 cases, 23970 deaths, 122150 recovered, 383471 active cases.
2/176 - US - last value from 2020-3-26 with 83836 cases, 1209 deaths, 681 recovered, 81946 active cases.
3/176 - China - last value from 2020-3-26 with 81782 cases, 3291 deaths, 74181 recovered, 4310 active cases.
4/176 - Italy - last value from 2020-3-26 with 80589 cases, 8215 deaths, 10361 recovered, 62013 active cases.
5/176 - Spain - last value from 2020-3-26 with 57786 cases, 4365 deaths, 7015 recovered, 46406 active cases.
6/176 - Germany - last value from 2020-3-26 with 43938 cases, 267 deaths, 5673 recovered, 37998 active cases.
7/176 - France - last value from 2020-3-26 with 29551 cases, 1698 deaths, 4955 recovered, 22898 active cases.
8/176 - Iran - last value from 2020-3-26 with 29406 cases, 2234 deaths, 10457 recovered, 16715 active cases.
9/176 - United Kingdom - last value from 2020-3-26 with 11812 cases, 580 deaths, 150 recovered, 11082 active cases.
10/176 - Switzerland - last value from 2020-3-26 with 11811 cases, 191 deaths, 131 recovered, 11489 active cases.
11/176 - Korea, South - last value from 2020-3-26 with 9241 cases, 131 deaths, 4144 recovered, 4966 active cases.
12/176 - Netherlands - last value from 2020-3-26 with 7468 cases, 435 deaths, 6 recovered, 7027 active cases.
13/176 - Austria - last value from 2020-3-26 with 6909 cases, 49 deaths, 112 recovered, 6748 active cases.
14/176 - Belgium - last value from 2020-3-26 with 6235 cases, 220 deaths, 675 recovered, 5340 active cases.
15/176 - Canada - last value from 2020-3-26 with 4042 cases, 38 deaths, 184 recovered, 3820 active cases.
16/176 - Turkey - last value from 2020-3-26 with 3629 cases, 75 deaths, 26 recovered, 3528 active cases.
17/176 - Portugal - last value from 2020-3-26 with 3544 cases, 60 deaths, 43 recovered, 3441 active cases.
18/176 - Norway - last value from 2020-3-26 with 3369 cases, 14 deaths, 6 recovered, 3349 active cases.
19/176 - Brazil - last value from 2020-3-26 with 2985 cases, 77 deaths, 6 recovered, 2902 active cases.
20/176 - Sweden - last value from 2020-3-26 with 2840 cases, 77 deaths, 16 recovered, 2747 active cases.
21/176 - Australia - last value from 2020-3-26 with 2810 cases, 13 deaths, 172 recovered, 2625 active cases.
22/176 - Israel - last value from 2020-3-26 with 2693 cases, 8 deaths, 68 recovered, 2617 active cases.
23/176 - Malaysia - last value from 2020-3-26 with 2031 cases, 23 deaths, 215 recovered, 1793 active cases.
24/176 - Denmark - last value from 2020-3-26 with 2023 cases, 41 deaths, 50 recovered, 1932 active cases.
25/176 - Czechia - last value from 2020-3-26 with 1925 cases, 9 deaths, 10 recovered, 1906 active cases.
26/176 - Ireland - last value from 2020-3-26 with 1819 cases, 19 deaths, 5 recovered, 1795 active cases.
27/176 - Luxembourg - last value from 2020-3-26 with 1453 cases, 9 deaths, 6 recovered, 1438 active cases.
28/176 - Ecuador - last value from 2020-3-26 with 1403 cases, 34 deaths, 3 recovered, 1366 active cases.
29/176 - Japan - last value from 2020-3-26 with 1387 cases, 47 deaths, 359 recovered, 981 active cases.
30/176 - Chile - last value from 2020-3-26 with 1306 cases, 4 deaths, 22 recovered, 1280 active cases.
31/176 - Poland - last value from 2020-3-26 with 1221 cases, 16 deaths, 7 recovered, 1198 active cases.
32/176 - Pakistan - last value from 2020-3-26 with 1201 cases, 9 deaths, 21 recovered, 1171 active cases.
33/176 - Thailand - last value from 2020-3-26 with 1045 cases, 4 deaths, 88 recovered, 953 active cases.
34/176 - Romania - last value from 2020-3-26 with 1029 cases, 23 deaths, 94 recovered, 912 active cases.
35/176 - Saudi Arabia - last value from 2020-3-26 with 1012 cases, 3 deaths, 33 recovered, 976 active cases.
36/176 - Finland - last value from 2020-3-26 with 958 cases, 5 deaths, 10 recovered, 943 active cases.
37/176 - South Africa - last value from 2020-3-26 with 927 cases, 0 deaths, 12 recovered, 915 active cases.
38/176 - Indonesia - last value from 2020-3-26 with 893 cases, 78 deaths, 35 recovered, 780 active cases.
39/176 - Greece - last value from 2020-3-26 with 892 cases, 26 deaths, 36 recovered, 830 active cases.
40/176 - Russia - last value from 2020-3-26 with 840 cases, 3 deaths, 38 recovered, 799 active cases.
41/176 - Iceland - last value from 2020-3-26 with 802 cases, 2 deaths, 82 recovered, 718 active cases.
42/176 - India - last value from 2020-3-26 with 727 cases, 20 deaths, 45 recovered, 662 active cases.
43/176 - Diamond Princess - last value from 2020-3-26 with 712 cases, 10 deaths, 597 recovered, 105 active cases.
44/176 - Philippines - last value from 2020-3-26 with 707 cases, 45 deaths, 28 recovered, 634 active cases.
45/176 - Singapore - last value from 2020-3-26 with 683 cases, 2 deaths, 172 recovered, 509 active cases.
46/176 - Peru - last value from 2020-3-26 with 580 cases, 9 deaths, 14 recovered, 557 active cases.
47/176 - Slovenia - last value from 2020-3-26 with 562 cases, 6 deaths, 10 recovered, 546 active cases.
48/176 - Panama - last value from 2020-3-26 with 558 cases, 8 deaths, 2 recovered, 548 active cases.
49/176 - Qatar - last value from 2020-3-26 with 549 cases, 0 deaths, 43 recovered, 506 active cases.
50/176 - Estonia - last value from 2020-3-26 with 538 cases, 1 deaths, 8 recovered, 529 active cases.
51/176 - Argentina - last value from 2020-3-26 with 502 cases, 9 deaths, 63 recovered, 430 active cases.
52/176 - Croatia - last value from 2020-3-26 with 495 cases, 3 deaths, 22 recovered, 470 active cases.
53/176 - Egypt - last value from 2020-3-26 with 495 cases, 24 deaths, 102 recovered, 369 active cases.
54/176 - Colombia - last value from 2020-3-26 with 491 cases, 6 deaths, 8 recovered, 477 active cases.
55/176 - Dominican Republic - last value from 2020-3-26 with 488 cases, 10 deaths, 3 recovered, 475 active cases.
56/176 - Mexico - last value from 2020-3-26 with 475 cases, 6 deaths, 4 recovered, 465 active cases.
57/176 - Bahrain - last value from 2020-3-26 with 458 cases, 4 deaths, 204 recovered, 250 active cases.
58/176 - Serbia - last value from 2020-3-26 with 384 cases, 1 deaths, 0 recovered, 383 active cases.
59/176 - Iraq - last value from 2020-3-26 with 382 cases, 36 deaths, 105 recovered, 241 active cases.
60/176 - Lebanon - last value from 2020-3-26 with 368 cases, 6 deaths, 23 recovered, 339 active cases.
61/176 - Algeria - last value from 2020-3-26 with 367 cases, 25 deaths, 29 recovered, 313 active cases.
62/176 - United Arab Emirates - last value from 2020-3-26 with 333 cases, 2 deaths, 52 recovered, 279 active cases.
63/176 - Lithuania - last value from 2020-3-26 with 299 cases, 4 deaths, 1 recovered, 294 active cases.
64/176 - Armenia - last value from 2020-3-26 with 290 cases, 1 deaths, 18 recovered, 271 active cases.
65/176 - New Zealand - last value from 2020-3-26 with 283 cases, 0 deaths, 27 recovered, 256 active cases.
66/176 - Morocco - last value from 2020-3-26 with 275 cases, 11 deaths, 8 recovered, 256 active cases.
67/176 - Bulgaria - last value from 2020-3-26 with 264 cases, 3 deaths, 8 recovered, 253 active cases.
68/176 - Hungary - last value from 2020-3-26 with 261 cases, 10 deaths, 28 recovered, 223 active cases.
69/176 - Taiwan* - last value from 2020-3-26 with 252 cases, 2 deaths, 29 recovered, 221 active cases.
70/176 - Latvia - last value from 2020-3-26 with 244 cases, 0 deaths, 1 recovered, 243 active cases.
71/176 - Costa Rica - last value from 2020-3-26 with 231 cases, 2 deaths, 2 recovered, 227 active cases.
72/176 - Slovakia - last value from 2020-3-26 with 226 cases, 0 deaths, 2 recovered, 224 active cases.
73/176 - Andorra - last value from 2020-3-26 with 224 cases, 3 deaths, 1 recovered, 220 active cases.
74/176 - Uruguay - last value from 2020-3-26 with 217 cases, 0 deaths, 0 recovered, 217 active cases.
75/176 - Jordan - last value from 2020-3-26 with 212 cases, 0 deaths, 1 recovered, 211 active cases.
76/176 - Kuwait - last value from 2020-3-26 with 208 cases, 0 deaths, 49 recovered, 159 active cases.
77/176 - San Marino - last value from 2020-3-26 with 208 cases, 21 deaths, 4 recovered, 183 active cases.
78/176 - North Macedonia - last value from 2020-3-26 with 201 cases, 3 deaths, 3 recovered, 195 active cases.
79/176 - Tunisia - last value from 2020-3-26 with 197 cases, 6 deaths, 2 recovered, 189 active cases.
80/176 - Ukraine - last value from 2020-3-26 with 196 cases, 5 deaths, 1 recovered, 190 active cases.
81/176 - Bosnia and Herzegovina - last value from 2020-3-26 with 191 cases, 3 deaths, 2 recovered, 186 active cases.
82/176 - Moldova - last value from 2020-3-26 with 177 cases, 1 deaths, 2 recovered, 174 active cases.
83/176 - Albania - last value from 2020-3-26 with 174 cases, 6 deaths, 17 recovered, 151 active cases.
84/176 - Vietnam - last value from 2020-3-26 with 153 cases, 0 deaths, 20 recovered, 133 active cases.
85/176 - Burkina Faso - last value from 2020-3-26 with 152 cases, 7 deaths, 10 recovered, 135 active cases.
86/176 - Cyprus - last value from 2020-3-26 with 146 cases, 3 deaths, 4 recovered, 139 active cases.
87/176 - Malta - last value from 2020-3-26 with 134 cases, 0 deaths, 2 recovered, 132 active cases.
88/176 - Ghana - last value from 2020-3-26 with 132 cases, 4 deaths, 1 recovered, 127 active cases.
89/176 - Azerbaijan - last value from 2020-3-26 with 122 cases, 3 deaths, 15 recovered, 104 active cases.
90/176 - Brunei - last value from 2020-3-26 with 114 cases, 0 deaths, 5 recovered, 109 active cases.
91/176 - Kazakhstan - last value from 2020-3-26 with 111 cases, 1 deaths, 2 recovered, 108 active cases.
92/176 - Oman - last value from 2020-3-26 with 109 cases, 0 deaths, 23 recovered, 86 active cases.
93/176 - Venezuela - last value from 2020-3-26 with 107 cases, 0 deaths, 15 recovered, 92 active cases.
94/176 - Sri Lanka - last value from 2020-3-26 with 106 cases, 0 deaths, 7 recovered, 99 active cases.
95/176 - Senegal - last value from 2020-3-26 with 105 cases, 0 deaths, 9 recovered, 96 active cases.
96/176 - Cambodia - last value from 2020-3-26 with 96 cases, 0 deaths, 10 recovered, 86 active cases.
97/176 - Cote d'Ivoire - last value from 2020-3-26 with 96 cases, 0 deaths, 3 recovered, 93 active cases.
98/176 - Afghanistan - last value from 2020-3-26 with 94 cases, 4 deaths, 2 recovered, 88 active cases.
99/176 - Belarus - last value from 2020-3-26 with 86 cases, 0 deaths, 29 recovered, 57 active cases.
100/176 - West Bank and Gaza - last value from 2020-3-26 with 84 cases, 1 deaths, 17 recovered, 66 active cases.
101/176 - Mauritius - last value from 2020-3-26 with 81 cases, 2 deaths, 0 recovered, 79 active cases.
102/176 - Georgia - last value from 2020-3-26 with 79 cases, 0 deaths, 11 recovered, 68 active cases.
103/176 - Cameroon - last value from 2020-3-26 with 75 cases, 1 deaths, 2 recovered, 72 active cases.
104/176 - Uzbekistan - last value from 2020-3-26 with 75 cases, 0 deaths, 0 recovered, 75 active cases.
105/176 - Kosovo - last value from 2020-3-26 with 71 cases, 1 deaths, 0 recovered, 70 active cases.
106/176 - Montenegro - last value from 2020-3-26 with 69 cases, 1 deaths, 0 recovered, 68 active cases.
107/176 - Cuba - last value from 2020-3-26 with 67 cases, 2 deaths, 1 recovered, 64 active cases.
108/176 - Nigeria - last value from 2020-3-26 with 65 cases, 1 deaths, 2 recovered, 62 active cases.
109/176 - Trinidad and Tobago - last value from 2020-3-26 with 65 cases, 1 deaths, 0 recovered, 64 active cases.
110/176 - Liechtenstein - last value from 2020-3-26 with 56 cases, 0 deaths, 0 recovered, 56 active cases.
111/176 - Honduras - last value from 2020-3-26 with 52 cases, 1 deaths, 0 recovered, 51 active cases.
112/176 - Congo (Kinshasa) - last value from 2020-3-26 with 51 cases, 3 deaths, 0 recovered, 48 active cases.
113/176 - Rwanda - last value from 2020-3-26 with 50 cases, 0 deaths, 0 recovered, 50 active cases.
114/176 - Bangladesh - last value from 2020-3-26 with 44 cases, 5 deaths, 11 recovered, 28 active cases.
115/176 - Kyrgyzstan - last value from 2020-3-26 with 44 cases, 0 deaths, 0 recovered, 44 active cases.
116/176 - Bolivia - last value from 2020-3-26 with 43 cases, 0 deaths, 0 recovered, 43 active cases.
117/176 - Paraguay - last value from 2020-3-26 with 41 cases, 3 deaths, 0 recovered, 38 active cases.
118/176 - Monaco - last value from 2020-3-26 with 33 cases, 0 deaths, 1 recovered, 32 active cases.
119/176 - Kenya - last value from 2020-3-26 with 31 cases, 1 deaths, 1 recovered, 29 active cases.
120/176 - Jamaica - last value from 2020-3-26 with 26 cases, 1 deaths, 2 recovered, 23 active cases.
121/176 - Guatemala - last value from 2020-3-26 with 25 cases, 1 deaths, 4 recovered, 20 active cases.
122/176 - Madagascar - last value from 2020-3-26 with 23 cases, 0 deaths, 0 recovered, 23 active cases.
123/176 - Togo - last value from 2020-3-26 with 23 cases, 0 deaths, 1 recovered, 22 active cases.
124/176 - Barbados - last value from 2020-3-26 with 18 cases, 0 deaths, 0 recovered, 18 active cases.
125/176 - Zambia - last value from 2020-3-26 with 16 cases, 0 deaths, 0 recovered, 16 active cases.
126/176 - Uganda - last value from 2020-3-26 with 14 cases, 0 deaths, 0 recovered, 14 active cases.
127/176 - El Salvador - last value from 2020-3-26 with 13 cases, 0 deaths, 0 recovered, 13 active cases.
128/176 - Maldives - last value from 2020-3-26 with 13 cases, 0 deaths, 8 recovered, 5 active cases.
129/176 - Tanzania - last value from 2020-3-26 with 13 cases, 0 deaths, 0 recovered, 13 active cases.
130/176 - Equatorial Guinea - last value from 2020-3-26 with 12 cases, 0 deaths, 0 recovered, 12 active cases.
131/176 - Ethiopia - last value from 2020-3-26 with 12 cases, 0 deaths, 0 recovered, 12 active cases.
132/176 - Djibouti - last value from 2020-3-26 with 11 cases, 0 deaths, 0 recovered, 11 active cases.
133/176 - Mongolia - last value from 2020-3-26 with 11 cases, 0 deaths, 0 recovered, 11 active cases.
134/176 - Dominica - last value from 2020-3-26 with 11 cases, 0 deaths, 0 recovered, 11 active cases.
135/176 - Niger - last value from 2020-3-26 with 10 cases, 1 deaths, 0 recovered, 9 active cases.
136/176 - Bahamas - last value from 2020-3-26 with 9 cases, 0 deaths, 1 recovered, 8 active cases.
137/176 - Haiti - last value from 2020-3-26 with 8 cases, 0 deaths, 0 recovered, 8 active cases.
138/176 - Namibia - last value from 2020-3-26 with 8 cases, 0 deaths, 2 recovered, 6 active cases.
139/176 - Suriname - last value from 2020-3-26 with 8 cases, 0 deaths, 0 recovered, 8 active cases.
140/176 - Antigua and Barbuda - last value from 2020-3-26 with 7 cases, 0 deaths, 0 recovered, 7 active cases.
141/176 - Gabon - last value from 2020-3-26 with 7 cases, 1 deaths, 0 recovered, 6 active cases.
142/176 - Seychelles - last value from 2020-3-26 with 7 cases, 0 deaths, 0 recovered, 7 active cases.
143/176 - Grenada - last value from 2020-3-26 with 7 cases, 0 deaths, 0 recovered, 7 active cases.
144/176 - Mozambique - last value from 2020-3-26 with 7 cases, 0 deaths, 0 recovered, 7 active cases.
145/176 - Benin - last value from 2020-3-26 with 6 cases, 0 deaths, 0 recovered, 6 active cases.
146/176 - Eritrea - last value from 2020-3-26 with 6 cases, 0 deaths, 0 recovered, 6 active cases.
147/176 - Eswatini - last value from 2020-3-26 with 6 cases, 0 deaths, 0 recovered, 6 active cases.
148/176 - Laos - last value from 2020-3-26 with 6 cases, 0 deaths, 0 recovered, 6 active cases.
149/176 - Fiji - last value from 2020-3-26 with 5 cases, 0 deaths, 0 recovered, 5 active cases.
150/176 - Guyana - last value from 2020-3-26 with 5 cases, 1 deaths, 0 recovered, 4 active cases.
151/176 - Syria - last value from 2020-3-26 with 5 cases, 0 deaths, 0 recovered, 5 active cases.
152/176 - Angola - last value from 2020-3-26 with 4 cases, 0 deaths, 0 recovered, 4 active cases.
153/176 - Cabo Verde - last value from 2020-3-26 with 4 cases, 1 deaths, 0 recovered, 3 active cases.
154/176 - Congo (Brazzaville) - last value from 2020-3-26 with 4 cases, 0 deaths, 0 recovered, 4 active cases.
155/176 - Guinea - last value from 2020-3-26 with 4 cases, 0 deaths, 0 recovered, 4 active cases.
156/176 - Holy See - last value from 2020-3-26 with 4 cases, 0 deaths, 0 recovered, 4 active cases.
157/176 - Mali - last value from 2020-3-26 with 4 cases, 0 deaths, 0 recovered, 4 active cases.
158/176 - Central African Republic - last value from 2020-3-26 with 3 cases, 0 deaths, 0 recovered, 3 active cases.
159/176 - Chad - last value from 2020-3-26 with 3 cases, 0 deaths, 0 recovered, 3 active cases.
160/176 - Gambia - last value from 2020-3-26 with 3 cases, 1 deaths, 0 recovered, 2 active cases.
161/176 - Liberia - last value from 2020-3-26 with 3 cases, 0 deaths, 0 recovered, 3 active cases.
162/176 - Mauritania - last value from 2020-3-26 with 3 cases, 0 deaths, 0 recovered, 3 active cases.
163/176 - Nepal - last value from 2020-3-26 with 3 cases, 0 deaths, 1 recovered, 2 active cases.
164/176 - Saint Lucia - last value from 2020-3-26 with 3 cases, 0 deaths, 0 recovered, 3 active cases.
165/176 - Sudan - last value from 2020-3-26 with 3 cases, 1 deaths, 0 recovered, 2 active cases.
166/176 - Zimbabwe - last value from 2020-3-26 with 3 cases, 1 deaths, 0 recovered, 2 active cases.
167/176 - Bhutan - last value from 2020-3-26 with 2 cases, 0 deaths, 0 recovered, 2 active cases.
168/176 - Nicaragua - last value from 2020-3-26 with 2 cases, 0 deaths, 0 recovered, 2 active cases.
169/176 - Somalia - last value from 2020-3-26 with 2 cases, 0 deaths, 0 recovered, 2 active cases.
170/176 - Belize - last value from 2020-3-26 with 2 cases, 0 deaths, 0 recovered, 2 active cases.
171/176 - Guinea-Bissau - last value from 2020-3-26 with 2 cases, 0 deaths, 0 recovered, 2 active cases.
172/176 - Saint Kitts and Nevis - last value from 2020-3-26 with 2 cases, 0 deaths, 0 recovered, 2 active cases.
173/176 - Papua New Guinea - last value from 2020-3-26 with 1 cases, 0 deaths, 0 recovered, 1 active cases.
174/176 - Saint Vincent and the Grenadines - last value from 2020-3-26 with 1 cases, 0 deaths, 0 recovered, 1 active cases.
175/176 - Timor-Leste - last value from 2020-3-26 with 1 cases, 0 deaths, 0 recovered, 1 active cases.
176/176 - Libya - last value from 2020-3-26 with 1 cases, 0 deaths, 0 recovered, 1 active cases.
Generating plots done!
Fri Mar 27 12:07:55 PDT 2020 - end
