Sun Mar 29 12:05:01 PDT 2020 - start
* # of countries 177
1/178 - TOTAL - last value from 2020-3-28 with 660706 cases, 30652 deaths, 139415 recovered, 490639 active cases.
2/178 - US - last value from 2020-3-28 with 121478 cases, 2026 deaths, 1072 recovered, 118380 active cases.
3/178 - Italy - last value from 2020-3-28 with 92472 cases, 10023 deaths, 12384 recovered, 70065 active cases.
4/178 - China - last value from 2020-3-28 with 81999 cases, 3299 deaths, 75100 recovered, 3600 active cases.
5/178 - Spain - last value from 2020-3-28 with 73235 cases, 5982 deaths, 12285 recovered, 54968 active cases.
6/178 - Germany - last value from 2020-3-28 with 57695 cases, 433 deaths, 8481 recovered, 48781 active cases.
7/178 - France - last value from 2020-3-28 with 38105 cases, 2317 deaths, 5724 recovered, 30064 active cases.
8/178 - Iran - last value from 2020-3-28 with 35408 cases, 2517 deaths, 11679 recovered, 21212 active cases.
9/178 - United Kingdom - last value from 2020-3-28 with 17312 cases, 1021 deaths, 151 recovered, 16140 active cases.
10/178 - Switzerland - last value from 2020-3-28 with 14076 cases, 264 deaths, 1530 recovered, 12282 active cases.
11/178 - Netherlands - last value from 2020-3-28 with 9819 cases, 640 deaths, 6 recovered, 9173 active cases.
12/178 - Korea, South - last value from 2020-3-28 with 9478 cases, 144 deaths, 4811 recovered, 4523 active cases.
13/178 - Belgium - last value from 2020-3-28 with 9134 cases, 353 deaths, 1063 recovered, 7718 active cases.
14/178 - Austria - last value from 2020-3-28 with 8271 cases, 68 deaths, 225 recovered, 7978 active cases.
15/178 - Turkey - last value from 2020-3-28 with 7402 cases, 108 deaths, 70 recovered, 7224 active cases.
16/178 - Canada - last value from 2020-3-28 with 5576 cases, 61 deaths, 466 recovered, 5049 active cases.
17/178 - Portugal - last value from 2020-3-28 with 5170 cases, 100 deaths, 43 recovered, 5027 active cases.
18/178 - Norway - last value from 2020-3-28 with 4015 cases, 23 deaths, 7 recovered, 3985 active cases.
19/178 - Brazil - last value from 2020-3-28 with 3904 cases, 111 deaths, 6 recovered, 3787 active cases.
20/178 - Australia - last value from 2020-3-28 with 3640 cases, 14 deaths, 244 recovered, 3382 active cases.
21/178 - Israel - last value from 2020-3-28 with 3619 cases, 12 deaths, 89 recovered, 3518 active cases.
22/178 - Sweden - last value from 2020-3-28 with 3447 cases, 105 deaths, 16 recovered, 3326 active cases.
23/178 - Czechia - last value from 2020-3-28 with 2631 cases, 11 deaths, 11 recovered, 2609 active cases.
24/178 - Ireland - last value from 2020-3-28 with 2415 cases, 36 deaths, 5 recovered, 2374 active cases.
25/178 - Denmark - last value from 2020-3-28 with 2366 cases, 65 deaths, 57 recovered, 2244 active cases.
26/178 - Malaysia - last value from 2020-3-28 with 2320 cases, 27 deaths, 320 recovered, 1973 active cases.
27/178 - Chile - last value from 2020-3-28 with 1909 cases, 6 deaths, 61 recovered, 1842 active cases.
28/178 - Luxembourg - last value from 2020-3-28 with 1831 cases, 18 deaths, 40 recovered, 1773 active cases.
29/178 - Ecuador - last value from 2020-3-28 with 1823 cases, 48 deaths, 3 recovered, 1772 active cases.
30/178 - Japan - last value from 2020-3-28 with 1693 cases, 52 deaths, 404 recovered, 1237 active cases.
31/178 - Poland - last value from 2020-3-28 with 1638 cases, 18 deaths, 7 recovered, 1613 active cases.
32/178 - Pakistan - last value from 2020-3-28 with 1495 cases, 12 deaths, 29 recovered, 1454 active cases.
33/178 - Romania - last value from 2020-3-28 with 1452 cases, 37 deaths, 139 recovered, 1276 active cases.
34/178 - Russia - last value from 2020-3-28 with 1264 cases, 4 deaths, 49 recovered, 1211 active cases.
35/178 - Thailand - last value from 2020-3-28 with 1245 cases, 6 deaths, 97 recovered, 1142 active cases.
36/178 - Saudi Arabia - last value from 2020-3-28 with 1203 cases, 4 deaths, 37 recovered, 1162 active cases.
37/178 - South Africa - last value from 2020-3-28 with 1187 cases, 1 deaths, 31 recovered, 1155 active cases.
38/178 - Finland - last value from 2020-3-28 with 1167 cases, 9 deaths, 10 recovered, 1148 active cases.
39/178 - Indonesia - last value from 2020-3-28 with 1155 cases, 102 deaths, 59 recovered, 994 active cases.
40/178 - Philippines - last value from 2020-3-28 with 1075 cases, 68 deaths, 35 recovered, 972 active cases.
41/178 - Greece - last value from 2020-3-28 with 1061 cases, 32 deaths, 52 recovered, 977 active cases.
42/178 - India - last value from 2020-3-28 with 987 cases, 24 deaths, 84 recovered, 879 active cases.
43/178 - Iceland - last value from 2020-3-28 with 963 cases, 2 deaths, 114 recovered, 847 active cases.
44/178 - Singapore - last value from 2020-3-28 with 802 cases, 2 deaths, 198 recovered, 602 active cases.
45/178 - Panama - last value from 2020-3-28 with 786 cases, 14 deaths, 2 recovered, 770 active cases.
46/178 - Dominican Republic - last value from 2020-3-28 with 719 cases, 28 deaths, 3 recovered, 688 active cases.
47/178 - Mexico - last value from 2020-3-28 with 717 cases, 12 deaths, 4 recovered, 701 active cases.
48/178 - Diamond Princess - last value from 2020-3-28 with 712 cases, 10 deaths, 597 recovered, 105 active cases.
49/178 - Argentina - last value from 2020-3-28 with 690 cases, 18 deaths, 72 recovered, 600 active cases.
50/178 - Slovenia - last value from 2020-3-28 with 684 cases, 9 deaths, 10 recovered, 665 active cases.
51/178 - Peru - last value from 2020-3-28 with 671 cases, 16 deaths, 16 recovered, 639 active cases.
52/178 - Serbia - last value from 2020-3-28 with 659 cases, 10 deaths, 0 recovered, 649 active cases.
53/178 - Croatia - last value from 2020-3-28 with 657 cases, 5 deaths, 45 recovered, 607 active cases.
54/178 - Estonia - last value from 2020-3-28 with 645 cases, 1 deaths, 20 recovered, 624 active cases.
55/178 - Colombia - last value from 2020-3-28 with 608 cases, 6 deaths, 10 recovered, 592 active cases.
56/178 - Qatar - last value from 2020-3-28 with 590 cases, 1 deaths, 45 recovered, 544 active cases.
57/178 - Egypt - last value from 2020-3-28 with 576 cases, 36 deaths, 121 recovered, 419 active cases.
58/178 - Iraq - last value from 2020-3-28 with 506 cases, 42 deaths, 131 recovered, 333 active cases.
59/178 - Bahrain - last value from 2020-3-28 with 476 cases, 4 deaths, 265 recovered, 207 active cases.
60/178 - United Arab Emirates - last value from 2020-3-28 with 468 cases, 2 deaths, 52 recovered, 414 active cases.
61/178 - Algeria - last value from 2020-3-28 with 454 cases, 29 deaths, 31 recovered, 394 active cases.
62/178 - New Zealand - last value from 2020-3-28 with 451 cases, 0 deaths, 50 recovered, 401 active cases.
63/178 - Lebanon - last value from 2020-3-28 with 412 cases, 8 deaths, 30 recovered, 374 active cases.
64/178 - Armenia - last value from 2020-3-28 with 407 cases, 1 deaths, 30 recovered, 376 active cases.
65/178 - Morocco - last value from 2020-3-28 with 402 cases, 25 deaths, 11 recovered, 366 active cases.
66/178 - Lithuania - last value from 2020-3-28 with 394 cases, 7 deaths, 1 recovered, 386 active cases.
67/178 - Ukraine - last value from 2020-3-28 with 356 cases, 9 deaths, 5 recovered, 342 active cases.
68/178 - Hungary - last value from 2020-3-28 with 343 cases, 11 deaths, 34 recovered, 298 active cases.
69/178 - Bulgaria - last value from 2020-3-28 with 331 cases, 7 deaths, 11 recovered, 313 active cases.
70/178 - Andorra - last value from 2020-3-28 with 308 cases, 3 deaths, 1 recovered, 304 active cases.
71/178 - Latvia - last value from 2020-3-28 with 305 cases, 0 deaths, 1 recovered, 304 active cases.
72/178 - Costa Rica - last value from 2020-3-28 with 295 cases, 2 deaths, 3 recovered, 290 active cases.
73/178 - Slovakia - last value from 2020-3-28 with 292 cases, 0 deaths, 2 recovered, 290 active cases.
74/178 - Taiwan* - last value from 2020-3-28 with 283 cases, 2 deaths, 30 recovered, 251 active cases.
75/178 - Tunisia - last value from 2020-3-28 with 278 cases, 8 deaths, 2 recovered, 268 active cases.
76/178 - Uruguay - last value from 2020-3-28 with 274 cases, 0 deaths, 0 recovered, 274 active cases.
77/178 - Bosnia and Herzegovina - last value from 2020-3-28 with 258 cases, 5 deaths, 5 recovered, 248 active cases.
78/178 - Jordan - last value from 2020-3-28 with 246 cases, 1 deaths, 18 recovered, 227 active cases.
79/178 - North Macedonia - last value from 2020-3-28 with 241 cases, 4 deaths, 3 recovered, 234 active cases.
80/178 - Kuwait - last value from 2020-3-28 with 235 cases, 0 deaths, 64 recovered, 171 active cases.
81/178 - Moldova - last value from 2020-3-28 with 231 cases, 2 deaths, 2 recovered, 227 active cases.
82/178 - Kazakhstan - last value from 2020-3-28 with 228 cases, 1 deaths, 16 recovered, 211 active cases.
83/178 - San Marino - last value from 2020-3-28 with 224 cases, 22 deaths, 6 recovered, 196 active cases.
84/178 - Burkina Faso - last value from 2020-3-28 with 207 cases, 11 deaths, 21 recovered, 175 active cases.
85/178 - Albania - last value from 2020-3-28 with 197 cases, 10 deaths, 31 recovered, 156 active cases.
86/178 - Azerbaijan - last value from 2020-3-28 with 182 cases, 4 deaths, 15 recovered, 163 active cases.
87/178 - Cyprus - last value from 2020-3-28 with 179 cases, 5 deaths, 15 recovered, 159 active cases.
88/178 - Vietnam - last value from 2020-3-28 with 174 cases, 0 deaths, 21 recovered, 153 active cases.
89/178 - Oman - last value from 2020-3-28 with 152 cases, 0 deaths, 23 recovered, 129 active cases.
90/178 - Malta - last value from 2020-3-28 with 149 cases, 0 deaths, 2 recovered, 147 active cases.
91/178 - Ghana - last value from 2020-3-28 with 141 cases, 5 deaths, 2 recovered, 134 active cases.
92/178 - Senegal - last value from 2020-3-28 with 130 cases, 0 deaths, 18 recovered, 112 active cases.
93/178 - Brunei - last value from 2020-3-28 with 120 cases, 1 deaths, 25 recovered, 94 active cases.
94/178 - Cuba - last value from 2020-3-28 with 119 cases, 3 deaths, 4 recovered, 112 active cases.
95/178 - Venezuela - last value from 2020-3-28 with 119 cases, 2 deaths, 39 recovered, 78 active cases.
96/178 - Sri Lanka - last value from 2020-3-28 with 113 cases, 1 deaths, 9 recovered, 103 active cases.
97/178 - Afghanistan - last value from 2020-3-28 with 110 cases, 4 deaths, 2 recovered, 104 active cases.
98/178 - Uzbekistan - last value from 2020-3-28 with 104 cases, 2 deaths, 5 recovered, 97 active cases.
99/178 - Mauritius - last value from 2020-3-28 with 102 cases, 2 deaths, 0 recovered, 100 active cases.
100/178 - Cote d'Ivoire - last value from 2020-3-28 with 101 cases, 0 deaths, 3 recovered, 98 active cases.
101/178 - Cambodia - last value from 2020-3-28 with 99 cases, 0 deaths, 13 recovered, 86 active cases.
102/178 - West Bank and Gaza - last value from 2020-3-28 with 98 cases, 1 deaths, 18 recovered, 79 active cases.
103/178 - Honduras - last value from 2020-3-28 with 95 cases, 1 deaths, 3 recovered, 91 active cases.
104/178 - Belarus - last value from 2020-3-28 with 94 cases, 0 deaths, 32 recovered, 62 active cases.
105/178 - Cameroon - last value from 2020-3-28 with 91 cases, 2 deaths, 2 recovered, 87 active cases.
106/178 - Kosovo - last value from 2020-3-28 with 91 cases, 1 deaths, 1 recovered, 89 active cases.
107/178 - Georgia - last value from 2020-3-28 with 90 cases, 0 deaths, 14 recovered, 76 active cases.
108/178 - Nigeria - last value from 2020-3-28 with 89 cases, 1 deaths, 3 recovered, 85 active cases.
109/178 - Montenegro - last value from 2020-3-28 with 84 cases, 1 deaths, 0 recovered, 83 active cases.
110/178 - Bolivia - last value from 2020-3-28 with 74 cases, 0 deaths, 0 recovered, 74 active cases.
111/178 - Trinidad and Tobago - last value from 2020-3-28 with 74 cases, 3 deaths, 1 recovered, 70 active cases.
112/178 - Congo (Kinshasa) - last value from 2020-3-28 with 65 cases, 6 deaths, 2 recovered, 57 active cases.
113/178 - Rwanda - last value from 2020-3-28 with 60 cases, 0 deaths, 0 recovered, 60 active cases.
114/178 - Kyrgyzstan - last value from 2020-3-28 with 58 cases, 0 deaths, 0 recovered, 58 active cases.
115/178 - Liechtenstein - last value from 2020-3-28 with 56 cases, 0 deaths, 0 recovered, 56 active cases.
116/178 - Paraguay - last value from 2020-3-28 with 56 cases, 3 deaths, 1 recovered, 52 active cases.
117/178 - Bangladesh - last value from 2020-3-28 with 48 cases, 5 deaths, 15 recovered, 28 active cases.
118/178 - Monaco - last value from 2020-3-28 with 42 cases, 0 deaths, 1 recovered, 41 active cases.
119/178 - Kenya - last value from 2020-3-28 with 38 cases, 1 deaths, 1 recovered, 36 active cases.
120/178 - Guatemala - last value from 2020-3-28 with 34 cases, 1 deaths, 10 recovered, 23 active cases.
121/178 - Jamaica - last value from 2020-3-28 with 30 cases, 1 deaths, 2 recovered, 27 active cases.
122/178 - Uganda - last value from 2020-3-28 with 30 cases, 0 deaths, 0 recovered, 30 active cases.
123/178 - Zambia - last value from 2020-3-28 with 28 cases, 0 deaths, 0 recovered, 28 active cases.
124/178 - Barbados - last value from 2020-3-28 with 26 cases, 0 deaths, 0 recovered, 26 active cases.
125/178 - Madagascar - last value from 2020-3-28 with 26 cases, 0 deaths, 0 recovered, 26 active cases.
126/178 - Togo - last value from 2020-3-28 with 25 cases, 1 deaths, 1 recovered, 23 active cases.
127/178 - El Salvador - last value from 2020-3-28 with 19 cases, 0 deaths, 0 recovered, 19 active cases.
128/178 - Mali - last value from 2020-3-28 with 18 cases, 0 deaths, 0 recovered, 18 active cases.
129/178 - Ethiopia - last value from 2020-3-28 with 16 cases, 0 deaths, 1 recovered, 15 active cases.
130/178 - Maldives - last value from 2020-3-28 with 16 cases, 0 deaths, 9 recovered, 7 active cases.
131/178 - Djibouti - last value from 2020-3-28 with 14 cases, 0 deaths, 0 recovered, 14 active cases.
132/178 - Tanzania - last value from 2020-3-28 with 14 cases, 0 deaths, 1 recovered, 13 active cases.
133/178 - Equatorial Guinea - last value from 2020-3-28 with 12 cases, 0 deaths, 0 recovered, 12 active cases.
134/178 - Mongolia - last value from 2020-3-28 with 12 cases, 0 deaths, 0 recovered, 12 active cases.
135/178 - Dominica - last value from 2020-3-28 with 11 cases, 0 deaths, 0 recovered, 11 active cases.
136/178 - Bahamas - last value from 2020-3-28 with 10 cases, 0 deaths, 1 recovered, 9 active cases.
137/178 - Niger - last value from 2020-3-28 with 10 cases, 1 deaths, 0 recovered, 9 active cases.
138/178 - Eswatini - last value from 2020-3-28 with 9 cases, 0 deaths, 0 recovered, 9 active cases.
139/178 - Guinea - last value from 2020-3-28 with 8 cases, 0 deaths, 0 recovered, 8 active cases.
140/178 - Guyana - last value from 2020-3-28 with 8 cases, 1 deaths, 0 recovered, 7 active cases.
141/178 - Haiti - last value from 2020-3-28 with 8 cases, 0 deaths, 0 recovered, 8 active cases.
142/178 - Namibia - last value from 2020-3-28 with 8 cases, 0 deaths, 2 recovered, 6 active cases.
143/178 - Seychelles - last value from 2020-3-28 with 8 cases, 0 deaths, 0 recovered, 8 active cases.
144/178 - Suriname - last value from 2020-3-28 with 8 cases, 0 deaths, 0 recovered, 8 active cases.
145/178 - Mozambique - last value from 2020-3-28 with 8 cases, 0 deaths, 0 recovered, 8 active cases.
146/178 - Laos - last value from 2020-3-28 with 8 cases, 0 deaths, 0 recovered, 8 active cases.
147/178 - Burma - last value from 2020-3-28 with 8 cases, 0 deaths, 0 recovered, 8 active cases.
148/178 - Antigua and Barbuda - last value from 2020-3-28 with 7 cases, 0 deaths, 0 recovered, 7 active cases.
149/178 - Gabon - last value from 2020-3-28 with 7 cases, 1 deaths, 0 recovered, 6 active cases.
150/178 - Zimbabwe - last value from 2020-3-28 with 7 cases, 1 deaths, 0 recovered, 6 active cases.
151/178 - Grenada - last value from 2020-3-28 with 7 cases, 0 deaths, 0 recovered, 7 active cases.
152/178 - Benin - last value from 2020-3-28 with 6 cases, 0 deaths, 0 recovered, 6 active cases.
153/178 - Eritrea - last value from 2020-3-28 with 6 cases, 0 deaths, 0 recovered, 6 active cases.
154/178 - Holy See - last value from 2020-3-28 with 6 cases, 0 deaths, 0 recovered, 6 active cases.
155/178 - Angola - last value from 2020-3-28 with 5 cases, 0 deaths, 0 recovered, 5 active cases.
156/178 - Cabo Verde - last value from 2020-3-28 with 5 cases, 1 deaths, 0 recovered, 4 active cases.
157/178 - Fiji - last value from 2020-3-28 with 5 cases, 0 deaths, 0 recovered, 5 active cases.
158/178 - Mauritania - last value from 2020-3-28 with 5 cases, 0 deaths, 0 recovered, 5 active cases.
159/178 - Nepal - last value from 2020-3-28 with 5 cases, 0 deaths, 1 recovered, 4 active cases.
160/178 - Sudan - last value from 2020-3-28 with 5 cases, 1 deaths, 0 recovered, 4 active cases.
161/178 - Syria - last value from 2020-3-28 with 5 cases, 0 deaths, 0 recovered, 5 active cases.
162/178 - Congo (Brazzaville) - last value from 2020-3-28 with 4 cases, 0 deaths, 0 recovered, 4 active cases.
163/178 - Nicaragua - last value from 2020-3-28 with 4 cases, 1 deaths, 0 recovered, 3 active cases.
164/178 - Bhutan - last value from 2020-3-28 with 3 cases, 0 deaths, 0 recovered, 3 active cases.
165/178 - Central African Republic - last value from 2020-3-28 with 3 cases, 0 deaths, 0 recovered, 3 active cases.
166/178 - Chad - last value from 2020-3-28 with 3 cases, 0 deaths, 0 recovered, 3 active cases.
167/178 - Gambia - last value from 2020-3-28 with 3 cases, 1 deaths, 0 recovered, 2 active cases.
168/178 - Liberia - last value from 2020-3-28 with 3 cases, 0 deaths, 0 recovered, 3 active cases.
169/178 - Saint Lucia - last value from 2020-3-28 with 3 cases, 0 deaths, 1 recovered, 2 active cases.
170/178 - Somalia - last value from 2020-3-28 with 3 cases, 0 deaths, 0 recovered, 3 active cases.
171/178 - Libya - last value from 2020-3-28 with 3 cases, 0 deaths, 0 recovered, 3 active cases.
172/178 - Belize - last value from 2020-3-28 with 2 cases, 0 deaths, 0 recovered, 2 active cases.
173/178 - Guinea-Bissau - last value from 2020-3-28 with 2 cases, 0 deaths, 0 recovered, 2 active cases.
174/178 - Saint Kitts and Nevis - last value from 2020-3-28 with 2 cases, 0 deaths, 0 recovered, 2 active cases.
175/178 - MS Zaandam - last value from 2020-3-28 with 2 cases, 0 deaths, 0 recovered, 2 active cases.
176/178 - Papua New Guinea - last value from 2020-3-28 with 1 cases, 0 deaths, 0 recovered, 1 active cases.
177/178 - Saint Vincent and the Grenadines - last value from 2020-3-28 with 1 cases, 0 deaths, 1 recovered, 0 active cases.
178/178 - Timor-Leste - last value from 2020-3-28 with 1 cases, 0 deaths, 0 recovered, 1 active cases.
Generating plots done!
Sun Mar 29 12:07:57 PDT 2020 - end
