RECEIVED DATA (saved to CA-covid19cases_test.csv):

         population         cases  ...  reported_tests  cumulative_reported_tests
count  2.643200e+04  26880.000000  ...    19642.000000               1.964200e+04
mean   1.360311e+06    264.070015  ...     5269.943896               6.505486e+05
std    5.298942e+06   1931.210119  ...    25969.491604               3.515955e+06
min    1.117000e+03      0.000000  ...   -45467.000000               0.000000e+00
25%    4.428900e+04      0.000000  ...       96.000000               9.377250e+03
50%    1.930980e+05      9.000000  ...      444.000000               4.558000e+04
75%    7.825450e+05     68.000000  ...     1680.750000               2.132935e+05
max    4.012916e+07  60290.000000  ...   473076.000000               5.175612e+07

[8 rows x 15 columns]

visible_counties=['Los Angeles', 'Santa Clara', 'San Mateo', 'San Francisco']

CONVERTED TO PARSABLE DATA (saved to CA-covid19cases_test-parsable.csv):

       newcountconfirmed  totalcountconfirmed  newcountdeaths  totalcountdeaths
count       26373.000000         2.637300e+04    26373.000000      26373.000000
mean          134.563303         1.738465e+04        2.145679        325.102643
std           702.923884         7.500276e+04       12.397287       1483.608792
min             0.000000         0.000000e+00        0.000000          0.000000
25%             0.000000         2.300000e+01        0.000000          0.000000
50%             8.000000         7.430000e+02        0.000000         12.000000
75%            64.000000         8.823000e+03        1.000000        150.000000
max         22311.000000         1.176205e+06      402.000000      22843.000000

- plotting start (theme,font,size: seaborn,Balto,14)

* Alameda pop=1656754 - last recorded values below:
    newcountconfirmed   	 x = 2021-03-22 	 org_y = 0 	 7day_avg_y_per100K = 2.87	color=0
    - predicted cross   	 y = -0.2077x+9.25 	 r^2=0.9860 	 daycross='2021-04-05'	color=1
    newcountdeaths      	 x = 2021-03-22 	 org_y = 0 	 7day_avg_y_per100K = 0.00	color=2
    totalcountconfirmed 	 x = 2021-03-22 	 org_y = 82748 	 y_per100K = 4994.59	color=3
    totalcountdeaths    	 x = 2021-03-22 	 org_y = 1189 	 y_per100K = 71.77	color=4

* Alpine pop=1039 - last recorded values below:
    newcountconfirmed   	 x = 2021-03-22 	 org_y = 0 	 7day_avg_y_per100K = 0.00	color=5
    - predicted cross   	 y = -0.4068x+21.94 	 r^2=0.0612 	 daycross='2021-04-14'	color=6
    newcountdeaths      	 x = 2021-03-22 	 org_y = 0 	 7day_avg_y_per100K = 0.00	color=7
    totalcountconfirmed 	 x = 2021-03-22 	 org_y = 83 	 y_per100K = 7988.45	color=8
    totalcountdeaths    	 x = 2021-03-22 	 org_y = 0 	 y_per100K = 0.00	color=9

* Amador pop=38429 - last recorded values below:
    newcountconfirmed   	 x = 2021-03-22 	 org_y = 0 	 7day_avg_y_per100K = 1.86	color=10
    - predicted cross   	 y = -0.3551x+12.53 	 r^2=0.9316 	 daycross='2021-03-27'	color=11
    newcountdeaths      	 x = 2021-03-22 	 org_y = 0 	 7day_avg_y_per100K = 0.00	color=12
    totalcountconfirmed 	 x = 2021-03-22 	 org_y = 3522 	 y_per100K = 9164.95	color=13
    totalcountdeaths    	 x = 2021-03-22 	 org_y = 44 	 y_per100K = 114.50	color=14

* Butte pop=225817 - last recorded values below:
    newcountconfirmed   	 x = 2021-03-22 	 org_y = 0 	 7day_avg_y_per100K = 1.96	color=15
    - predicted cross   	 y = -0.1830x+7.78 	 r^2=0.9323 	 daycross='2021-04-03'	color=16
    newcountdeaths      	 x = 2021-03-22 	 org_y = 0 	 7day_avg_y_per100K = 0.00	color=17
    totalcountconfirmed 	 x = 2021-03-22 	 org_y = 11211 	 y_per100K = 4964.64	color=18
    totalcountdeaths    	 x = 2021-03-22 	 org_y = 185 	 y_per100K = 81.92	color=19

* Calaveras pop=45514 - last recorded values below:
    newcountconfirmed   	 x = 2021-03-22 	 org_y = 0 	 7day_avg_y_per100K = 3.45	color=20
    - predicted cross   	 y = 0.0048x+5.51 	 r^2=0.0007 	 daycross='2018-01-05'	color=21
    newcountdeaths      	 x = 2021-03-22 	 org_y = 0 	 7day_avg_y_per100K = 0.00	color=22
    totalcountconfirmed 	 x = 2021-03-22 	 org_y = 1963 	 y_per100K = 4312.96	color=23
    totalcountdeaths    	 x = 2021-03-22 	 org_y = 49 	 y_per100K = 107.66	color=24

* Colusa pop=21454 - last recorded values below:
    newcountconfirmed   	 x = 2021-03-22 	 org_y = 0 	 7day_avg_y_per100K = 0.67	color=25
    - predicted cross   	 y = -0.2792x+7.93 	 r^2=0.8979 	 daycross='2021-03-20'	color=26
    newcountdeaths      	 x = 2021-03-22 	 org_y = 0 	 7day_avg_y_per100K = 0.00	color=27
    totalcountconfirmed 	 x = 2021-03-22 	 org_y = 1885 	 y_per100K = 8786.24	color=28
    totalcountdeaths    	 x = 2021-03-22 	 org_y = 13 	 y_per100K = 60.59	color=29

* Contra Costa pop=1142251 - last recorded values below:
    newcountconfirmed   	 x = 2021-03-22 	 org_y = 0 	 7day_avg_y_per100K = 3.54	color=30
    - predicted cross   	 y = -0.2315x+11.66 	 r^2=0.9884 	 daycross='2021-04-11'	color=31
    newcountdeaths      	 x = 2021-03-22 	 org_y = 0 	 7day_avg_y_per100K = 0.00	color=32
    totalcountconfirmed 	 x = 2021-03-22 	 org_y = 64432 	 y_per100K = 5640.79	color=33
    totalcountdeaths    	 x = 2021-03-22 	 org_y = 740 	 y_per100K = 64.78	color=34

* Del Norte pop=27495 - last recorded values below:
    newcountconfirmed   	 x = 2021-03-22 	 org_y = 0 	 7day_avg_y_per100K = 9.35	color=35
    - predicted cross   	 y = -0.0128x+15.72 	 r^2=0.0032 	 daycross='2024-06-29'	color=36
    newcountdeaths      	 x = 2021-03-22 	 org_y = 0 	 7day_avg_y_per100K = 0.00	color=37
    totalcountconfirmed 	 x = 2021-03-22 	 org_y = 1082 	 y_per100K = 3935.26	color=38
    totalcountdeaths    	 x = 2021-03-22 	 org_y = 6 	 y_per100K = 21.82	color=39

* El Dorado pop=188563 - last recorded values below:
    newcountconfirmed   	 x = 2021-03-22 	 org_y = 0 	 7day_avg_y_per100K = 3.71	color=40
    - predicted cross   	 y = -0.1389x+7.27 	 r^2=0.6633 	 daycross='2021-04-13'	color=41
    newcountdeaths      	 x = 2021-03-22 	 org_y = 0 	 7day_avg_y_per100K = 0.00	color=42
    totalcountconfirmed 	 x = 2021-03-22 	 org_y = 9310 	 y_per100K = 4937.34	color=43
    totalcountdeaths    	 x = 2021-03-22 	 org_y = 105 	 y_per100K = 55.68	color=44

* Fresno pop=984521 - last recorded values below:
    newcountconfirmed   	 x = 2021-03-22 	 org_y = 0 	 7day_avg_y_per100K = 5.51	color=45
    - predicted cross   	 y = -0.3185x+16.76 	 r^2=0.9014 	 daycross='2021-04-13'	color=46
    newcountdeaths      	 x = 2021-03-22 	 org_y = 0 	 7day_avg_y_per100K = 0.00	color=47
    totalcountconfirmed 	 x = 2021-03-22 	 org_y = 98276 	 y_per100K = 9982.11	color=48
    totalcountdeaths    	 x = 2021-03-22 	 org_y = 1556 	 y_per100K = 158.05	color=49

* Glenn pop=27976 - last recorded values below:
    newcountconfirmed   	 x = 2021-03-22 	 org_y = 0 	 7day_avg_y_per100K = 8.17	color=50
    - predicted cross   	 y = -0.1251x+12.42 	 r^2=0.3631 	 daycross='2021-05-30'	color=51
    newcountdeaths      	 x = 2021-03-22 	 org_y = 0 	 7day_avg_y_per100K = 0.00	color=52
    totalcountconfirmed 	 x = 2021-03-22 	 org_y = 2291 	 y_per100K = 8189.16	color=53
    totalcountdeaths    	 x = 2021-03-22 	 org_y = 17 	 y_per100K = 60.77	color=54

* Humboldt pop=135940 - last recorded values below:
    newcountconfirmed   	 x = 2021-03-22 	 org_y = 0 	 7day_avg_y_per100K = 3.36	color=55
    - predicted cross   	 y = -0.1695x+10.32 	 r^2=0.6962 	 daycross='2021-04-21'	color=56
    newcountdeaths      	 x = 2021-03-22 	 org_y = 0 	 7day_avg_y_per100K = 0.00	color=57
    totalcountconfirmed 	 x = 2021-03-22 	 org_y = 3403 	 y_per100K = 2503.31	color=58
    totalcountdeaths    	 x = 2021-03-22 	 org_y = 34 	 y_per100K = 25.01	color=59

* Imperial pop=180701 - last recorded values below:
    newcountconfirmed   	 x = 2021-03-22 	 org_y = 0 	 7day_avg_y_per100K = 4.03	color=60
    - predicted cross   	 y = -0.1680x+9.16 	 r^2=0.7059 	 daycross='2021-04-15'	color=61
    newcountdeaths      	 x = 2021-03-22 	 org_y = 0 	 7day_avg_y_per100K = 0.00	color=62
    totalcountconfirmed 	 x = 2021-03-22 	 org_y = 27302 	 y_per100K = 15108.94	color=63
    totalcountdeaths    	 x = 2021-03-22 	 org_y = 699 	 y_per100K = 386.83	color=64

* Inyo pop=17977 - last recorded values below:
    newcountconfirmed   	 x = 2021-03-22 	 org_y = 0 	 7day_avg_y_per100K = 5.56	color=65
    - predicted cross   	 y = -1.0839x+36.56 	 r^2=0.8886 	 daycross='2021-03-25'	color=66
    newcountdeaths      	 x = 2021-03-22 	 org_y = 0 	 7day_avg_y_per100K = 0.00	color=67
    totalcountconfirmed 	 x = 2021-03-22 	 org_y = 1363 	 y_per100K = 7581.91	color=68
    totalcountdeaths    	 x = 2021-03-22 	 org_y = 35 	 y_per100K = 194.69	color=69

* Kern pop=887641 - last recorded values below:
    newcountconfirmed   	 x = 2021-03-22 	 org_y = 0 	 7day_avg_y_per100K = 3.32	color=70
    - predicted cross   	 y = -0.3558x+14.13 	 r^2=0.9652 	 daycross='2021-03-31'	color=71
    newcountdeaths      	 x = 2021-03-22 	 org_y = 0 	 7day_avg_y_per100K = 0.00	color=72
    totalcountconfirmed 	 x = 2021-03-22 	 org_y = 93675 	 y_per100K = 10553.25	color=73
    totalcountdeaths    	 x = 2021-03-22 	 org_y = 1178 	 y_per100K = 132.71	color=74

* Kings pop=150691 - last recorded values below:
    newcountconfirmed   	 x = 2021-03-22 	 org_y = 0 	 7day_avg_y_per100K = 7.49	color=75
    - predicted cross   	 y = -0.3124x+18.98 	 r^2=0.7596 	 daycross='2021-04-21'	color=76
    newcountdeaths      	 x = 2021-03-22 	 org_y = 0 	 7day_avg_y_per100K = 0.00	color=77
    totalcountconfirmed 	 x = 2021-03-22 	 org_y = 22433 	 y_per100K = 14886.76	color=78
    totalcountdeaths    	 x = 2021-03-22 	 org_y = 236 	 y_per100K = 156.61	color=79

* Lake pop=64195 - last recorded values below:
    newcountconfirmed   	 x = 2021-03-22 	 org_y = 0 	 7day_avg_y_per100K = 7.34	color=80
    - predicted cross   	 y = -0.2161x+12.23 	 r^2=0.6680 	 daycross='2021-04-17'	color=81
    newcountdeaths      	 x = 2021-03-22 	 org_y = 0 	 7day_avg_y_per100K = 0.00	color=82
    totalcountconfirmed 	 x = 2021-03-22 	 org_y = 3290 	 y_per100K = 5125.01	color=83
    totalcountdeaths    	 x = 2021-03-22 	 org_y = 43 	 y_per100K = 66.98	color=84

* Lassen pop=30818 - last recorded values below:
    newcountconfirmed   	 x = 2021-03-22 	 org_y = 0 	 7day_avg_y_per100K = 1.85	color=85
    - predicted cross   	 y = -0.5905x+14.19 	 r^2=0.7456 	 daycross='2021-03-16'	color=86
    newcountdeaths      	 x = 2021-03-22 	 org_y = 0 	 7day_avg_y_per100K = 0.00	color=87
    totalcountconfirmed 	 x = 2021-03-22 	 org_y = 5129 	 y_per100K = 16642.87	color=88
    totalcountdeaths    	 x = 2021-03-22 	 org_y = 1 	 y_per100K = 3.24	color=89

* Los Angeles pop=10081570 - last recorded values below:
    newcountconfirmed   	 x = 2021-03-22 	 org_y = 0 	 7day_avg_y_per100K = 2.73	color=90
    - predicted cross   	 y = -0.2275x+9.55 	 r^2=0.9504 	 daycross='2021-04-02'	color=91
    newcountdeaths      	 x = 2021-03-22 	 org_y = 0 	 7day_avg_y_per100K = 0.01	color=92
    totalcountconfirmed 	 x = 2021-03-22 	 org_y = 1176205 	 y_per100K = 11666.88	color=93
    totalcountdeaths    	 x = 2021-03-22 	 org_y = 22843 	 y_per100K = 226.58	color=94

* Madera pop=155433 - last recorded values below:
    newcountconfirmed   	 x = 2021-03-22 	 org_y = 0 	 7day_avg_y_per100K = 3.22	color=95
    - predicted cross   	 y = -0.4198x+18.34 	 r^2=0.8094 	 daycross='2021-04-04'	color=96
    newcountdeaths      	 x = 2021-03-22 	 org_y = 0 	 7day_avg_y_per100K = 0.00	color=97
    totalcountconfirmed 	 x = 2021-03-22 	 org_y = 15904 	 y_per100K = 10232.06	color=98
    totalcountdeaths    	 x = 2021-03-22 	 org_y = 210 	 y_per100K = 135.11	color=99

* Marin pop=259943 - last recorded values below:
    newcountconfirmed   	 x = 2021-03-22 	 org_y = 0 	 7day_avg_y_per100K = 3.57	color=100
    - predicted cross   	 y = -0.2370x+9.88 	 r^2=0.8415 	 daycross='2021-04-02'	color=101
    newcountdeaths      	 x = 2021-03-22 	 org_y = 0 	 7day_avg_y_per100K = 0.00	color=102
    totalcountconfirmed 	 x = 2021-03-22 	 org_y = 13501 	 y_per100K = 5193.83	color=103
    totalcountdeaths    	 x = 2021-03-22 	 org_y = 221 	 y_per100K = 85.02	color=104

* Mariposa pop=17420 - last recorded values below:
    newcountconfirmed   	 x = 2021-03-22 	 org_y = 0 	 7day_avg_y_per100K = 0.82	color=105
    - predicted cross   	 y = 0.0369x+1.11 	 r^2=0.1032 	 daycross='2021-01-21'	color=106
    newcountdeaths      	 x = 2021-03-22 	 org_y = 0 	 7day_avg_y_per100K = 0.00	color=107
    totalcountconfirmed 	 x = 2021-03-22 	 org_y = 381 	 y_per100K = 2187.14	color=108
    totalcountdeaths    	 x = 2021-03-22 	 org_y = 5 	 y_per100K = 28.70	color=109

* Mendocino pop=87224 - last recorded values below:
    newcountconfirmed   	 x = 2021-03-22 	 org_y = 0 	 7day_avg_y_per100K = 3.44	color=110
    - predicted cross   	 y = -0.0127x+4.88 	 r^2=0.0267 	 daycross='2022-03-11'	color=111
    newcountdeaths      	 x = 2021-03-22 	 org_y = 0 	 7day_avg_y_per100K = 0.00	color=112
    totalcountconfirmed 	 x = 2021-03-22 	 org_y = 3653 	 y_per100K = 4188.07	color=113
    totalcountdeaths    	 x = 2021-03-22 	 org_y = 45 	 y_per100K = 51.59	color=114

* Merced pop=271382 - last recorded values below:
    newcountconfirmed   	 x = 2021-03-22 	 org_y = 0 	 7day_avg_y_per100K = 5.42	color=115
    - predicted cross   	 y = -0.4453x+23.36 	 r^2=0.8312 	 daycross='2021-04-13'	color=116
    newcountdeaths      	 x = 2021-03-22 	 org_y = 0 	 7day_avg_y_per100K = 0.00	color=117
    totalcountconfirmed 	 x = 2021-03-22 	 org_y = 29468 	 y_per100K = 10858.49	color=118
    totalcountdeaths    	 x = 2021-03-22 	 org_y = 413 	 y_per100K = 152.18	color=119

* Modoc pop=8907 - last recorded values below:
    newcountconfirmed   	 x = 2021-03-22 	 org_y = 0 	 7day_avg_y_per100K = 0.00	color=120
    - predicted cross   	 y = -0.2601x+9.28 	 r^2=0.4871 	 daycross='2021-03-27'	color=121
    newcountdeaths      	 x = 2021-03-22 	 org_y = 0 	 7day_avg_y_per100K = 0.00	color=122
    totalcountconfirmed 	 x = 2021-03-22 	 org_y = 342 	 y_per100K = 3839.68	color=123
    totalcountdeaths    	 x = 2021-03-22 	 org_y = 3 	 y_per100K = 33.68	color=124

* Mono pop=14310 - last recorded values below:
    newcountconfirmed   	 x = 2021-03-22 	 org_y = 0 	 7day_avg_y_per100K = 11.98	color=125
    - predicted cross   	 y = 0.2481x+6.82 	 r^2=0.3458 	 daycross='2021-01-24'	color=126
    newcountdeaths      	 x = 2021-03-22 	 org_y = 0 	 7day_avg_y_per100K = 0.00	color=127
    totalcountconfirmed 	 x = 2021-03-22 	 org_y = 1263 	 y_per100K = 8826.00	color=128
    totalcountdeaths    	 x = 2021-03-22 	 org_y = 3 	 y_per100K = 20.96	color=129

* Monterey pop=433410 - last recorded values below:
    newcountconfirmed   	 x = 2021-03-22 	 org_y = 0 	 7day_avg_y_per100K = 3.40	color=130
    - predicted cross   	 y = -0.2807x+10.45 	 r^2=0.7798 	 daycross='2021-03-29'	color=131
    newcountdeaths      	 x = 2021-03-22 	 org_y = 0 	 7day_avg_y_per100K = 0.00	color=132
    totalcountconfirmed 	 x = 2021-03-22 	 org_y = 42161 	 y_per100K = 9727.74	color=133
    totalcountdeaths    	 x = 2021-03-22 	 org_y = 335 	 y_per100K = 77.29	color=134

* Napa pop=139623 - last recorded values below:
    newcountconfirmed   	 x = 2021-03-22 	 org_y = 0 	 7day_avg_y_per100K = 5.01	color=135
    - predicted cross   	 y = -0.2080x+11.28 	 r^2=0.6079 	 daycross='2021-04-15'	color=136
    newcountdeaths      	 x = 2021-03-22 	 org_y = 0 	 7day_avg_y_per100K = 0.00	color=137
    totalcountconfirmed 	 x = 2021-03-22 	 org_y = 9288 	 y_per100K = 6652.20	color=138
    totalcountdeaths    	 x = 2021-03-22 	 org_y = 77 	 y_per100K = 55.15	color=139

* Nevada pop=99244 - last recorded values below:
    newcountconfirmed   	 x = 2021-03-22 	 org_y = 0 	 7day_avg_y_per100K = 2.59	color=140
    - predicted cross   	 y = -0.2718x+13.06 	 r^2=0.8368 	 daycross='2021-04-09'	color=141
    newcountdeaths      	 x = 2021-03-22 	 org_y = 0 	 7day_avg_y_per100K = 0.00	color=142
    totalcountconfirmed 	 x = 2021-03-22 	 org_y = 4174 	 y_per100K = 4205.80	color=143
    totalcountdeaths    	 x = 2021-03-22 	 org_y = 89 	 y_per100K = 89.68	color=144

* Orange pop=3168044 - last recorded values below:
    newcountconfirmed   	 x = 2021-03-22 	 org_y = 0 	 7day_avg_y_per100K = 1.97	color=145
    - predicted cross   	 y = -0.1970x+7.75 	 r^2=0.9622 	 daycross='2021-03-31'	color=146
    newcountdeaths      	 x = 2021-03-22 	 org_y = 0 	 7day_avg_y_per100K = 0.00	color=147
    totalcountconfirmed 	 x = 2021-03-22 	 org_y = 248517 	 y_per100K = 7844.49	color=148
    totalcountdeaths    	 x = 2021-03-22 	 org_y = 4599 	 y_per100K = 145.17	color=149

* Placer pop=385512 - last recorded values below:
    newcountconfirmed   	 x = 2021-03-22 	 org_y = 0 	 7day_avg_y_per100K = 3.11	color=150
    - predicted cross   	 y = -0.0595x+8.65 	 r^2=0.1531 	 daycross='2021-07-15'	color=151
    newcountdeaths      	 x = 2021-03-22 	 org_y = 0 	 7day_avg_y_per100K = 0.00	color=152
    totalcountconfirmed 	 x = 2021-03-22 	 org_y = 20543 	 y_per100K = 5328.76	color=153
    totalcountdeaths    	 x = 2021-03-22 	 org_y = 242 	 y_per100K = 62.77	color=154

* Plumas pop=18660 - last recorded values below:
    newcountconfirmed   	 x = 2021-03-22 	 org_y = 0 	 7day_avg_y_per100K = 2.30	color=155
    - predicted cross   	 y = 0.1007x+2.60 	 r^2=0.5374 	 daycross='2021-01-26'	color=156
    newcountdeaths      	 x = 2021-03-22 	 org_y = 0 	 7day_avg_y_per100K = 0.00	color=157
    totalcountconfirmed 	 x = 2021-03-22 	 org_y = 652 	 y_per100K = 3494.11	color=158
    totalcountdeaths    	 x = 2021-03-22 	 org_y = 4 	 y_per100K = 21.44	color=159

* Riverside pop=2411439 - last recorded values below:
    newcountconfirmed   	 x = 2021-03-22 	 org_y = 0 	 7day_avg_y_per100K = 2.77	color=160
    - predicted cross   	 y = -0.2428x+10.20 	 r^2=0.9032 	 daycross='2021-04-03'	color=161
    newcountdeaths      	 x = 2021-03-22 	 org_y = 0 	 7day_avg_y_per100K = 0.00	color=162
    totalcountconfirmed 	 x = 2021-03-22 	 org_y = 282242 	 y_per100K = 11704.30	color=163
    totalcountdeaths    	 x = 2021-03-22 	 org_y = 4009 	 y_per100K = 166.25	color=164

* Sacramento pop=1524553 - last recorded values below:
    newcountconfirmed   	 x = 2021-03-22 	 org_y = 0 	 7day_avg_y_per100K = 5.18	color=165
    - predicted cross   	 y = -0.1814x+11.66 	 r^2=0.8600 	 daycross='2021-04-25'	color=166
    newcountdeaths      	 x = 2021-03-22 	 org_y = 0 	 7day_avg_y_per100K = 0.00	color=167
    totalcountconfirmed 	 x = 2021-03-22 	 org_y = 96385 	 y_per100K = 6322.18	color=168
    totalcountdeaths    	 x = 2021-03-22 	 org_y = 1493 	 y_per100K = 97.93	color=169

* San Benito pop=60376 - last recorded values below:
    newcountconfirmed   	 x = 2021-03-22 	 org_y = 0 	 7day_avg_y_per100K = 2.84	color=170
    - predicted cross   	 y = -0.2166x+10.58 	 r^2=0.6555 	 daycross='2021-04-09'	color=171
    newcountdeaths      	 x = 2021-03-22 	 org_y = 0 	 7day_avg_y_per100K = 0.00	color=172
    totalcountconfirmed 	 x = 2021-03-22 	 org_y = 5844 	 y_per100K = 9679.34	color=173
    totalcountdeaths    	 x = 2021-03-22 	 org_y = 61 	 y_per100K = 101.03	color=174

* San Bernardino pop=2149031 - last recorded values below:
    newcountconfirmed   	 x = 2021-03-22 	 org_y = 0 	 7day_avg_y_per100K = 2.35	color=175
    - predicted cross   	 y = -0.2222x+9.05 	 r^2=0.9626 	 daycross='2021-04-01'	color=176
    newcountdeaths      	 x = 2021-03-22 	 org_y = 0 	 7day_avg_y_per100K = 0.00	color=177
    totalcountconfirmed 	 x = 2021-03-22 	 org_y = 284771 	 y_per100K = 13251.14	color=178
    totalcountdeaths    	 x = 2021-03-22 	 org_y = 4107 	 y_per100K = 191.11	color=179

* San Diego pop=3316073 - last recorded values below:
    newcountconfirmed   	 x = 2021-03-22 	 org_y = 0 	 7day_avg_y_per100K = 2.52	color=180
    - predicted cross   	 y = -0.2824x+11.65 	 r^2=0.9870 	 daycross='2021-04-02'	color=181
    newcountdeaths      	 x = 2021-03-22 	 org_y = 0 	 7day_avg_y_per100K = 0.00	color=182
    totalcountconfirmed 	 x = 2021-03-22 	 org_y = 267913 	 y_per100K = 8079.23	color=183
    totalcountdeaths    	 x = 2021-03-22 	 org_y = 3494 	 y_per100K = 105.37	color=184

* San Francisco pop=874961 - last recorded values below:
    newcountconfirmed   	 x = 2021-03-22 	 org_y = 0 	 7day_avg_y_per100K = 2.11	color=185
    - predicted cross   	 y = -0.1742x+7.05 	 r^2=0.9559 	 daycross='2021-04-01'	color=186
    newcountdeaths      	 x = 2021-03-22 	 org_y = 0 	 7day_avg_y_per100K = 0.00	color=187
    totalcountconfirmed 	 x = 2021-03-22 	 org_y = 35040 	 y_per100K = 4004.75	color=188
    totalcountdeaths    	 x = 2021-03-22 	 org_y = 462 	 y_per100K = 52.80	color=189

* San Joaquin pop=742603 - last recorded values below:
    newcountconfirmed   	 x = 2021-03-22 	 org_y = 0 	 7day_avg_y_per100K = 6.68	color=190
    - predicted cross   	 y = -0.1253x+13.71 	 r^2=0.6128 	 daycross='2021-06-09'	color=191
    newcountdeaths      	 x = 2021-03-22 	 org_y = 0 	 7day_avg_y_per100K = 0.00	color=192
    totalcountconfirmed 	 x = 2021-03-22 	 org_y = 67815 	 y_per100K = 9132.07	color=193
    totalcountdeaths    	 x = 2021-03-22 	 org_y = 1182 	 y_per100K = 159.17	color=194

* San Luis Obispo pop=282165 - last recorded values below:
    newcountconfirmed   	 x = 2021-03-22 	 org_y = 0 	 7day_avg_y_per100K = 5.87	color=195
    - predicted cross   	 y = -0.2178x+12.50 	 r^2=0.7207 	 daycross='2021-04-18'	color=196
    newcountdeaths      	 x = 2021-03-22 	 org_y = 0 	 7day_avg_y_per100K = 0.00	color=197
    totalcountconfirmed 	 x = 2021-03-22 	 org_y = 20000 	 y_per100K = 7088.05	color=198
    totalcountdeaths    	 x = 2021-03-22 	 org_y = 250 	 y_per100K = 88.60	color=199

* San Mateo pop=767423 - last recorded values below:
    newcountconfirmed   	 x = 2021-03-22 	 org_y = 0 	 7day_avg_y_per100K = 3.41	color=200
    - predicted cross   	 y = -0.1575x+8.10 	 r^2=0.9249 	 daycross='2021-04-12'	color=201
    newcountdeaths      	 x = 2021-03-22 	 org_y = 0 	 7day_avg_y_per100K = 0.00	color=202
    totalcountconfirmed 	 x = 2021-03-22 	 org_y = 40024 	 y_per100K = 5215.38	color=203
    totalcountdeaths    	 x = 2021-03-22 	 org_y = 348 	 y_per100K = 45.35	color=204

* Santa Barbara pop=444829 - last recorded values below:
    newcountconfirmed   	 x = 2021-03-22 	 org_y = 0 	 7day_avg_y_per100K = 3.12	color=205
    - predicted cross   	 y = -0.4038x+15.56 	 r^2=0.9819 	 daycross='2021-03-30'	color=206
    newcountdeaths      	 x = 2021-03-22 	 org_y = 0 	 7day_avg_y_per100K = 0.00	color=207
    totalcountconfirmed 	 x = 2021-03-22 	 org_y = 32756 	 y_per100K = 7363.73	color=208
    totalcountdeaths    	 x = 2021-03-22 	 org_y = 437 	 y_per100K = 98.24	color=209

* Santa Clara pop=1927470 - last recorded values below:
    newcountconfirmed   	 x = 2021-03-22 	 org_y = 0 	 7day_avg_y_per100K = 3.62	color=210
    - predicted cross   	 y = -0.2670x+11.69 	 r^2=0.9519 	 daycross='2021-04-04'	color=211
    newcountdeaths      	 x = 2021-03-22 	 org_y = 0 	 7day_avg_y_per100K = 0.00	color=212
    totalcountconfirmed 	 x = 2021-03-22 	 org_y = 113575 	 y_per100K = 5892.44	color=213
    totalcountdeaths    	 x = 2021-03-22 	 org_y = 1845 	 y_per100K = 95.72	color=214

* Santa Cruz pop=273962 - last recorded values below:
    newcountconfirmed   	 x = 2021-03-22 	 org_y = 0 	 7day_avg_y_per100K = 1.41	color=215
    - predicted cross   	 y = -0.1676x+8.21 	 r^2=0.8736 	 daycross='2021-04-09'	color=216
    newcountdeaths      	 x = 2021-03-22 	 org_y = 0 	 7day_avg_y_per100K = 0.00	color=217
    totalcountconfirmed 	 x = 2021-03-22 	 org_y = 15077 	 y_per100K = 5503.32	color=218
    totalcountdeaths    	 x = 2021-03-22 	 org_y = 201 	 y_per100K = 73.37	color=219

* Shasta pop=179212 - last recorded values below:
    newcountconfirmed   	 x = 2021-03-22 	 org_y = 0 	 7day_avg_y_per100K = 3.59	color=220
    - predicted cross   	 y = -0.1907x+8.93 	 r^2=0.7987 	 daycross='2021-04-07'	color=221
    newcountdeaths      	 x = 2021-03-22 	 org_y = 0 	 7day_avg_y_per100K = 0.00	color=222
    totalcountconfirmed 	 x = 2021-03-22 	 org_y = 11218 	 y_per100K = 6259.63	color=223
    totalcountdeaths    	 x = 2021-03-22 	 org_y = 150 	 y_per100K = 83.70	color=224

* Sierra pop=3040 - last recorded values below:
    newcountconfirmed   	 x = 2021-03-22 	 org_y = 0 	 7day_avg_y_per100K = 0.00	color=225
    - predicted cross   	 y = -0.0847x+3.26 	 r^2=0.0991 	 daycross='2021-03-30'	color=226
    newcountdeaths      	 x = 2021-03-22 	 org_y = 0 	 7day_avg_y_per100K = 0.00	color=227
    totalcountconfirmed 	 x = 2021-03-22 	 org_y = 50 	 y_per100K = 1644.74	color=228
    totalcountdeaths    	 x = 2021-03-22 	 org_y = 0 	 y_per100K = 0.00	color=229

* Siskiyou pop=43468 - last recorded values below:
    newcountconfirmed   	 x = 2021-03-22 	 org_y = 0 	 7day_avg_y_per100K = 1.31	color=230
    - predicted cross   	 y = -0.3349x+12.84 	 r^2=0.9314 	 daycross='2021-03-30'	color=231
    newcountdeaths      	 x = 2021-03-22 	 org_y = 0 	 7day_avg_y_per100K = 0.00	color=232
    totalcountconfirmed 	 x = 2021-03-22 	 org_y = 1487 	 y_per100K = 3420.91	color=233
    totalcountdeaths    	 x = 2021-03-22 	 org_y = 5 	 y_per100K = 11.50	color=234

* Solano pop=441829 - last recorded values below:
    newcountconfirmed   	 x = 2021-03-22 	 org_y = 0 	 7day_avg_y_per100K = 3.36	color=235
    - predicted cross   	 y = -0.1869x+9.61 	 r^2=0.8835 	 daycross='2021-04-12'	color=236
    newcountdeaths      	 x = 2021-03-22 	 org_y = 0 	 7day_avg_y_per100K = 0.00	color=237
    totalcountconfirmed 	 x = 2021-03-22 	 org_y = 30490 	 y_per100K = 6900.86	color=238
    totalcountdeaths    	 x = 2021-03-22 	 org_y = 171 	 y_per100K = 38.70	color=239

* Sonoma pop=499772 - last recorded values below:
    newcountconfirmed   	 x = 2021-03-22 	 org_y = 0 	 7day_avg_y_per100K = 3.03	color=240
    - predicted cross   	 y = -0.2922x+12.63 	 r^2=0.9804 	 daycross='2021-04-04'	color=241
    newcountdeaths      	 x = 2021-03-22 	 org_y = 0 	 7day_avg_y_per100K = 0.00	color=242
    totalcountconfirmed 	 x = 2021-03-22 	 org_y = 29010 	 y_per100K = 5804.65	color=243
    totalcountdeaths    	 x = 2021-03-22 	 org_y = 310 	 y_per100K = 62.03	color=244

* Stanislaus pop=543194 - last recorded values below:
    newcountconfirmed   	 x = 2021-03-22 	 org_y = 0 	 7day_avg_y_per100K = 5.84	color=245
    - predicted cross   	 y = -0.2693x+17.59 	 r^2=0.7742 	 daycross='2021-04-26'	color=246
    newcountdeaths      	 x = 2021-03-22 	 org_y = 0 	 7day_avg_y_per100K = 0.00	color=247
    totalcountconfirmed 	 x = 2021-03-22 	 org_y = 52083 	 y_per100K = 9588.29	color=248
    totalcountdeaths    	 x = 2021-03-22 	 org_y = 677 	 y_per100K = 124.63	color=249

* Sutter pop=96109 - last recorded values below:
    newcountconfirmed   	 x = 2021-03-22 	 org_y = 0 	 7day_avg_y_per100K = 3.42	color=250
    - predicted cross   	 y = -0.2612x+13.78 	 r^2=0.9233 	 daycross='2021-04-13'	color=251
    newcountdeaths      	 x = 2021-03-22 	 org_y = 0 	 7day_avg_y_per100K = 0.00	color=252
    totalcountconfirmed 	 x = 2021-03-22 	 org_y = 9024 	 y_per100K = 9389.34	color=253
    totalcountdeaths    	 x = 2021-03-22 	 org_y = 104 	 y_per100K = 108.21	color=254

* Tehama pop=63912 - last recorded values below:
    newcountconfirmed   	 x = 2021-03-22 	 org_y = 0 	 7day_avg_y_per100K = 5.36	color=255
    - predicted cross   	 y = 0.0417x+7.61 	 r^2=0.0696 	 daycross='2020-08-22'	color=256
    newcountdeaths      	 x = 2021-03-22 	 org_y = 0 	 7day_avg_y_per100K = 0.00	color=257
    totalcountconfirmed 	 x = 2021-03-22 	 org_y = 4704 	 y_per100K = 7360.12	color=258
    totalcountdeaths    	 x = 2021-03-22 	 org_y = 45 	 y_per100K = 70.41	color=259

* Trinity pop=12700 - last recorded values below:
    newcountconfirmed   	 x = 2021-03-22 	 org_y = 0 	 7day_avg_y_per100K = 1.12	color=260
    - predicted cross   	 y = -0.1862x+5.85 	 r^2=0.3829 	 daycross='2021-03-23'	color=261
    newcountdeaths      	 x = 2021-03-22 	 org_y = 0 	 7day_avg_y_per100K = 0.00	color=262
    totalcountconfirmed 	 x = 2021-03-22 	 org_y = 310 	 y_per100K = 2440.94	color=263
    totalcountdeaths    	 x = 2021-03-22 	 org_y = 3 	 y_per100K = 23.62	color=264

* Tulare pop=461898 - last recorded values below:
    newcountconfirmed   	 x = 2021-03-22 	 org_y = 0 	 7day_avg_y_per100K = 3.84	color=265
    - predicted cross   	 y = -0.3155x+13.46 	 r^2=0.9749 	 daycross='2021-04-03'	color=266
    newcountdeaths      	 x = 2021-03-22 	 org_y = 0 	 7day_avg_y_per100K = 0.03	color=267
    totalcountconfirmed 	 x = 2021-03-22 	 org_y = 48074 	 y_per100K = 10407.93	color=268
    totalcountdeaths    	 x = 2021-03-22 	 org_y = 807 	 y_per100K = 174.71	color=269

* Tuolumne pop=54045 - last recorded values below:
    newcountconfirmed   	 x = 2021-03-22 	 org_y = 0 	 7day_avg_y_per100K = 2.38	color=270
    - predicted cross   	 y = -0.6125x+16.52 	 r^2=0.6873 	 daycross='2021-03-18'	color=271
    newcountdeaths      	 x = 2021-03-22 	 org_y = 0 	 7day_avg_y_per100K = 0.00	color=272
    totalcountconfirmed 	 x = 2021-03-22 	 org_y = 3954 	 y_per100K = 7316.13	color=273
    totalcountdeaths    	 x = 2021-03-22 	 org_y = 57 	 y_per100K = 105.47	color=274

* Ventura pop=847263 - last recorded values below:
    newcountconfirmed   	 x = 2021-03-22 	 org_y = 0 	 7day_avg_y_per100K = 4.40	color=275
    - predicted cross   	 y = -0.3835x+15.53 	 r^2=0.9845 	 daycross='2021-04-01'	color=276
    newcountdeaths      	 x = 2021-03-22 	 org_y = 0 	 7day_avg_y_per100K = 0.00	color=277
    totalcountconfirmed 	 x = 2021-03-22 	 org_y = 78890 	 y_per100K = 9311.16	color=278
    totalcountdeaths    	 x = 2021-03-22 	 org_y = 927 	 y_per100K = 109.41	color=279

* Yolo pop=217352 - last recorded values below:
    newcountconfirmed   	 x = 2021-03-22 	 org_y = 0 	 7day_avg_y_per100K = 4.21	color=280
    - predicted cross   	 y = -0.2048x+10.36 	 r^2=0.8362 	 daycross='2021-04-11'	color=281
    newcountdeaths      	 x = 2021-03-22 	 org_y = 0 	 7day_avg_y_per100K = 0.00	color=282
    totalcountconfirmed 	 x = 2021-03-22 	 org_y = 13243 	 y_per100K = 6092.88	color=283
    totalcountdeaths    	 x = 2021-03-22 	 org_y = 190 	 y_per100K = 87.42	color=284

* Yuba pop=76360 - last recorded values below:
    newcountconfirmed   	 x = 2021-03-22 	 org_y = 0 	 7day_avg_y_per100K = 2.43	color=285
    - predicted cross   	 y = -0.2789x+14.41 	 r^2=0.6474 	 daycross='2021-04-12'	color=286
    newcountdeaths      	 x = 2021-03-22 	 org_y = 0 	 7day_avg_y_per100K = 0.00	color=287
    totalcountconfirmed 	 x = 2021-03-22 	 org_y = 5627 	 y_per100K = 7369.04	color=288
    totalcountdeaths    	 x = 2021-03-22 	 org_y = 42 	 y_per100K = 55.00	color=289

size of type & div type(div)=<class 'str'> len(div)=3305709

- plotting end
